{"C:\\Users\\Vinicius\\Supermercado\\backend\\src\\app.controller.ts": {"path":"C:\\Users\\Vinicius\\Supermercado\\backend\\src\\app.controller.ts","statementMap":{"0":{"start":{"line":1,"column":0},"end":{"line":1,"column":49}},"1":{"start":{"line":2,"column":0},"end":{"line":2,"column":43}},"2":{"start":{"line":3,"column":0},"end":{"line":3,"column":68}},"3":{"start":{"line":6,"column":7},"end":{"line":14,"column":null}},"4":{"start":{"line":7,"column":31},"end":{"line":7,"column":43}},"5":{"start":{"line":12,"column":4},"end":{"line":12,"column":38}},"6":{"start":{"line":6,"column":13},"end":{"line":6,"column":26}},"7":{"start":{"line":11,"column":2},"end":{"line":13,"column":null}},"8":{"start":{"line":6,"column":13},"end":{"line":14,"column":null}}},"fnMap":{"0":{"name":"(anonymous_2)","decl":{"start":{"line":7,"column":2},"end":{"line":7,"column":31}},"loc":{"start":{"line":7,"column":53},"end":{"line":7,"column":57}}},"1":{"name":"(anonymous_3)","decl":{"start":{"line":11,"column":2},"end":{"line":11,"column":10}},"loc":{"start":{"line":11,"column":10},"end":{"line":13,"column":3}}}},"branchMap":{"0":{"loc":{"start":{"line":7,"column":43},"end":{"line":7,"column":56}},"type":"cond-expr","locations":[{"start":{"line":7,"column":53},"end":{"line":7,"column":56}},{"start":{"line":7,"column":53},"end":{"line":7,"column":56}}]},"1":{"loc":{"start":{"line":7,"column":43},"end":{"line":7,"column":53}},"type":"binary-expr","locations":[{"start":{"line":7,"column":43},"end":{"line":7,"column":56}},{"start":{"line":7,"column":43},"end":{"line":7,"column":53}}]}},"s":{"0":2,"1":2,"2":2,"3":2,"4":2,"5":1,"6":2,"7":2,"8":2},"f":{"0":2,"1":1},"b":{"0":[2,0],"1":[2,2]}}
,"C:\\Users\\Vinicius\\Supermercado\\backend\\src\\app.module.ts": {"path":"C:\\Users\\Vinicius\\Supermercado\\backend\\src\\app.module.ts","statementMap":{"0":{"start":{"line":1,"column":0},"end":{"line":1,"column":40}},"1":{"start":{"line":2,"column":0},"end":{"line":2,"column":41}},"2":{"start":{"line":3,"column":0},"end":{"line":3,"column":42}},"3":{"start":{"line":4,"column":0},"end":{"line":4,"column":49}},"4":{"start":{"line":5,"column":0},"end":{"line":5,"column":87}},"5":{"start":{"line":6,"column":0},"end":{"line":6,"column":43}},"6":{"start":{"line":7,"column":0},"end":{"line":7,"column":78}},"7":{"start":{"line":8,"column":0},"end":{"line":8,"column":71}},"8":{"start":{"line":9,"column":0},"end":{"line":9,"column":69}},"9":{"start":{"line":10,"column":0},"end":{"line":10,"column":65}},"10":{"start":{"line":11,"column":0},"end":{"line":11,"column":69}},"11":{"start":{"line":12,"column":0},"end":{"line":12,"column":63}},"12":{"start":{"line":13,"column":0},"end":{"line":13,"column":75}},"13":{"start":{"line":14,"column":0},"end":{"line":14,"column":73}},"14":{"start":{"line":15,"column":0},"end":{"line":15,"column":65}},"15":{"start":{"line":16,"column":0},"end":{"line":16,"column":61}},"16":{"start":{"line":17,"column":0},"end":{"line":17,"column":65}},"17":{"start":{"line":18,"column":0},"end":{"line":18,"column":63}},"18":{"start":{"line":19,"column":0},"end":{"line":19,"column":73}},"19":{"start":{"line":20,"column":0},"end":{"line":20,"column":78}},"20":{"start":{"line":21,"column":0},"end":{"line":21,"column":72}},"21":{"start":{"line":22,"column":0},"end":{"line":22,"column":67}},"22":{"start":{"line":23,"column":0},"end":{"line":23,"column":52}},"23":{"start":{"line":24,"column":0},"end":{"line":24,"column":88}},"24":{"start":{"line":76,"column":7},"end":{"line":76,"column":null}},"25":{"start":{"line":76,"column":13},"end":{"line":76,"column":22}},"26":{"start":{"line":76,"column":13},"end":{"line":76,"column":null}}},"fnMap":{},"branchMap":{"0":{"loc":{"start":{"line":45,"column":14},"end":{"line":45,"column":51}},"type":"binary-expr","locations":[{"start":{"line":45,"column":14},"end":{"line":45,"column":36}},{"start":{"line":45,"column":40},"end":{"line":45,"column":51}}]},"1":{"loc":{"start":{"line":46,"column":14},"end":{"line":46,"column":52}},"type":"binary-expr","locations":[{"start":{"line":46,"column":14},"end":{"line":46,"column":44}},{"start":{"line":46,"column":48},"end":{"line":46,"column":52}}]}},"s":{"0":1,"1":1,"2":1,"3":1,"4":1,"5":1,"6":1,"7":1,"8":1,"9":1,"10":1,"11":1,"12":1,"13":1,"14":1,"15":1,"16":1,"17":1,"18":1,"19":1,"20":1,"21":1,"22":1,"23":1,"24":1,"25":1,"26":1},"f":{},"b":{"0":[1,0],"1":[1,0]}}
,"C:\\Users\\Vinicius\\Supermercado\\backend\\src\\app.service.ts": {"path":"C:\\Users\\Vinicius\\Supermercado\\backend\\src\\app.service.ts","statementMap":{"0":{"start":{"line":1,"column":0},"end":{"line":1,"column":44}},"1":{"start":{"line":4,"column":7},"end":{"line":8,"column":null}},"2":{"start":{"line":6,"column":4},"end":{"line":6,"column":26}},"3":{"start":{"line":4,"column":13},"end":{"line":4,"column":23}},"4":{"start":{"line":4,"column":13},"end":{"line":8,"column":null}}},"fnMap":{"0":{"name":"(anonymous_1)","decl":{"start":{"line":5,"column":2},"end":{"line":5,"column":10}},"loc":{"start":{"line":5,"column":10},"end":{"line":7,"column":3}}}},"branchMap":{},"s":{"0":2,"1":2,"2":1,"3":2,"4":2},"f":{"0":1},"b":{}}
,"C:\\Users\\Vinicius\\Supermercado\\backend\\src\\generate-swagger.ts": {"path":"C:\\Users\\Vinicius\\Supermercado\\backend\\src\\generate-swagger.ts","statementMap":{"0":{"start":{"line":1,"column":0},"end":{"line":1,"column":43}},"1":{"start":{"line":2,"column":0},"end":{"line":2,"column":65}},"2":{"start":{"line":3,"column":0},"end":{"line":3,"column":41}},"3":{"start":{"line":4,"column":0},"end":{"line":4,"column":25}},"4":{"start":{"line":5,"column":0},"end":{"line":5,"column":29}},"5":{"start":{"line":12,"column":14},"end":{"line":12,"column":68}},"6":{"start":{"line":14,"column":17},"end":{"line":34,"column":12}},"7":{"start":{"line":36,"column":19},"end":{"line":36,"column":60}},"8":{"start":{"line":38,"column":21},"end":{"line":38,"column":69}},"9":{"start":{"line":39,"column":2},"end":{"line":39,"column":75}},"10":{"start":{"line":41,"column":2},"end":{"line":41,"column":74}},"11":{"start":{"line":42,"column":2},"end":{"line":42,"column":20}},"12":{"start":{"line":45,"column":0},"end":{"line":45,"column":18}}},"fnMap":{"0":{"name":"generateSwagger","decl":{"start":{"line":11,"column":15},"end":{"line":11,"column":30}},"loc":{"start":{"line":11,"column":30},"end":{"line":43,"column":1}}}},"branchMap":{},"s":{"0":0,"1":0,"2":0,"3":0,"4":0,"5":0,"6":0,"7":0,"8":0,"9":0,"10":0,"11":0,"12":0},"f":{"0":0},"b":{}}
,"C:\\Users\\Vinicius\\Supermercado\\backend\\src\\main.ts": {"path":"C:\\Users\\Vinicius\\Supermercado\\backend\\src\\main.ts","statementMap":{"0":{"start":{"line":1,"column":0},"end":{"line":1,"column":23}},"1":{"start":{"line":2,"column":0},"end":{"line":2,"column":54}},"2":{"start":{"line":3,"column":0},"end":{"line":3,"column":43}},"3":{"start":{"line":4,"column":0},"end":{"line":4,"column":48}},"4":{"start":{"line":5,"column":0},"end":{"line":5,"column":65}},"5":{"start":{"line":6,"column":0},"end":{"line":6,"column":41}},"6":{"start":{"line":7,"column":0},"end":{"line":7,"column":41}},"7":{"start":{"line":8,"column":0},"end":{"line":8,"column":92}},"8":{"start":{"line":13,"column":14},"end":{"line":13,"column":27}},"9":{"start":{"line":14,"column":2},"end":{"line":14,"column":46}},"10":{"start":{"line":16,"column":14},"end":{"line":16,"column":49}},"11":{"start":{"line":20,"column":2},"end":{"line":20,"column":26}},"12":{"start":{"line":21,"column":2},"end":{"line":25,"column":5}},"13":{"start":{"line":26,"column":2},"end":{"line":26,"column":62}},"14":{"start":{"line":27,"column":2},"end":{"line":27,"column":52}},"15":{"start":{"line":29,"column":17},"end":{"line":34,"column":12}},"16":{"start":{"line":35,"column":19},"end":{"line":35,"column":60}},"17":{"start":{"line":36,"column":2},"end":{"line":36,"column":44}},"18":{"start":{"line":38,"column":2},"end":{"line":38,"column":29}},"19":{"start":{"line":40,"column":0},"end":{"line":40,"column":12}}},"fnMap":{"0":{"name":"bootstrap","decl":{"start":{"line":10,"column":15},"end":{"line":10,"column":24}},"loc":{"start":{"line":10,"column":24},"end":{"line":39,"column":1}}}},"branchMap":{},"s":{"0":0,"1":0,"2":0,"3":0,"4":0,"5":0,"6":0,"7":0,"8":0,"9":0,"10":0,"11":0,"12":0,"13":0,"14":0,"15":0,"16":0,"17":0,"18":0,"19":0},"f":{"0":0},"b":{}}
,"C:\\Users\\Vinicius\\Supermercado\\backend\\src\\config\\env.validation.ts": {"path":"C:\\Users\\Vinicius\\Supermercado\\backend\\src\\config\\env.validation.ts","statementMap":{"0":{"start":{"line":29,"column":0},"end":{"line":29,"column":16}},"1":{"start":{"line":30,"column":28},"end":{"line":30,"column":30}},"2":{"start":{"line":32,"column":23},"end":{"line":32,"column":47}},"3":{"start":{"line":33,"column":2},"end":{"line":33,"column":50}},"4":{"start":{"line":33,"column":21},"end":{"line":33,"column":50}},"5":{"start":{"line":35,"column":21},"end":{"line":35,"column":43}},"6":{"start":{"line":36,"column":2},"end":{"line":36,"column":46}},"7":{"start":{"line":36,"column":19},"end":{"line":36,"column":46}},"8":{"start":{"line":38,"column":2},"end":{"line":45,"column":3}},"9":{"start":{"line":39,"column":4},"end":{"line":44,"column":6}},"10":{"start":{"line":42,"column":25},"end":{"line":42,"column":35}},"11":{"start":{"line":48,"column":21},"end":{"line":48,"column":58}},"12":{"start":{"line":49,"column":21},"end":{"line":49,"column":59}},"13":{"start":{"line":50,"column":15},"end":{"line":50,"column":47}},"14":{"start":{"line":53,"column":21},"end":{"line":53,"column":75}},"15":{"start":{"line":54,"column":26},"end":{"line":54,"column":84}},"16":{"start":{"line":54,"column":59},"end":{"line":54,"column":67}},"17":{"start":{"line":56,"column":2},"end":{"line":63,"column":4}}},"fnMap":{"0":{"name":"validateEnv","decl":{"start":{"line":29,"column":16},"end":{"line":29,"column":27}},"loc":{"start":{"line":29,"column":27},"end":{"line":64,"column":1}}},"1":{"name":"(anonymous_1)","decl":{"start":{"line":42,"column":18},"end":{"line":42,"column":19}},"loc":{"start":{"line":42,"column":25},"end":{"line":42,"column":35}}},"2":{"name":"(anonymous_2)","decl":{"start":{"line":54,"column":52},"end":{"line":54,"column":53}},"loc":{"start":{"line":54,"column":59},"end":{"line":54,"column":67}}}},"branchMap":{"0":{"loc":{"start":{"line":33,"column":2},"end":{"line":33,"column":50}},"type":"if","locations":[{"start":{"line":33,"column":2},"end":{"line":33,"column":50}},{"start":{},"end":{}}]},"1":{"loc":{"start":{"line":36,"column":2},"end":{"line":36,"column":46}},"type":"if","locations":[{"start":{"line":36,"column":2},"end":{"line":36,"column":46}},{"start":{},"end":{}}]},"2":{"loc":{"start":{"line":38,"column":2},"end":{"line":45,"column":3}},"type":"if","locations":[{"start":{"line":38,"column":2},"end":{"line":45,"column":3}},{"start":{},"end":{}}]},"3":{"loc":{"start":{"line":48,"column":21},"end":{"line":48,"column":58}},"type":"binary-expr","locations":[{"start":{"line":48,"column":21},"end":{"line":48,"column":43}},{"start":{"line":48,"column":47},"end":{"line":48,"column":58}}]},"4":{"loc":{"start":{"line":49,"column":28},"end":{"line":49,"column":58}},"type":"binary-expr","locations":[{"start":{"line":49,"column":28},"end":{"line":49,"column":50}},{"start":{"line":49,"column":54},"end":{"line":49,"column":58}}]},"5":{"loc":{"start":{"line":50,"column":22},"end":{"line":50,"column":46}},"type":"binary-expr","locations":[{"start":{"line":50,"column":22},"end":{"line":50,"column":38}},{"start":{"line":50,"column":42},"end":{"line":50,"column":46}}]},"6":{"loc":{"start":{"line":53,"column":21},"end":{"line":53,"column":75}},"type":"binary-expr","locations":[{"start":{"line":53,"column":21},"end":{"line":53,"column":48}},{"start":{"line":53,"column":52},"end":{"line":53,"column":75}}]}},"s":{"0":1,"1":7,"2":7,"3":7,"4":3,"5":7,"6":7,"7":3,"8":7,"9":4,"10":6,"11":3,"12":3,"13":3,"14":3,"15":3,"16":4,"17":3},"f":{"0":7,"1":6,"2":4},"b":{"0":[3,4],"1":[3,4],"2":[4,3],"3":[3,2],"4":[3,2],"5":[3,2],"6":[3,2]}}
,"C:\\Users\\Vinicius\\Supermercado\\backend\\src\\config\\seed-password.ts": {"path":"C:\\Users\\Vinicius\\Supermercado\\backend\\src\\config\\seed-password.ts","statementMap":{"0":{"start":{"line":32,"column":0},"end":{"line":32,"column":16}},"1":{"start":{"line":17,"column":29},"end":{"line":17,"column":46}},"2":{"start":{"line":33,"column":18},"end":{"line":33,"column":55}},"3":{"start":{"line":34,"column":16},"end":{"line":34,"column":41}},"4":{"start":{"line":37,"column":2},"end":{"line":39,"column":3}},"5":{"start":{"line":38,"column":4},"end":{"line":38,"column":64}},"6":{"start":{"line":42,"column":2},"end":{"line":51,"column":3}},"7":{"start":{"line":43,"column":4},"end":{"line":49,"column":6}},"8":{"start":{"line":50,"column":4},"end":{"line":50,"column":59}},"9":{"start":{"line":54,"column":2},"end":{"line":62,"column":4}}},"fnMap":{"0":{"name":"resolveSeedPassword","decl":{"start":{"line":32,"column":16},"end":{"line":32,"column":35}},"loc":{"start":{"line":32,"column":35},"end":{"line":63,"column":1}}}},"branchMap":{"0":{"loc":{"start":{"line":33,"column":18},"end":{"line":33,"column":55}},"type":"binary-expr","locations":[{"start":{"line":33,"column":18},"end":{"line":33,"column":38}},{"start":{"line":33,"column":42},"end":{"line":33,"column":55}}]},"1":{"loc":{"start":{"line":37,"column":2},"end":{"line":39,"column":3}},"type":"if","locations":[{"start":{"line":37,"column":2},"end":{"line":39,"column":3}},{"start":{},"end":{}}]},"2":{"loc":{"start":{"line":42,"column":2},"end":{"line":51,"column":3}},"type":"if","locations":[{"start":{"line":42,"column":2},"end":{"line":51,"column":3}},{"start":{},"end":{}}]}},"s":{"0":1,"1":1,"2":9,"3":9,"4":9,"5":4,"6":5,"7":2,"8":2,"9":3},"f":{"0":9},"b":{"0":[9,1],"1":[4,5],"2":[2,3]}}
,"C:\\Users\\Vinicius\\Supermercado\\backend\\src\\core\\domain\\adjustment\\adjustment.rules.ts": {"path":"C:\\Users\\Vinicius\\Supermercado\\backend\\src\\core\\domain\\adjustment\\adjustment.rules.ts","statementMap":{"0":{"start":{"line":29,"column":0},"end":{"line":29,"column":16}},"1":{"start":{"line":34,"column":23},"end":{"line":34,"column":76}},"2":{"start":{"line":36,"column":2},"end":{"line":38,"column":3}},"3":{"start":{"line":37,"column":4},"end":{"line":37,"column":34}},"4":{"start":{"line":40,"column":2},"end":{"line":40,"column":18}}},"fnMap":{"0":{"name":"calcularNivelAprovacaoExigido","decl":{"start":{"line":29,"column":16},"end":{"line":29,"column":45}},"loc":{"start":{"line":32,"column":22},"end":{"line":41,"column":1}}}},"branchMap":{"0":{"loc":{"start":{"line":34,"column":23},"end":{"line":34,"column":76}},"type":"cond-expr","locations":[{"start":{"line":34,"column":42},"end":{"line":34,"column":72}},{"start":{"line":34,"column":75},"end":{"line":34,"column":76}}]},"1":{"loc":{"start":{"line":36,"column":2},"end":{"line":38,"column":3}},"type":"if","locations":[{"start":{"line":36,"column":2},"end":{"line":38,"column":3}},{"start":{},"end":{}}]},"2":{"loc":{"start":{"line":36,"column":6},"end":{"line":36,"column":66}},"type":"binary-expr","locations":[{"start":{"line":36,"column":6},"end":{"line":36,"column":35}},{"start":{"line":36,"column":39},"end":{"line":36,"column":66}}]}},"s":{"0":6,"1":68,"2":68,"3":45,"4":23},"f":{"0":68},"b":{"0":[55,13],"1":[45,23],"2":[68,36]}}
,"C:\\Users\\Vinicius\\Supermercado\\backend\\src\\core\\exceptions\\domain.exception.ts": {"path":"C:\\Users\\Vinicius\\Supermercado\\backend\\src\\core\\exceptions\\domain.exception.ts","statementMap":{"0":{"start":{"line":12,"column":4},"end":{"line":12,"column":19}},"1":{"start":{"line":13,"column":4},"end":{"line":13,"column":34}},"2":{"start":{"line":10,"column":0},"end":{"line":10,"column":13}},"3":{"start":{"line":22,"column":4},"end":{"line":22,"column":19}},"4":{"start":{"line":23,"column":4},"end":{"line":23,"column":36}},"5":{"start":{"line":20,"column":0},"end":{"line":20,"column":13}},"6":{"start":{"line":32,"column":4},"end":{"line":32,"column":19}},"7":{"start":{"line":33,"column":4},"end":{"line":33,"column":36}},"8":{"start":{"line":30,"column":0},"end":{"line":30,"column":13}}},"fnMap":{"0":{"name":"(anonymous_0)","decl":{"start":{"line":11,"column":2},"end":{"line":11,"column":14}},"loc":{"start":{"line":11,"column":29},"end":{"line":14,"column":3}}},"1":{"name":"(anonymous_1)","decl":{"start":{"line":21,"column":2},"end":{"line":21,"column":14}},"loc":{"start":{"line":21,"column":29},"end":{"line":24,"column":3}}},"2":{"name":"(anonymous_2)","decl":{"start":{"line":31,"column":2},"end":{"line":31,"column":14}},"loc":{"start":{"line":31,"column":29},"end":{"line":34,"column":3}}}},"branchMap":{},"s":{"0":81,"1":81,"2":28,"3":28,"4":28,"5":28,"6":11,"7":11,"8":28},"f":{"0":81,"1":28,"2":11},"b":{}}
,"C:\\Users\\Vinicius\\Supermercado\\backend\\src\\core\\use-cases\\address\\disable-address.use-case.ts": {"path":"C:\\Users\\Vinicius\\Supermercado\\backend\\src\\core\\use-cases\\address\\disable-address.use-case.ts","statementMap":{"0":{"start":{"line":3,"column":0},"end":{"line":3,"column":87}},"1":{"start":{"line":6,"column":31},"end":{"line":6,"column":68}},"2":{"start":{"line":9,"column":28},"end":{"line":9,"column":69}},"3":{"start":{"line":11,"column":4},"end":{"line":13,"column":5}},"4":{"start":{"line":12,"column":6},"end":{"line":12,"column":86}},"5":{"start":{"line":15,"column":4},"end":{"line":17,"column":5}},"6":{"start":{"line":16,"column":6},"end":{"line":16,"column":90}},"7":{"start":{"line":19,"column":4},"end":{"line":19,"column":46}},"8":{"start":{"line":5,"column":0},"end":{"line":5,"column":13}}},"fnMap":{"0":{"name":"(anonymous_0)","decl":{"start":{"line":6,"column":2},"end":{"line":6,"column":31}},"loc":{"start":{"line":6,"column":68},"end":{"line":6,"column":72}}},"1":{"name":"(anonymous_1)","decl":{"start":{"line":8,"column":2},"end":{"line":8,"column":7}},"loc":{"start":{"line":8,"column":26},"end":{"line":20,"column":3}}}},"branchMap":{"0":{"loc":{"start":{"line":11,"column":4},"end":{"line":13,"column":5}},"type":"if","locations":[{"start":{"line":11,"column":4},"end":{"line":13,"column":5}},{"start":{},"end":{}}]},"1":{"loc":{"start":{"line":15,"column":4},"end":{"line":17,"column":5}},"type":"if","locations":[{"start":{"line":15,"column":4},"end":{"line":17,"column":5}},{"start":{},"end":{}}]}},"s":{"0":3,"1":4,"2":5,"3":5,"4":2,"5":3,"6":2,"7":1,"8":3},"f":{"0":4,"1":5},"b":{"0":[2,3],"1":[2,1]}}
,"C:\\Users\\Vinicius\\Supermercado\\backend\\src\\core\\use-cases\\address\\execute-putaway.use-case.ts": {"path":"C:\\Users\\Vinicius\\Supermercado\\backend\\src\\core\\use-cases\\address\\execute-putaway.use-case.ts","statementMap":{"0":{"start":{"line":5,"column":0},"end":{"line":5,"column":87}},"1":{"start":{"line":7,"column":0},"end":{"line":7,"column":44}},"2":{"start":{"line":17,"column":7},"end":{"line":104,"column":null}},"3":{"start":{"line":19,"column":21},"end":{"line":19,"column":54}},"4":{"start":{"line":20,"column":21},"end":{"line":20,"column":58}},"5":{"start":{"line":21,"column":21},"end":{"line":21,"column":58}},"6":{"start":{"line":22,"column":21},"end":{"line":22,"column":44}},"7":{"start":{"line":26,"column":4},"end":{"line":28,"column":5}},"8":{"start":{"line":27,"column":6},"end":{"line":27,"column":85}},"9":{"start":{"line":30,"column":17},"end":{"line":30,"column":68}},"10":{"start":{"line":32,"column":4},"end":{"line":34,"column":5}},"11":{"start":{"line":33,"column":6},"end":{"line":33,"column":58}},"12":{"start":{"line":36,"column":4},"end":{"line":38,"column":5}},"13":{"start":{"line":37,"column":6},"end":{"line":37,"column":78}},"14":{"start":{"line":41,"column":27},"end":{"line":41,"column":59}},"15":{"start":{"line":42,"column":23},"end":{"line":44,"column":61}},"16":{"start":{"line":43,"column":26},"end":{"line":43,"column":50}},"17":{"start":{"line":44,"column":39},"end":{"line":44,"column":57}},"18":{"start":{"line":46,"column":21},"end":{"line":46,"column":49}},"19":{"start":{"line":48,"column":4},"end":{"line":52,"column":5}},"20":{"start":{"line":49,"column":6},"end":{"line":51,"column":8}},"21":{"start":{"line":54,"column":21},"end":{"line":54,"column":85}},"22":{"start":{"line":55,"column":4},"end":{"line":57,"column":5}},"23":{"start":{"line":56,"column":6},"end":{"line":56,"column":73}},"24":{"start":{"line":59,"column":4},"end":{"line":63,"column":5}},"25":{"start":{"line":60,"column":6},"end":{"line":62,"column":8}},"26":{"start":{"line":65,"column":4},"end":{"line":69,"column":5}},"27":{"start":{"line":66,"column":6},"end":{"line":68,"column":8}},"28":{"start":{"line":71,"column":20},"end":{"line":71,"column":73}},"29":{"start":{"line":72,"column":4},"end":{"line":76,"column":5}},"30":{"start":{"line":73,"column":6},"end":{"line":75,"column":8}},"31":{"start":{"line":78,"column":4},"end":{"line":102,"column":7}},"32":{"start":{"line":80,"column":6},"end":{"line":80,"column":47}},"33":{"start":{"line":81,"column":6},"end":{"line":81,"column":55}},"34":{"start":{"line":83,"column":27},"end":{"line":83,"column":64}},"35":{"start":{"line":84,"column":6},"end":{"line":84,"column":76}},"36":{"start":{"line":93,"column":6},"end":{"line":101,"column":9}},"37":{"start":{"line":17,"column":13},"end":{"line":17,"column":34}},"38":{"start":{"line":17,"column":13},"end":{"line":104,"column":null}}},"fnMap":{"0":{"name":"(anonymous_2)","decl":{"start":{"line":18,"column":2},"end":{"line":18,"column":null}},"loc":{"start":{"line":22,"column":44},"end":{"line":23,"column":6}}},"1":{"name":"(anonymous_3)","decl":{"start":{"line":25,"column":2},"end":{"line":25,"column":7}},"loc":{"start":{"line":25,"column":46},"end":{"line":103,"column":3}}},"2":{"name":"(anonymous_4)","decl":{"start":{"line":43,"column":14},"end":{"line":43,"column":15}},"loc":{"start":{"line":43,"column":26},"end":{"line":43,"column":50}}},"3":{"name":"(anonymous_5)","decl":{"start":{"line":44,"column":14},"end":{"line":44,"column":15}},"loc":{"start":{"line":44,"column":39},"end":{"line":44,"column":57}}},"4":{"name":"(anonymous_6)","decl":{"start":{"line":78,"column":41},"end":{"line":78,"column":46}},"loc":{"start":{"line":78,"column":55},"end":{"line":102,"column":5}}}},"branchMap":{"0":{"loc":{"start":{"line":26,"column":4},"end":{"line":28,"column":5}},"type":"if","locations":[{"start":{"line":26,"column":4},"end":{"line":28,"column":5}},{"start":{},"end":{}}]},"1":{"loc":{"start":{"line":32,"column":4},"end":{"line":34,"column":5}},"type":"if","locations":[{"start":{"line":32,"column":4},"end":{"line":34,"column":5}},{"start":{},"end":{}}]},"2":{"loc":{"start":{"line":36,"column":4},"end":{"line":38,"column":5}},"type":"if","locations":[{"start":{"line":36,"column":4},"end":{"line":38,"column":5}},{"start":{},"end":{}}]},"3":{"loc":{"start":{"line":41,"column":27},"end":{"line":41,"column":59}},"type":"binary-expr","locations":[{"start":{"line":41,"column":27},"end":{"line":41,"column":53}},{"start":{"line":41,"column":57},"end":{"line":41,"column":59}}]},"4":{"loc":{"start":{"line":48,"column":4},"end":{"line":52,"column":5}},"type":"if","locations":[{"start":{"line":48,"column":4},"end":{"line":52,"column":5}},{"start":{},"end":{}}]},"5":{"loc":{"start":{"line":55,"column":4},"end":{"line":57,"column":5}},"type":"if","locations":[{"start":{"line":55,"column":4},"end":{"line":57,"column":5}},{"start":{},"end":{}}]},"6":{"loc":{"start":{"line":59,"column":4},"end":{"line":63,"column":5}},"type":"if","locations":[{"start":{"line":59,"column":4},"end":{"line":63,"column":5}},{"start":{},"end":{}}]},"7":{"loc":{"start":{"line":65,"column":4},"end":{"line":69,"column":5}},"type":"if","locations":[{"start":{"line":65,"column":4},"end":{"line":69,"column":5}},{"start":{},"end":{}}]},"8":{"loc":{"start":{"line":72,"column":4},"end":{"line":76,"column":5}},"type":"if","locations":[{"start":{"line":72,"column":4},"end":{"line":76,"column":5}},{"start":{},"end":{}}]},"9":{"loc":{"start":{"line":72,"column":8},"end":{"line":72,"column":84}},"type":"binary-expr","locations":[{"start":{"line":72,"column":8},"end":{"line":72,"column":15}},{"start":{"line":72,"column":20},"end":{"line":72,"column":84}}]}},"s":{"0":3,"1":3,"2":3,"3":6,"4":6,"5":6,"6":6,"7":5,"8":0,"9":5,"10":5,"11":0,"12":5,"13":0,"14":5,"15":5,"16":1,"17":1,"18":5,"19":5,"20":1,"21":4,"22":4,"23":0,"24":4,"25":0,"26":4,"27":1,"28":3,"29":3,"30":1,"31":2,"32":2,"33":2,"34":2,"35":2,"36":2,"37":3,"38":3},"f":{"0":6,"1":5,"2":1,"3":1,"4":2},"b":{"0":[0,5],"1":[0,5],"2":[0,5],"3":[5,0],"4":[1,4],"5":[0,4],"6":[0,4],"7":[1,3],"8":[1,2],"9":[3,3]}}
,"C:\\Users\\Vinicius\\Supermercado\\backend\\src\\core\\use-cases\\address\\get-address-capacity-alerts.use-case.ts": {"path":"C:\\Users\\Vinicius\\Supermercado\\backend\\src\\core\\use-cases\\address\\get-address-capacity-alerts.use-case.ts","statementMap":{"0":{"start":{"line":4,"column":31},"end":{"line":4,"column":68}},"1":{"start":{"line":7,"column":22},"end":{"line":7,"column":60}},"2":{"start":{"line":9,"column":4},"end":{"line":19,"column":10}},"3":{"start":{"line":10,"column":24},"end":{"line":10,"column":67}},"4":{"start":{"line":11,"column":22},"end":{"line":19,"column":8}},"5":{"start":{"line":3,"column":0},"end":{"line":3,"column":13}}},"fnMap":{"0":{"name":"(anonymous_0)","decl":{"start":{"line":4,"column":2},"end":{"line":4,"column":31}},"loc":{"start":{"line":4,"column":68},"end":{"line":4,"column":72}}},"1":{"name":"(anonymous_1)","decl":{"start":{"line":6,"column":2},"end":{"line":6,"column":7}},"loc":{"start":{"line":6,"column":39},"end":{"line":20,"column":3}}},"2":{"name":"(anonymous_2)","decl":{"start":{"line":10,"column":14},"end":{"line":10,"column":15}},"loc":{"start":{"line":10,"column":24},"end":{"line":10,"column":67}}},"3":{"name":"(anonymous_3)","decl":{"start":{"line":11,"column":11},"end":{"line":11,"column":12}},"loc":{"start":{"line":11,"column":22},"end":{"line":19,"column":8}}}},"branchMap":{"0":{"loc":{"start":{"line":6,"column":16},"end":{"line":6,"column":39}},"type":"default-arg","locations":[{"start":{"line":6,"column":36},"end":{"line":6,"column":39}}]}},"s":{"0":3,"1":2,"2":2,"3":3,"4":1,"5":3},"f":{"0":3,"1":2,"2":3,"3":1},"b":{"0":[0]}}
,"C:\\Users\\Vinicius\\Supermercado\\backend\\src\\core\\use-cases\\address\\get-occupation-dashboard.use-case.ts": {"path":"C:\\Users\\Vinicius\\Supermercado\\backend\\src\\core\\use-cases\\address\\get-occupation-dashboard.use-case.ts","statementMap":{"0":{"start":{"line":20,"column":31},"end":{"line":20,"column":62}},"1":{"start":{"line":23,"column":25},"end":{"line":23,"column":75}},"2":{"start":{"line":25,"column":4},"end":{"line":30,"column":5}},"3":{"start":{"line":26,"column":6},"end":{"line":29,"column":8}},"4":{"start":{"line":32,"column":20},"end":{"line":32,"column":21}},"5":{"start":{"line":33,"column":20},"end":{"line":33,"column":21}},"6":{"start":{"line":35,"column":38},"end":{"line":48,"column":6}},"7":{"start":{"line":36,"column":6},"end":{"line":36,"column":39}},"8":{"start":{"line":37,"column":6},"end":{"line":37,"column":37}},"9":{"start":{"line":39,"column":6},"end":{"line":47,"column":8}},"10":{"start":{"line":50,"column":4},"end":{"line":58,"column":6}},"11":{"start":{"line":19,"column":0},"end":{"line":19,"column":13}}},"fnMap":{"0":{"name":"(anonymous_0)","decl":{"start":{"line":20,"column":2},"end":{"line":20,"column":31}},"loc":{"start":{"line":20,"column":62},"end":{"line":20,"column":66}}},"1":{"name":"(anonymous_1)","decl":{"start":{"line":22,"column":2},"end":{"line":22,"column":7}},"loc":{"start":{"line":22,"column":15},"end":{"line":59,"column":3}}},"2":{"name":"(anonymous_2)","decl":{"start":{"line":35,"column":55},"end":{"line":35,"column":56}},"loc":{"start":{"line":35,"column":63},"end":{"line":48,"column":5}}}},"branchMap":{"0":{"loc":{"start":{"line":25,"column":4},"end":{"line":30,"column":5}},"type":"if","locations":[{"start":{"line":25,"column":4},"end":{"line":30,"column":5}},{"start":{},"end":{}}]},"1":{"loc":{"start":{"line":44,"column":10},"end":{"line":46,"column":15}},"type":"cond-expr","locations":[{"start":{"line":45,"column":14},"end":{"line":45,"column":73}},{"start":{"line":46,"column":14},"end":{"line":46,"column":15}}]},"2":{"loc":{"start":{"line":56,"column":10},"end":{"line":56,"column":71}},"type":"cond-expr","locations":[{"start":{"line":56,"column":26},"end":{"line":56,"column":67}},{"start":{"line":56,"column":70},"end":{"line":56,"column":71}}]}},"s":{"0":3,"1":2,"2":2,"3":1,"4":1,"5":1,"6":1,"7":2,"8":2,"9":2,"10":1,"11":2},"f":{"0":3,"1":2,"2":2},"b":{"0":[1,1],"1":[2,0],"2":[1,0]}}
,"C:\\Users\\Vinicius\\Supermercado\\backend\\src\\core\\use-cases\\address\\register-address.use-case.ts": {"path":"C:\\Users\\Vinicius\\Supermercado\\backend\\src\\core\\use-cases\\address\\register-address.use-case.ts","statementMap":{"0":{"start":{"line":3,"column":0},"end":{"line":3,"column":70}},"1":{"start":{"line":13,"column":31},"end":{"line":13,"column":68}},"2":{"start":{"line":16,"column":28},"end":{"line":17,"column":null}},"3":{"start":{"line":20,"column":4},"end":{"line":24,"column":5}},"4":{"start":{"line":21,"column":6},"end":{"line":23,"column":8}},"5":{"start":{"line":26,"column":4},"end":{"line":29,"column":7}},"6":{"start":{"line":12,"column":0},"end":{"line":12,"column":13}}},"fnMap":{"0":{"name":"(anonymous_0)","decl":{"start":{"line":13,"column":2},"end":{"line":13,"column":31}},"loc":{"start":{"line":13,"column":68},"end":{"line":13,"column":72}}},"1":{"name":"(anonymous_1)","decl":{"start":{"line":15,"column":2},"end":{"line":15,"column":7}},"loc":{"start":{"line":15,"column":47},"end":{"line":30,"column":3}}}},"branchMap":{"0":{"loc":{"start":{"line":20,"column":4},"end":{"line":24,"column":5}},"type":"if","locations":[{"start":{"line":20,"column":4},"end":{"line":24,"column":5}},{"start":{},"end":{}}]},"1":{"loc":{"start":{"line":28,"column":16},"end":{"line":28,"column":42}},"type":"binary-expr","locations":[{"start":{"line":28,"column":16},"end":{"line":28,"column":32}},{"start":{"line":28,"column":36},"end":{"line":28,"column":42}}]}},"s":{"0":3,"1":3,"2":3,"3":3,"4":2,"5":1,"6":3},"f":{"0":3,"1":3},"b":{"0":[2,1],"1":[1,1]}}
,"C:\\Users\\Vinicius\\Supermercado\\backend\\src\\core\\use-cases\\address\\suggest-putaway.use-case.ts": {"path":"C:\\Users\\Vinicius\\Supermercado\\backend\\src\\core\\use-cases\\address\\suggest-putaway.use-case.ts","statementMap":{"0":{"start":{"line":4,"column":0},"end":{"line":4,"column":87}},"1":{"start":{"line":50,"column":21},"end":{"line":50,"column":58}},"2":{"start":{"line":51,"column":21},"end":{"line":51,"column":58}},"3":{"start":{"line":56,"column":20},"end":{"line":56,"column":76}},"4":{"start":{"line":58,"column":4},"end":{"line":62,"column":5}},"5":{"start":{"line":59,"column":6},"end":{"line":61,"column":8}},"6":{"start":{"line":64,"column":4},"end":{"line":68,"column":5}},"7":{"start":{"line":65,"column":6},"end":{"line":67,"column":8}},"8":{"start":{"line":71,"column":31},"end":{"line":71,"column":64}},"9":{"start":{"line":75,"column":6},"end":{"line":75,"column":73}},"10":{"start":{"line":78,"column":43},"end":{"line":109,"column":40}},"11":{"start":{"line":80,"column":33},"end":{"line":80,"column":71}},"12":{"start":{"line":81,"column":8},"end":{"line":81,"column":54}},"13":{"start":{"line":84,"column":33},"end":{"line":84,"column":71}},"14":{"start":{"line":88,"column":29},"end":{"line":88,"column":67}},"15":{"start":{"line":89,"column":20},"end":{"line":89,"column":50}},"16":{"start":{"line":92,"column":8},"end":{"line":98,"column":9}},"17":{"start":{"line":97,"column":10},"end":{"line":97,"column":24}},"18":{"start":{"line":100,"column":8},"end":{"line":107,"column":10}},"19":{"start":{"line":109,"column":22},"end":{"line":109,"column":39}},"20":{"start":{"line":112,"column":25},"end":{"line":112,"column":46}},"21":{"start":{"line":115,"column":4},"end":{"line":123,"column":5}},"22":{"start":{"line":116,"column":6},"end":{"line":122,"column":8}},"23":{"start":{"line":125,"column":4},"end":{"line":130,"column":6}},"24":{"start":{"line":48,"column":0},"end":{"line":48,"column":13}}},"fnMap":{"0":{"name":"(anonymous_0)","decl":{"start":{"line":49,"column":2},"end":{"line":49,"column":null}},"loc":{"start":{"line":51,"column":58},"end":{"line":52,"column":6}}},"1":{"name":"(anonymous_1)","decl":{"start":{"line":54,"column":2},"end":{"line":54,"column":7}},"loc":{"start":{"line":54,"column":46},"end":{"line":131,"column":3}}},"2":{"name":"(anonymous_2)","decl":{"start":{"line":79,"column":14},"end":{"line":79,"column":15}},"loc":{"start":{"line":79,"column":27},"end":{"line":82,"column":7}}},"3":{"name":"(anonymous_3)","decl":{"start":{"line":83,"column":11},"end":{"line":83,"column":12}},"loc":{"start":{"line":83,"column":24},"end":{"line":108,"column":7}}},"4":{"name":"(anonymous_4)","decl":{"start":{"line":109,"column":12},"end":{"line":109,"column":13}},"loc":{"start":{"line":109,"column":22},"end":{"line":109,"column":39}}}},"branchMap":{"0":{"loc":{"start":{"line":58,"column":4},"end":{"line":62,"column":5}},"type":"if","locations":[{"start":{"line":58,"column":4},"end":{"line":62,"column":5}},{"start":{},"end":{}}]},"1":{"loc":{"start":{"line":64,"column":4},"end":{"line":68,"column":5}},"type":"if","locations":[{"start":{"line":64,"column":4},"end":{"line":68,"column":5}},{"start":{},"end":{}}]},"2":{"loc":{"start":{"line":92,"column":8},"end":{"line":98,"column":9}},"type":"if","locations":[{"start":{"line":92,"column":8},"end":{"line":98,"column":9}},{"start":{},"end":{}}]},"3":{"loc":{"start":{"line":93,"column":11},"end":{"line":95,"column":56}},"type":"binary-expr","locations":[{"start":{"line":93,"column":11},"end":{"line":93,"column":43}},{"start":{"line":94,"column":11},"end":{"line":94,"column":46}},{"start":{"line":95,"column":12},"end":{"line":95,"column":55}}]},"4":{"loc":{"start":{"line":115,"column":4},"end":{"line":123,"column":5}},"type":"if","locations":[{"start":{"line":115,"column":4},"end":{"line":123,"column":5}},{"start":{},"end":{}}]},"5":{"loc":{"start":{"line":115,"column":8},"end":{"line":115,"column":54}},"type":"binary-expr","locations":[{"start":{"line":115,"column":8},"end":{"line":115,"column":25}},{"start":{"line":115,"column":29},"end":{"line":115,"column":54}}]}},"s":{"0":3,"1":10,"2":10,"3":11,"4":11,"5":2,"6":9,"7":2,"8":7,"9":7,"10":7,"11":19,"12":19,"13":17,"14":17,"15":17,"16":17,"17":1,"18":17,"19":12,"20":7,"21":7,"22":1,"23":6,"24":3},"f":{"0":10,"1":11,"2":19,"3":17,"4":12},"b":{"0":[2,9],"1":[2,7],"2":[1,16],"3":[17,2,1],"4":[1,6],"5":[7,2]}}
,"C:\\Users\\Vinicius\\Supermercado\\backend\\src\\core\\use-cases\\adjustment\\approve-adjustment.use-case.ts": {"path":"C:\\Users\\Vinicius\\Supermercado\\backend\\src\\core\\use-cases\\adjustment\\approve-adjustment.use-case.ts","statementMap":{"0":{"start":{"line":6,"column":0},"end":{"line":6,"column":106}},"1":{"start":{"line":7,"column":0},"end":{"line":7,"column":89}},"2":{"start":{"line":18,"column":21},"end":{"line":18,"column":64}},"3":{"start":{"line":19,"column":21},"end":{"line":19,"column":54}},"4":{"start":{"line":20,"column":21},"end":{"line":20,"column":58}},"5":{"start":{"line":21,"column":21},"end":{"line":21,"column":60}},"6":{"start":{"line":22,"column":21},"end":{"line":22,"column":44}},"7":{"start":{"line":26,"column":19},"end":{"line":26,"column":73}},"8":{"start":{"line":27,"column":4},"end":{"line":29,"column":5}},"9":{"start":{"line":28,"column":6},"end":{"line":28,"column":60}},"10":{"start":{"line":34,"column":4},"end":{"line":38,"column":5}},"11":{"start":{"line":35,"column":6},"end":{"line":37,"column":8}},"12":{"start":{"line":40,"column":4},"end":{"line":74,"column":5}},"13":{"start":{"line":41,"column":30},"end":{"line":71,"column":8}},"14":{"start":{"line":43,"column":8},"end":{"line":43,"column":63}},"15":{"start":{"line":46,"column":28},"end":{"line":46,"column":81}},"16":{"start":{"line":47,"column":8},"end":{"line":49,"column":9}},"17":{"start":{"line":48,"column":10},"end":{"line":48,"column":72}},"18":{"start":{"line":52,"column":8},"end":{"line":52,"column":55}},"19":{"start":{"line":54,"column":27},"end":{"line":57,"column":null}},"20":{"start":{"line":60,"column":8},"end":{"line":68,"column":11}},"21":{"start":{"line":70,"column":8},"end":{"line":70,"column":26}},"22":{"start":{"line":73,"column":6},"end":{"line":73,"column":29}},"23":{"start":{"line":76,"column":17},"end":{"line":76,"column":67}},"24":{"start":{"line":77,"column":4},"end":{"line":79,"column":5}},"25":{"start":{"line":78,"column":6},"end":{"line":78,"column":58}},"26":{"start":{"line":81,"column":4},"end":{"line":85,"column":5}},"27":{"start":{"line":82,"column":6},"end":{"line":84,"column":8}},"28":{"start":{"line":87,"column":20},"end":{"line":87,"column":73}},"29":{"start":{"line":88,"column":4},"end":{"line":90,"column":5}},"30":{"start":{"line":89,"column":6},"end":{"line":89,"column":61}},"31":{"start":{"line":93,"column":25},"end":{"line":96,"column":null}},"32":{"start":{"line":99,"column":4},"end":{"line":109,"column":5}},"33":{"start":{"line":100,"column":6},"end":{"line":104,"column":7}},"34":{"start":{"line":101,"column":8},"end":{"line":103,"column":10}},"35":{"start":{"line":106,"column":6},"end":{"line":108,"column":7}},"36":{"start":{"line":107,"column":8},"end":{"line":107,"column":88}},"37":{"start":{"line":116,"column":29},"end":{"line":154,"column":6}},"38":{"start":{"line":118,"column":6},"end":{"line":118,"column":61}},"39":{"start":{"line":121,"column":26},"end":{"line":121,"column":79}},"40":{"start":{"line":122,"column":6},"end":{"line":124,"column":7}},"41":{"start":{"line":123,"column":8},"end":{"line":123,"column":70}},"42":{"start":{"line":127,"column":6},"end":{"line":127,"column":47}},"43":{"start":{"line":130,"column":6},"end":{"line":133,"column":8}},"44":{"start":{"line":136,"column":25},"end":{"line":139,"column":null}},"45":{"start":{"line":143,"column":6},"end":{"line":151,"column":9}},"46":{"start":{"line":153,"column":6},"end":{"line":153,"column":24}},"47":{"start":{"line":156,"column":4},"end":{"line":156,"column":28}},"48":{"start":{"line":16,"column":0},"end":{"line":16,"column":13}}},"fnMap":{"0":{"name":"(anonymous_0)","decl":{"start":{"line":17,"column":2},"end":{"line":17,"column":null}},"loc":{"start":{"line":22,"column":44},"end":{"line":23,"column":6}}},"1":{"name":"(anonymous_1)","decl":{"start":{"line":25,"column":2},"end":{"line":25,"column":7}},"loc":{"start":{"line":25,"column":41},"end":{"line":157,"column":3}}},"2":{"name":"(anonymous_2)","decl":{"start":{"line":41,"column":60},"end":{"line":41,"column":65}},"loc":{"start":{"line":41,"column":74},"end":{"line":71,"column":7}}},"3":{"name":"(anonymous_3)","decl":{"start":{"line":116,"column":59},"end":{"line":116,"column":64}},"loc":{"start":{"line":116,"column":73},"end":{"line":154,"column":5}}}},"branchMap":{"0":{"loc":{"start":{"line":27,"column":4},"end":{"line":29,"column":5}},"type":"if","locations":[{"start":{"line":27,"column":4},"end":{"line":29,"column":5}},{"start":{},"end":{}}]},"1":{"loc":{"start":{"line":34,"column":4},"end":{"line":38,"column":5}},"type":"if","locations":[{"start":{"line":34,"column":4},"end":{"line":38,"column":5}},{"start":{},"end":{}}]},"2":{"loc":{"start":{"line":40,"column":4},"end":{"line":74,"column":5}},"type":"if","locations":[{"start":{"line":40,"column":4},"end":{"line":74,"column":5}},{"start":{},"end":{}}]},"3":{"loc":{"start":{"line":47,"column":8},"end":{"line":49,"column":9}},"type":"if","locations":[{"start":{"line":47,"column":8},"end":{"line":49,"column":9}},{"start":{},"end":{}}]},"4":{"loc":{"start":{"line":77,"column":4},"end":{"line":79,"column":5}},"type":"if","locations":[{"start":{"line":77,"column":4},"end":{"line":79,"column":5}},{"start":{},"end":{}}]},"5":{"loc":{"start":{"line":81,"column":4},"end":{"line":85,"column":5}},"type":"if","locations":[{"start":{"line":81,"column":4},"end":{"line":85,"column":5}},{"start":{},"end":{}}]},"6":{"loc":{"start":{"line":88,"column":4},"end":{"line":90,"column":5}},"type":"if","locations":[{"start":{"line":88,"column":4},"end":{"line":90,"column":5}},{"start":{},"end":{}}]},"7":{"loc":{"start":{"line":99,"column":4},"end":{"line":109,"column":5}},"type":"if","locations":[{"start":{"line":99,"column":4},"end":{"line":109,"column":5}},{"start":{"line":105,"column":11},"end":{"line":109,"column":5}}]},"8":{"loc":{"start":{"line":100,"column":6},"end":{"line":104,"column":7}},"type":"if","locations":[{"start":{"line":100,"column":6},"end":{"line":104,"column":7}},{"start":{},"end":{}}]},"9":{"loc":{"start":{"line":106,"column":6},"end":{"line":108,"column":7}},"type":"if","locations":[{"start":{"line":106,"column":6},"end":{"line":108,"column":7}},{"start":{},"end":{}}]},"10":{"loc":{"start":{"line":106,"column":10},"end":{"line":106,"column":73}},"type":"binary-expr","locations":[{"start":{"line":106,"column":10},"end":{"line":106,"column":40}},{"start":{"line":106,"column":44},"end":{"line":106,"column":73}}]},"11":{"loc":{"start":{"line":122,"column":6},"end":{"line":124,"column":7}},"type":"if","locations":[{"start":{"line":122,"column":6},"end":{"line":124,"column":7}},{"start":{},"end":{}}]}},"s":{"0":4,"1":4,"2":27,"3":27,"4":27,"5":27,"6":27,"7":29,"8":29,"9":0,"10":29,"11":2,"12":27,"13":1,"14":1,"15":1,"16":1,"17":0,"18":1,"19":1,"20":1,"21":1,"22":1,"23":26,"24":26,"25":0,"26":26,"27":2,"28":24,"29":24,"30":0,"31":24,"32":24,"33":16,"34":13,"35":8,"36":0,"37":11,"38":11,"39":11,"40":11,"41":0,"42":11,"43":11,"44":11,"45":11,"46":11,"47":11,"48":4},"f":{"0":27,"1":29,"2":1,"3":11},"b":{"0":[0,29],"1":[2,27],"2":[1,26],"3":[0,1],"4":[0,26],"5":[2,24],"6":[0,24],"7":[16,8],"8":[13,3],"9":[0,8],"10":[8,0],"11":[0,11]}}
,"C:\\Users\\Vinicius\\Supermercado\\backend\\src\\core\\use-cases\\adjustment\\list-pending-adjustments.use-case.ts": {"path":"C:\\Users\\Vinicius\\Supermercado\\backend\\src\\core\\use-cases\\adjustment\\list-pending-adjustments.use-case.ts","statementMap":{"0":{"start":{"line":7,"column":31},"end":{"line":7,"column":74}},"1":{"start":{"line":10,"column":4},"end":{"line":10,"column":57}},"2":{"start":{"line":6,"column":0},"end":{"line":6,"column":13}}},"fnMap":{"0":{"name":"(anonymous_0)","decl":{"start":{"line":7,"column":2},"end":{"line":7,"column":31}},"loc":{"start":{"line":7,"column":74},"end":{"line":7,"column":78}}},"1":{"name":"(anonymous_1)","decl":{"start":{"line":9,"column":2},"end":{"line":9,"column":7}},"loc":{"start":{"line":9,"column":31},"end":{"line":11,"column":3}}}},"branchMap":{},"s":{"0":4,"1":3,"2":3},"f":{"0":4,"1":3},"b":{}}
,"C:\\Users\\Vinicius\\Supermercado\\backend\\src\\core\\use-cases\\adjustment\\request-adjustment.use-case.ts": {"path":"C:\\Users\\Vinicius\\Supermercado\\backend\\src\\core\\use-cases\\adjustment\\request-adjustment.use-case.ts","statementMap":{"0":{"start":{"line":4,"column":0},"end":{"line":4,"column":87}},"1":{"start":{"line":5,"column":0},"end":{"line":5,"column":89}},"2":{"start":{"line":16,"column":21},"end":{"line":16,"column":64}},"3":{"start":{"line":17,"column":21},"end":{"line":17,"column":54}},"4":{"start":{"line":18,"column":21},"end":{"line":18,"column":58}},"5":{"start":{"line":22,"column":4},"end":{"line":24,"column":5}},"6":{"start":{"line":23,"column":6},"end":{"line":23,"column":89}},"7":{"start":{"line":26,"column":17},"end":{"line":26,"column":64}},"8":{"start":{"line":27,"column":4},"end":{"line":29,"column":5}},"9":{"start":{"line":28,"column":6},"end":{"line":28,"column":58}},"10":{"start":{"line":31,"column":4},"end":{"line":35,"column":5}},"11":{"start":{"line":32,"column":6},"end":{"line":34,"column":8}},"12":{"start":{"line":37,"column":20},"end":{"line":37,"column":73}},"13":{"start":{"line":38,"column":4},"end":{"line":40,"column":5}},"14":{"start":{"line":39,"column":6},"end":{"line":39,"column":61}},"15":{"start":{"line":42,"column":4},"end":{"line":46,"column":5}},"16":{"start":{"line":43,"column":6},"end":{"line":45,"column":8}},"17":{"start":{"line":48,"column":25},"end":{"line":48,"column":40}},"18":{"start":{"line":49,"column":23},"end":{"line":49,"column":84}},"19":{"start":{"line":51,"column":27},"end":{"line":54,"column":null}},"20":{"start":{"line":57,"column":19},"end":{"line":65,"column":6}},"21":{"start":{"line":67,"column":4},"end":{"line":70,"column":6}},"22":{"start":{"line":14,"column":0},"end":{"line":14,"column":13}}},"fnMap":{"0":{"name":"(anonymous_0)","decl":{"start":{"line":15,"column":2},"end":{"line":15,"column":null}},"loc":{"start":{"line":18,"column":58},"end":{"line":19,"column":6}}},"1":{"name":"(anonymous_1)","decl":{"start":{"line":21,"column":2},"end":{"line":21,"column":7}},"loc":{"start":{"line":21,"column":41},"end":{"line":71,"column":3}}}},"branchMap":{"0":{"loc":{"start":{"line":22,"column":4},"end":{"line":24,"column":5}},"type":"if","locations":[{"start":{"line":22,"column":4},"end":{"line":24,"column":5}},{"start":{},"end":{}}]},"1":{"loc":{"start":{"line":22,"column":8},"end":{"line":22,"column":47}},"type":"binary-expr","locations":[{"start":{"line":22,"column":8},"end":{"line":22,"column":19}},{"start":{"line":22,"column":23},"end":{"line":22,"column":47}}]},"2":{"loc":{"start":{"line":27,"column":4},"end":{"line":29,"column":5}},"type":"if","locations":[{"start":{"line":27,"column":4},"end":{"line":29,"column":5}},{"start":{},"end":{}}]},"3":{"loc":{"start":{"line":31,"column":4},"end":{"line":35,"column":5}},"type":"if","locations":[{"start":{"line":31,"column":4},"end":{"line":35,"column":5}},{"start":{},"end":{}}]},"4":{"loc":{"start":{"line":38,"column":4},"end":{"line":40,"column":5}},"type":"if","locations":[{"start":{"line":38,"column":4},"end":{"line":40,"column":5}},{"start":{},"end":{}}]},"5":{"loc":{"start":{"line":42,"column":4},"end":{"line":46,"column":5}},"type":"if","locations":[{"start":{"line":42,"column":4},"end":{"line":46,"column":5}},{"start":{},"end":{}}]},"6":{"loc":{"start":{"line":42,"column":8},"end":{"line":42,"column":43}},"type":"binary-expr","locations":[{"start":{"line":42,"column":8},"end":{"line":42,"column":25}},{"start":{"line":42,"column":29},"end":{"line":42,"column":43}}]}},"s":{"0":3,"1":3,"2":9,"3":9,"4":9,"5":10,"6":2,"7":8,"8":8,"9":0,"10":8,"11":2,"12":6,"13":6,"14":0,"15":6,"16":2,"17":4,"18":4,"19":4,"20":4,"21":4,"22":3},"f":{"0":9,"1":10},"b":{"0":[2,8],"1":[10,8],"2":[0,8],"3":[2,6],"4":[0,6],"5":[2,4],"6":[6,3]}}
,"C:\\Users\\Vinicius\\Supermercado\\backend\\src\\core\\use-cases\\audit\\export-audit-csv.use-case.ts": {"path":"C:\\Users\\Vinicius\\Supermercado\\backend\\src\\core\\use-cases\\audit\\export-audit-csv.use-case.ts","statementMap":{"0":{"start":{"line":3,"column":0},"end":{"line":3,"column":33}},"1":{"start":{"line":7,"column":21},"end":{"line":7,"column":54}},"2":{"start":{"line":8,"column":21},"end":{"line":8,"column":54}},"3":{"start":{"line":12,"column":17},"end":{"line":12,"column":37}},"4":{"start":{"line":14,"column":34},"end":{"line":17,"column":6}},"5":{"start":{"line":19,"column":30},"end":{"line":19,"column":32}},"6":{"start":{"line":20,"column":4},"end":{"line":22,"column":6}},"7":{"start":{"line":25,"column":4},"end":{"line":44,"column":5}},"8":{"start":{"line":26,"column":23},"end":{"line":26,"column":75}},"9":{"start":{"line":27,"column":23},"end":{"line":31,"column":25}},"10":{"start":{"line":33,"column":18},"end":{"line":42,"column":17}},"11":{"start":{"line":43,"column":6},"end":{"line":43,"column":24}},"12":{"start":{"line":47,"column":4},"end":{"line":62,"column":5}},"13":{"start":{"line":48,"column":26},"end":{"line":50,"column":34}},"14":{"start":{"line":51,"column":18},"end":{"line":60,"column":17}},"15":{"start":{"line":61,"column":6},"end":{"line":61,"column":24}},"16":{"start":{"line":64,"column":4},"end":{"line":64,"column":30}},"17":{"start":{"line":5,"column":0},"end":{"line":5,"column":13}}},"fnMap":{"0":{"name":"(anonymous_9)","decl":{"start":{"line":6,"column":2},"end":{"line":6,"column":null}},"loc":{"start":{"line":8,"column":54},"end":{"line":9,"column":6}}},"1":{"name":"(anonymous_10)","decl":{"start":{"line":11,"column":2},"end":{"line":11,"column":7}},"loc":{"start":{"line":11,"column":15},"end":{"line":65,"column":3}}}},"branchMap":{"0":{"loc":{"start":{"line":26,"column":23},"end":{"line":26,"column":75}},"type":"binary-expr","locations":[{"start":{"line":26,"column":23},"end":{"line":26,"column":47}},{"start":{"line":26,"column":51},"end":{"line":26,"column":75}}]},"1":{"loc":{"start":{"line":41,"column":8},"end":{"line":41,"column":28}},"type":"binary-expr","locations":[{"start":{"line":41,"column":8},"end":{"line":41,"column":22}},{"start":{"line":41,"column":26},"end":{"line":41,"column":28}}]},"2":{"loc":{"start":{"line":48,"column":26},"end":{"line":50,"column":34}},"type":"cond-expr","locations":[{"start":{"line":49,"column":10},"end":{"line":49,"column":34}},{"start":{"line":50,"column":10},"end":{"line":50,"column":34}}]},"3":{"loc":{"start":{"line":59,"column":8},"end":{"line":59,"column":28}},"type":"binary-expr","locations":[{"start":{"line":59,"column":8},"end":{"line":59,"column":22}},{"start":{"line":59,"column":26},"end":{"line":59,"column":28}}]}},"s":{"0":3,"1":2,"2":2,"3":1,"4":1,"5":1,"6":1,"7":1,"8":1,"9":1,"10":1,"11":1,"12":1,"13":1,"14":1,"15":1,"16":1,"17":3},"f":{"0":2,"1":1},"b":{"0":[1,0],"1":[1,1],"2":[1,0],"3":[1,0]}}
,"C:\\Users\\Vinicius\\Supermercado\\backend\\src\\core\\use-cases\\audit\\verify-audit-chain.use-case.ts": {"path":"C:\\Users\\Vinicius\\Supermercado\\backend\\src\\core\\use-cases\\audit\\verify-audit-chain.use-case.ts","statementMap":{"0":{"start":{"line":31,"column":31},"end":{"line":31,"column":55}},"1":{"start":{"line":37,"column":35},"end":{"line":37,"column":37}},"2":{"start":{"line":38,"column":22},"end":{"line":38,"column":26}},"3":{"start":{"line":39,"column":27},"end":{"line":39,"column":54}},"4":{"start":{"line":41,"column":34},"end":{"line":41,"column":38}},"5":{"start":{"line":43,"column":4},"end":{"line":80,"column":5}},"6":{"start":{"line":43,"column":20},"end":{"line":43,"column":21}},"7":{"start":{"line":44,"column":22},"end":{"line":44,"column":76}},"8":{"start":{"line":46,"column":6},"end":{"line":75,"column":7}},"9":{"start":{"line":46,"column":19},"end":{"line":46,"column":20}},"10":{"start":{"line":47,"column":23},"end":{"line":47,"column":33}},"11":{"start":{"line":50,"column":10},"end":{"line":50,"column":60}},"12":{"start":{"line":54,"column":10},"end":{"line":54,"column":16}},"13":{"start":{"line":57,"column":33},"end":{"line":59,"column":null}},"14":{"start":{"line":62,"column":26},"end":{"line":62,"column":51}},"15":{"start":{"line":64,"column":10},"end":{"line":64,"column":57}},"16":{"start":{"line":66,"column":8},"end":{"line":74,"column":9}},"17":{"start":{"line":67,"column":10},"end":{"line":73,"column":13}},"18":{"start":{"line":77,"column":6},"end":{"line":79,"column":7}},"19":{"start":{"line":78,"column":8},"end":{"line":78,"column":60}},"20":{"start":{"line":82,"column":4},"end":{"line":87,"column":6}},"21":{"start":{"line":30,"column":0},"end":{"line":30,"column":13}}},"fnMap":{"0":{"name":"(anonymous_0)","decl":{"start":{"line":31,"column":2},"end":{"line":31,"column":31}},"loc":{"start":{"line":31,"column":55},"end":{"line":31,"column":59}}},"1":{"name":"(anonymous_1)","decl":{"start":{"line":33,"column":2},"end":{"line":33,"column":7}},"loc":{"start":{"line":35,"column":36},"end":{"line":88,"column":3}}}},"branchMap":{"0":{"loc":{"start":{"line":50,"column":10},"end":{"line":50,"column":60}},"type":"cond-expr","locations":[{"start":{"line":50,"column":20},"end":{"line":50,"column":28}},{"start":{"line":50,"column":32},"end":{"line":50,"column":59}}]},"1":{"loc":{"start":{"line":50,"column":32},"end":{"line":50,"column":59}},"type":"binary-expr","locations":[{"start":{"line":50,"column":32},"end":{"line":50,"column":51}},{"start":{"line":50,"column":55},"end":{"line":50,"column":59}}]},"2":{"loc":{"start":{"line":64,"column":11},"end":{"line":64,"column":31}},"type":"binary-expr","locations":[{"start":{"line":64,"column":11},"end":{"line":64,"column":23}},{"start":{"line":64,"column":27},"end":{"line":64,"column":31}}]},"3":{"loc":{"start":{"line":66,"column":8},"end":{"line":74,"column":9}},"type":"if","locations":[{"start":{"line":66,"column":8},"end":{"line":74,"column":9}},{"start":{},"end":{}}]},"4":{"loc":{"start":{"line":66,"column":12},"end":{"line":66,"column":44}},"type":"binary-expr","locations":[{"start":{"line":66,"column":12},"end":{"line":66,"column":22}},{"start":{"line":66,"column":26},"end":{"line":66,"column":44}}]},"5":{"loc":{"start":{"line":68,"column":24},"end":{"line":68,"column":32}},"type":"binary-expr","locations":[{"start":{"line":68,"column":24},"end":{"line":68,"column":26}},{"start":{"line":68,"column":30},"end":{"line":68,"column":32}}]},"6":{"loc":{"start":{"line":69,"column":28},"end":{"line":69,"column":45}},"type":"binary-expr","locations":[{"start":{"line":69,"column":28},"end":{"line":69,"column":32}},{"start":{"line":69,"column":36},"end":{"line":69,"column":45}}]},"7":{"loc":{"start":{"line":71,"column":36},"end":{"line":71,"column":56}},"type":"binary-expr","locations":[{"start":{"line":71,"column":36},"end":{"line":71,"column":48}},{"start":{"line":71,"column":52},"end":{"line":71,"column":56}}]},"8":{"loc":{"start":{"line":77,"column":6},"end":{"line":79,"column":7}},"type":"if","locations":[{"start":{"line":77,"column":6},"end":{"line":79,"column":7}},{"start":{},"end":{}}]},"9":{"loc":{"start":{"line":78,"column":19},"end":{"line":78,"column":59}},"type":"binary-expr","locations":[{"start":{"line":78,"column":19},"end":{"line":78,"column":51}},{"start":{"line":78,"column":55},"end":{"line":78,"column":59}}]}},"s":{"0":6,"1":5,"2":5,"3":5,"4":5,"5":5,"6":5,"7":4,"8":4,"9":4,"10":9,"11":9,"12":9,"13":9,"14":9,"15":9,"16":9,"17":2,"18":4,"19":4,"20":5,"21":3},"f":{"0":6,"1":5},"b":{"0":[4,5],"1":[5,0],"2":[9,4],"3":[2,7],"4":[9,8],"5":[2,0],"6":[2,0],"7":[2,0],"8":[4,0],"9":[4,0]}}
,"C:\\Users\\Vinicius\\Supermercado\\backend\\src\\core\\use-cases\\auth\\authenticate-user.use-case.ts": {"path":"C:\\Users\\Vinicius\\Supermercado\\backend\\src\\core\\use-cases\\auth\\authenticate-user.use-case.ts","statementMap":{"0":{"start":{"line":2,"column":0},"end":{"line":2,"column":33}},"1":{"start":{"line":4,"column":0},"end":{"line":4,"column":68}},"2":{"start":{"line":23,"column":21},"end":{"line":23,"column":52}},"3":{"start":{"line":24,"column":21},"end":{"line":24,"column":43}},"4":{"start":{"line":30,"column":17},"end":{"line":30,"column":69}},"5":{"start":{"line":32,"column":4},"end":{"line":34,"column":5}},"6":{"start":{"line":33,"column":6},"end":{"line":33,"column":69}},"7":{"start":{"line":36,"column":4},"end":{"line":38,"column":5}},"8":{"start":{"line":37,"column":6},"end":{"line":37,"column":76}},"9":{"start":{"line":40,"column":26},"end":{"line":40,"column":78}},"10":{"start":{"line":42,"column":4},"end":{"line":44,"column":5}},"11":{"start":{"line":43,"column":6},"end":{"line":43,"column":69}},"12":{"start":{"line":46,"column":20},"end":{"line":46,"column":76}},"13":{"start":{"line":49,"column":4},"end":{"line":49,"column":70}},"14":{"start":{"line":51,"column":4},"end":{"line":59,"column":6}},"15":{"start":{"line":21,"column":0},"end":{"line":21,"column":13}}},"fnMap":{"0":{"name":"(anonymous_9)","decl":{"start":{"line":22,"column":2},"end":{"line":22,"column":null}},"loc":{"start":{"line":24,"column":43},"end":{"line":25,"column":6}}},"1":{"name":"(anonymous_10)","decl":{"start":{"line":27,"column":2},"end":{"line":27,"column":7}},"loc":{"start":{"line":28,"column":36},"end":{"line":60,"column":3}}}},"branchMap":{"0":{"loc":{"start":{"line":32,"column":4},"end":{"line":34,"column":5}},"type":"if","locations":[{"start":{"line":32,"column":4},"end":{"line":34,"column":5}},{"start":{},"end":{}}]},"1":{"loc":{"start":{"line":36,"column":4},"end":{"line":38,"column":5}},"type":"if","locations":[{"start":{"line":36,"column":4},"end":{"line":38,"column":5}},{"start":{},"end":{}}]},"2":{"loc":{"start":{"line":42,"column":4},"end":{"line":44,"column":5}},"type":"if","locations":[{"start":{"line":42,"column":4},"end":{"line":44,"column":5}},{"start":{},"end":{}}]}},"s":{"0":2,"1":2,"2":5,"3":5,"4":7,"5":7,"6":2,"7":5,"8":2,"9":3,"10":3,"11":2,"12":1,"13":1,"14":1,"15":2},"f":{"0":5,"1":7},"b":{"0":[2,5],"1":[2,3],"2":[2,1]}}
,"C:\\Users\\Vinicius\\Supermercado\\backend\\src\\core\\use-cases\\batch\\get-batch-by-number.use-case.ts": {"path":"C:\\Users\\Vinicius\\Supermercado\\backend\\src\\core\\use-cases\\batch\\get-batch-by-number.use-case.ts","statementMap":{"0":{"start":{"line":1,"column":0},"end":{"line":1,"column":63}},"1":{"start":{"line":6,"column":7},"end":{"line":18,"column":null}},"2":{"start":{"line":7,"column":31},"end":{"line":7,"column":64}},"3":{"start":{"line":10,"column":17},"end":{"line":10,"column":72}},"4":{"start":{"line":12,"column":4},"end":{"line":14,"column":5}},"5":{"start":{"line":13,"column":6},"end":{"line":13,"column":83}},"6":{"start":{"line":16,"column":4},"end":{"line":16,"column":16}},"7":{"start":{"line":6,"column":13},"end":{"line":6,"column":36}},"8":{"start":{"line":6,"column":13},"end":{"line":18,"column":null}}},"fnMap":{"0":{"name":"(anonymous_2)","decl":{"start":{"line":7,"column":2},"end":{"line":7,"column":31}},"loc":{"start":{"line":7,"column":64},"end":{"line":7,"column":68}}},"1":{"name":"(anonymous_3)","decl":{"start":{"line":9,"column":2},"end":{"line":9,"column":7}},"loc":{"start":{"line":9,"column":34},"end":{"line":17,"column":3}}}},"branchMap":{"0":{"loc":{"start":{"line":12,"column":4},"end":{"line":14,"column":5}},"type":"if","locations":[{"start":{"line":12,"column":4},"end":{"line":14,"column":5}},{"start":{},"end":{}}]}},"s":{"0":3,"1":3,"2":3,"3":2,"4":2,"5":1,"6":1,"7":3,"8":3},"f":{"0":3,"1":2},"b":{"0":[1,1]}}
,"C:\\Users\\Vinicius\\Supermercado\\backend\\src\\core\\use-cases\\batch\\get-expiry-alerts.use-case.ts": {"path":"C:\\Users\\Vinicius\\Supermercado\\backend\\src\\core\\use-cases\\batch\\get-expiry-alerts.use-case.ts","statementMap":{"0":{"start":{"line":4,"column":31},"end":{"line":4,"column":64}},"1":{"start":{"line":7,"column":28},"end":{"line":7,"column":73}},"2":{"start":{"line":9,"column":4},"end":{"line":20,"column":8}},"3":{"start":{"line":9,"column":43},"end":{"line":20,"column":6}},"4":{"start":{"line":3,"column":0},"end":{"line":3,"column":13}}},"fnMap":{"0":{"name":"(anonymous_0)","decl":{"start":{"line":4,"column":2},"end":{"line":4,"column":31}},"loc":{"start":{"line":4,"column":64},"end":{"line":4,"column":68}}},"1":{"name":"(anonymous_1)","decl":{"start":{"line":6,"column":2},"end":{"line":6,"column":7}},"loc":{"start":{"line":6,"column":33},"end":{"line":21,"column":3}}},"2":{"name":"(anonymous_2)","decl":{"start":{"line":9,"column":31},"end":{"line":9,"column":32}},"loc":{"start":{"line":9,"column":43},"end":{"line":20,"column":6}}}},"branchMap":{"0":{"loc":{"start":{"line":6,"column":16},"end":{"line":6,"column":33}},"type":"default-arg","locations":[{"start":{"line":6,"column":31},"end":{"line":6,"column":33}}]}},"s":{"0":3,"1":2,"2":2,"3":1,"4":3},"f":{"0":3,"1":2,"2":1},"b":{"0":[0]}}
,"C:\\Users\\Vinicius\\Supermercado\\backend\\src\\core\\use-cases\\batch\\get-pending-putaway.use-case.ts": {"path":"C:\\Users\\Vinicius\\Supermercado\\backend\\src\\core\\use-cases\\batch\\get-pending-putaway.use-case.ts","statementMap":{"0":{"start":{"line":2,"column":0},"end":{"line":2,"column":44}},"1":{"start":{"line":37,"column":7},"end":{"line":80,"column":null}},"2":{"start":{"line":38,"column":31},"end":{"line":38,"column":64}},"3":{"start":{"line":43,"column":24},"end":{"line":43,"column":74}},"4":{"start":{"line":45,"column":45},"end":{"line":45,"column":47}},"5":{"start":{"line":47,"column":4},"end":{"line":76,"column":5}},"6":{"start":{"line":48,"column":33},"end":{"line":48,"column":65}},"7":{"start":{"line":51,"column":29},"end":{"line":53,"column":63}},"8":{"start":{"line":52,"column":28},"end":{"line":52,"column":52}},"9":{"start":{"line":53,"column":41},"end":{"line":53,"column":59}},"10":{"start":{"line":57,"column":37},"end":{"line":59,"column":63}},"11":{"start":{"line":58,"column":28},"end":{"line":58,"column":81}},"12":{"start":{"line":59,"column":41},"end":{"line":59,"column":59}},"13":{"start":{"line":62,"column":33},"end":{"line":62,"column":90}},"14":{"start":{"line":64,"column":6},"end":{"line":75,"column":7}},"15":{"start":{"line":65,"column":8},"end":{"line":74,"column":11}},"16":{"start":{"line":78,"column":4},"end":{"line":78,"column":21}},"17":{"start":{"line":37,"column":13},"end":{"line":37,"column":44}},"18":{"start":{"line":37,"column":13},"end":{"line":80,"column":null}}},"fnMap":{"0":{"name":"(anonymous_2)","decl":{"start":{"line":38,"column":2},"end":{"line":38,"column":31}},"loc":{"start":{"line":38,"column":64},"end":{"line":38,"column":68}}},"1":{"name":"(anonymous_3)","decl":{"start":{"line":40,"column":2},"end":{"line":40,"column":7}},"loc":{"start":{"line":40,"column":15},"end":{"line":79,"column":3}}},"2":{"name":"(anonymous_4)","decl":{"start":{"line":52,"column":16},"end":{"line":52,"column":17}},"loc":{"start":{"line":52,"column":28},"end":{"line":52,"column":52}}},"3":{"name":"(anonymous_5)","decl":{"start":{"line":53,"column":16},"end":{"line":53,"column":17}},"loc":{"start":{"line":53,"column":41},"end":{"line":53,"column":59}}},"4":{"name":"(anonymous_6)","decl":{"start":{"line":58,"column":16},"end":{"line":58,"column":17}},"loc":{"start":{"line":58,"column":28},"end":{"line":58,"column":81}}},"5":{"name":"(anonymous_7)","decl":{"start":{"line":59,"column":16},"end":{"line":59,"column":17}},"loc":{"start":{"line":59,"column":41},"end":{"line":59,"column":59}}}},"branchMap":{"0":{"loc":{"start":{"line":48,"column":33},"end":{"line":48,"column":65}},"type":"binary-expr","locations":[{"start":{"line":48,"column":33},"end":{"line":48,"column":59}},{"start":{"line":48,"column":63},"end":{"line":48,"column":65}}]},"1":{"loc":{"start":{"line":58,"column":28},"end":{"line":58,"column":81}},"type":"binary-expr","locations":[{"start":{"line":58,"column":28},"end":{"line":58,"column":50}},{"start":{"line":58,"column":54},"end":{"line":58,"column":81}}]},"2":{"loc":{"start":{"line":64,"column":6},"end":{"line":75,"column":7}},"type":"if","locations":[{"start":{"line":64,"column":6},"end":{"line":75,"column":7}},{"start":{},"end":{}}]},"3":{"loc":{"start":{"line":69,"column":23},"end":{"line":69,"column":54}},"type":"binary-expr","locations":[{"start":{"line":69,"column":23},"end":{"line":69,"column":48}},{"start":{"line":69,"column":52},"end":{"line":69,"column":54}}]},"4":{"loc":{"start":{"line":70,"column":29},"end":{"line":70,"column":66}},"type":"binary-expr","locations":[{"start":{"line":70,"column":29},"end":{"line":70,"column":60}},{"start":{"line":70,"column":64},"end":{"line":70,"column":66}}]}},"s":{"0":3,"1":3,"2":9,"3":8,"4":8,"5":8,"6":9,"7":9,"8":13,"9":7,"10":9,"11":13,"12":4,"13":9,"14":9,"15":6,"16":8,"17":3,"18":3},"f":{"0":9,"1":8,"2":13,"3":7,"4":13,"5":4},"b":{"0":[9,0],"1":[13,6],"2":[6,3],"3":[6,0],"4":[6,0]}}
,"C:\\Users\\Vinicius\\Supermercado\\backend\\src\\core\\use-cases\\batch\\receive-batch.use-case.ts": {"path":"C:\\Users\\Vinicius\\Supermercado\\backend\\src\\core\\use-cases\\batch\\receive-batch.use-case.ts","statementMap":{"0":{"start":{"line":4,"column":0},"end":{"line":4,"column":64}},"1":{"start":{"line":7,"column":0},"end":{"line":7,"column":87}},"2":{"start":{"line":25,"column":21},"end":{"line":25,"column":58}},"3":{"start":{"line":26,"column":21},"end":{"line":26,"column":64}},"4":{"start":{"line":27,"column":21},"end":{"line":27,"column":44}},"5":{"start":{"line":31,"column":20},"end":{"line":31,"column":76}},"6":{"start":{"line":33,"column":4},"end":{"line":37,"column":5}},"7":{"start":{"line":34,"column":6},"end":{"line":36,"column":8}},"8":{"start":{"line":39,"column":4},"end":{"line":43,"column":5}},"9":{"start":{"line":40,"column":6},"end":{"line":42,"column":8}},"10":{"start":{"line":46,"column":4},"end":{"line":92,"column":5}},"11":{"start":{"line":47,"column":18},"end":{"line":48,"column":null}},"12":{"start":{"line":50,"column":6},"end":{"line":54,"column":7}},"13":{"start":{"line":51,"column":8},"end":{"line":53,"column":10}},"14":{"start":{"line":56,"column":22},"end":{"line":57,"column":null}},"15":{"start":{"line":57,"column":18},"end":{"line":57,"column":49}},"16":{"start":{"line":59,"column":6},"end":{"line":63,"column":7}},"17":{"start":{"line":60,"column":8},"end":{"line":62,"column":10}},"18":{"start":{"line":66,"column":31},"end":{"line":68,"column":null}},"19":{"start":{"line":71,"column":6},"end":{"line":91,"column":7}},"20":{"start":{"line":73,"column":10},"end":{"line":75,"column":17}},"21":{"start":{"line":76,"column":29},"end":{"line":85,"column":10}},"22":{"start":{"line":86,"column":8},"end":{"line":90,"column":10}},"23":{"start":{"line":95,"column":4},"end":{"line":106,"column":5}},"24":{"start":{"line":96,"column":6},"end":{"line":100,"column":7}},"25":{"start":{"line":97,"column":8},"end":{"line":99,"column":10}},"26":{"start":{"line":101,"column":6},"end":{"line":105,"column":7}},"27":{"start":{"line":102,"column":8},"end":{"line":104,"column":10}},"28":{"start":{"line":110,"column":4},"end":{"line":188,"column":7}},"29":{"start":{"line":112,"column":6},"end":{"line":112,"column":53}},"30":{"start":{"line":115,"column":28},"end":{"line":115,"column":76}},"31":{"start":{"line":116,"column":6},"end":{"line":118,"column":7}},"32":{"start":{"line":117,"column":8},"end":{"line":117,"column":87}},"33":{"start":{"line":121,"column":19},"end":{"line":130,"column":8}},"34":{"start":{"line":133,"column":6},"end":{"line":135,"column":7}},"35":{"start":{"line":134,"column":8},"end":{"line":134,"column":118}},"36":{"start":{"line":136,"column":6},"end":{"line":138,"column":7}},"37":{"start":{"line":137,"column":8},"end":{"line":137,"column":89}},"38":{"start":{"line":140,"column":20},"end":{"line":140,"column":79}},"39":{"start":{"line":141,"column":29},"end":{"line":141,"column":76}},"40":{"start":{"line":141,"column":54},"end":{"line":141,"column":72}},"41":{"start":{"line":142,"column":33},"end":{"line":142,"column":81}},"42":{"start":{"line":143,"column":28},"end":{"line":143,"column":52}},"43":{"start":{"line":145,"column":22},"end":{"line":145,"column":35}},"44":{"start":{"line":146,"column":6},"end":{"line":150,"column":7}},"45":{"start":{"line":147,"column":8},"end":{"line":147,"column":43}},"46":{"start":{"line":149,"column":8},"end":{"line":149,"column":120}},"47":{"start":{"line":151,"column":6},"end":{"line":151,"column":47}},"48":{"start":{"line":153,"column":6},"end":{"line":153,"column":74}},"49":{"start":{"line":155,"column":6},"end":{"line":162,"column":9}},"50":{"start":{"line":165,"column":6},"end":{"line":173,"column":7}},"51":{"start":{"line":166,"column":20},"end":{"line":166,"column":81}},"52":{"start":{"line":167,"column":8},"end":{"line":172,"column":9}},"53":{"start":{"line":168,"column":33},"end":{"line":168,"column":97}},"54":{"start":{"line":169,"column":10},"end":{"line":171,"column":11}},"55":{"start":{"line":170,"column":12},"end":{"line":170,"column":91}},"56":{"start":{"line":177,"column":6},"end":{"line":185,"column":9}},"57":{"start":{"line":187,"column":6},"end":{"line":187,"column":18}},"58":{"start":{"line":23,"column":0},"end":{"line":23,"column":13}}},"fnMap":{"0":{"name":"(anonymous_0)","decl":{"start":{"line":24,"column":2},"end":{"line":24,"column":null}},"loc":{"start":{"line":27,"column":44},"end":{"line":28,"column":6}}},"1":{"name":"(anonymous_1)","decl":{"start":{"line":30,"column":2},"end":{"line":30,"column":7}},"loc":{"start":{"line":30,"column":44},"end":{"line":189,"column":3}}},"2":{"name":"(anonymous_2)","decl":{"start":{"line":57,"column":8},"end":{"line":57,"column":9}},"loc":{"start":{"line":57,"column":18},"end":{"line":57,"column":49}}},"3":{"name":"(anonymous_3)","decl":{"start":{"line":110,"column":41},"end":{"line":110,"column":46}},"loc":{"start":{"line":110,"column":55},"end":{"line":188,"column":5}}},"4":{"name":"(anonymous_4)","decl":{"start":{"line":141,"column":42},"end":{"line":141,"column":43}},"loc":{"start":{"line":141,"column":54},"end":{"line":141,"column":72}}}},"branchMap":{"0":{"loc":{"start":{"line":33,"column":4},"end":{"line":37,"column":5}},"type":"if","locations":[{"start":{"line":33,"column":4},"end":{"line":37,"column":5}},{"start":{},"end":{}}]},"1":{"loc":{"start":{"line":39,"column":4},"end":{"line":43,"column":5}},"type":"if","locations":[{"start":{"line":39,"column":4},"end":{"line":43,"column":5}},{"start":{},"end":{}}]},"2":{"loc":{"start":{"line":46,"column":4},"end":{"line":92,"column":5}},"type":"if","locations":[{"start":{"line":46,"column":4},"end":{"line":92,"column":5}},{"start":{},"end":{}}]},"3":{"loc":{"start":{"line":50,"column":6},"end":{"line":54,"column":7}},"type":"if","locations":[{"start":{"line":50,"column":6},"end":{"line":54,"column":7}},{"start":{},"end":{}}]},"4":{"loc":{"start":{"line":59,"column":6},"end":{"line":63,"column":7}},"type":"if","locations":[{"start":{"line":59,"column":6},"end":{"line":63,"column":7}},{"start":{},"end":{}}]},"5":{"loc":{"start":{"line":71,"column":6},"end":{"line":91,"column":7}},"type":"if","locations":[{"start":{"line":71,"column":6},"end":{"line":91,"column":7}},{"start":{},"end":{}}]},"6":{"loc":{"start":{"line":95,"column":4},"end":{"line":106,"column":5}},"type":"if","locations":[{"start":{"line":95,"column":4},"end":{"line":106,"column":5}},{"start":{},"end":{}}]},"7":{"loc":{"start":{"line":96,"column":6},"end":{"line":100,"column":7}},"type":"if","locations":[{"start":{"line":96,"column":6},"end":{"line":100,"column":7}},{"start":{},"end":{}}]},"8":{"loc":{"start":{"line":101,"column":6},"end":{"line":105,"column":7}},"type":"if","locations":[{"start":{"line":101,"column":6},"end":{"line":105,"column":7}},{"start":{},"end":{}}]},"9":{"loc":{"start":{"line":116,"column":6},"end":{"line":118,"column":7}},"type":"if","locations":[{"start":{"line":116,"column":6},"end":{"line":118,"column":7}},{"start":{},"end":{}}]},"10":{"loc":{"start":{"line":125,"column":18},"end":{"line":125,"column":70}},"type":"cond-expr","locations":[{"start":{"line":125,"column":37},"end":{"line":125,"column":63}},{"start":{"line":125,"column":66},"end":{"line":125,"column":70}}]},"11":{"loc":{"start":{"line":128,"column":22},"end":{"line":128,"column":50}},"type":"binary-expr","locations":[{"start":{"line":128,"column":22},"end":{"line":128,"column":42}},{"start":{"line":128,"column":46},"end":{"line":128,"column":50}}]},"12":{"loc":{"start":{"line":129,"column":22},"end":{"line":129,"column":50}},"type":"binary-expr","locations":[{"start":{"line":129,"column":22},"end":{"line":129,"column":42}},{"start":{"line":129,"column":46},"end":{"line":129,"column":50}}]},"13":{"loc":{"start":{"line":133,"column":6},"end":{"line":135,"column":7}},"type":"if","locations":[{"start":{"line":133,"column":6},"end":{"line":135,"column":7}},{"start":{},"end":{}}]},"14":{"loc":{"start":{"line":136,"column":6},"end":{"line":138,"column":7}},"type":"if","locations":[{"start":{"line":136,"column":6},"end":{"line":138,"column":7}},{"start":{},"end":{}}]},"15":{"loc":{"start":{"line":146,"column":6},"end":{"line":150,"column":7}},"type":"if","locations":[{"start":{"line":146,"column":6},"end":{"line":150,"column":7}},{"start":{"line":148,"column":13},"end":{"line":150,"column":7}}]},"16":{"loc":{"start":{"line":165,"column":6},"end":{"line":173,"column":7}},"type":"if","locations":[{"start":{"line":165,"column":6},"end":{"line":173,"column":7}},{"start":{},"end":{}}]},"17":{"loc":{"start":{"line":167,"column":8},"end":{"line":172,"column":9}},"type":"if","locations":[{"start":{"line":167,"column":8},"end":{"line":172,"column":9}},{"start":{},"end":{}}]},"18":{"loc":{"start":{"line":169,"column":10},"end":{"line":171,"column":11}},"type":"if","locations":[{"start":{"line":169,"column":10},"end":{"line":171,"column":11}},{"start":{},"end":{}}]},"19":{"loc":{"start":{"line":169,"column":14},"end":{"line":169,"column":83}},"type":"binary-expr","locations":[{"start":{"line":169,"column":14},"end":{"line":169,"column":52}},{"start":{"line":169,"column":56},"end":{"line":169,"column":83}}]}},"s":{"0":3,"1":3,"2":11,"3":11,"4":11,"5":14,"6":14,"7":2,"8":12,"9":2,"10":10,"11":4,"12":4,"13":0,"14":4,"15":4,"16":4,"17":2,"18":2,"19":2,"20":1,"21":1,"22":1,"23":8,"24":5,"25":2,"26":3,"27":2,"28":4,"29":4,"30":4,"31":4,"32":0,"33":4,"34":4,"35":0,"36":4,"37":0,"38":4,"39":4,"40":4,"41":4,"42":4,"43":4,"44":4,"45":4,"46":0,"47":4,"48":4,"49":4,"50":4,"51":2,"52":2,"53":2,"54":2,"55":1,"56":4,"57":4,"58":3},"f":{"0":11,"1":14,"2":4,"3":4,"4":4},"b":{"0":[2,12],"1":[2,10],"2":[4,6],"3":[0,4],"4":[2,2],"5":[1,1],"6":[5,3],"7":[2,3],"8":[2,1],"9":[0,4],"10":[1,3],"11":[4,2],"12":[4,3],"13":[0,4],"14":[0,4],"15":[4,0],"16":[2,2],"17":[2,0],"18":[1,1],"19":[2,1]}}
,"C:\\Users\\Vinicius\\Supermercado\\backend\\src\\core\\use-cases\\cost\\get-product-cost-history.use-case.ts": {"path":"C:\\Users\\Vinicius\\Supermercado\\backend\\src\\core\\use-cases\\cost\\get-product-cost-history.use-case.ts","statementMap":{"0":{"start":{"line":3,"column":0},"end":{"line":3,"column":70}},"1":{"start":{"line":7,"column":21},"end":{"line":7,"column":60}},"2":{"start":{"line":8,"column":21},"end":{"line":8,"column":58}},"3":{"start":{"line":12,"column":20},"end":{"line":12,"column":68}},"4":{"start":{"line":13,"column":4},"end":{"line":15,"column":5}},"5":{"start":{"line":14,"column":6},"end":{"line":14,"column":81}},"6":{"start":{"line":17,"column":4},"end":{"line":17,"column":68}},"7":{"start":{"line":5,"column":0},"end":{"line":5,"column":13}}},"fnMap":{"0":{"name":"(anonymous_0)","decl":{"start":{"line":6,"column":2},"end":{"line":6,"column":null}},"loc":{"start":{"line":8,"column":58},"end":{"line":9,"column":6}}},"1":{"name":"(anonymous_1)","decl":{"start":{"line":11,"column":2},"end":{"line":11,"column":7}},"loc":{"start":{"line":11,"column":33},"end":{"line":18,"column":3}}}},"branchMap":{"0":{"loc":{"start":{"line":13,"column":4},"end":{"line":15,"column":5}},"type":"if","locations":[{"start":{"line":13,"column":4},"end":{"line":15,"column":5}},{"start":{},"end":{}}]}},"s":{"0":2,"1":3,"2":3,"3":3,"4":3,"5":2,"6":1,"7":2},"f":{"0":3,"1":3},"b":{"0":[2,1]}}
,"C:\\Users\\Vinicius\\Supermercado\\backend\\src\\core\\use-cases\\dashboard\\get-dead-stock-kpi.use-case.ts": {"path":"C:\\Users\\Vinicius\\Supermercado\\backend\\src\\core\\use-cases\\dashboard\\get-dead-stock-kpi.use-case.ts","statementMap":{"0":{"start":{"line":10,"column":31},"end":{"line":10,"column":58}},"1":{"start":{"line":13,"column":4},"end":{"line":13,"column":44}},"2":{"start":{"line":9,"column":0},"end":{"line":9,"column":13}}},"fnMap":{"0":{"name":"(anonymous_0)","decl":{"start":{"line":10,"column":2},"end":{"line":10,"column":31}},"loc":{"start":{"line":10,"column":58},"end":{"line":10,"column":62}}},"1":{"name":"(anonymous_1)","decl":{"start":{"line":12,"column":2},"end":{"line":12,"column":7}},"loc":{"start":{"line":12,"column":15},"end":{"line":14,"column":3}}}},"branchMap":{},"s":{"0":2,"1":1,"2":2},"f":{"0":2,"1":1},"b":{}}
,"C:\\Users\\Vinicius\\Supermercado\\backend\\src\\core\\use-cases\\dashboard\\get-kpis-dashboard.use-case.ts": {"path":"C:\\Users\\Vinicius\\Supermercado\\backend\\src\\core\\use-cases\\dashboard\\get-kpis-dashboard.use-case.ts","statementMap":{"0":{"start":{"line":12,"column":21},"end":{"line":12,"column":66}},"1":{"start":{"line":13,"column":21},"end":{"line":13,"column":58}},"2":{"start":{"line":18,"column":6},"end":{"line":22,"column":8}},"3":{"start":{"line":25,"column":6},"end":{"line":32,"column":13}},"4":{"start":{"line":34,"column":4},"end":{"line":38,"column":6}},"5":{"start":{"line":10,"column":0},"end":{"line":10,"column":13}}},"fnMap":{"0":{"name":"(anonymous_0)","decl":{"start":{"line":11,"column":2},"end":{"line":11,"column":null}},"loc":{"start":{"line":13,"column":58},"end":{"line":14,"column":6}}},"1":{"name":"(anonymous_1)","decl":{"start":{"line":16,"column":2},"end":{"line":16,"column":7}},"loc":{"start":{"line":16,"column":15},"end":{"line":39,"column":3}}}},"branchMap":{"0":{"loc":{"start":{"line":25,"column":6},"end":{"line":32,"column":13}},"type":"cond-expr","locations":[{"start":{"line":26,"column":10},"end":{"line":30,"column":null}},{"start":{"line":32,"column":10},"end":{"line":32,"column":13}}]}},"s":{"0":3,"1":3,"2":2,"3":2,"4":2,"5":2},"f":{"0":3,"1":2},"b":{"0":[1,1]}}
,"C:\\Users\\Vinicius\\Supermercado\\backend\\src\\core\\use-cases\\dashboard\\get-realtime-dashboard.use-case.ts": {"path":"C:\\Users\\Vinicius\\Supermercado\\backend\\src\\core\\use-cases\\dashboard\\get-realtime-dashboard.use-case.ts","statementMap":{"0":{"start":{"line":11,"column":21},"end":{"line":11,"column":54}},"1":{"start":{"line":12,"column":21},"end":{"line":12,"column":48}},"2":{"start":{"line":16,"column":50},"end":{"line":19,"column":6}},"3":{"start":{"line":21,"column":4},"end":{"line":24,"column":6}},"4":{"start":{"line":9,"column":0},"end":{"line":9,"column":13}}},"fnMap":{"0":{"name":"(anonymous_0)","decl":{"start":{"line":10,"column":2},"end":{"line":10,"column":null}},"loc":{"start":{"line":12,"column":48},"end":{"line":13,"column":6}}},"1":{"name":"(anonymous_1)","decl":{"start":{"line":15,"column":2},"end":{"line":15,"column":7}},"loc":{"start":{"line":15,"column":15},"end":{"line":25,"column":3}}}},"branchMap":{},"s":{"0":2,"1":2,"2":1,"3":1,"4":2},"f":{"0":2,"1":1},"b":{}}
,"C:\\Users\\Vinicius\\Supermercado\\backend\\src\\core\\use-cases\\dashboard\\get-ruptures-kpi.use-case.ts": {"path":"C:\\Users\\Vinicius\\Supermercado\\backend\\src\\core\\use-cases\\dashboard\\get-ruptures-kpi.use-case.ts","statementMap":{"0":{"start":{"line":10,"column":31},"end":{"line":10,"column":62}},"1":{"start":{"line":13,"column":4},"end":{"line":13,"column":45}},"2":{"start":{"line":9,"column":0},"end":{"line":9,"column":13}}},"fnMap":{"0":{"name":"(anonymous_0)","decl":{"start":{"line":10,"column":2},"end":{"line":10,"column":31}},"loc":{"start":{"line":10,"column":62},"end":{"line":10,"column":66}}},"1":{"name":"(anonymous_1)","decl":{"start":{"line":12,"column":2},"end":{"line":12,"column":7}},"loc":{"start":{"line":12,"column":15},"end":{"line":14,"column":3}}}},"branchMap":{},"s":{"0":2,"1":1,"2":2},"f":{"0":2,"1":1},"b":{}}
,"C:\\Users\\Vinicius\\Supermercado\\backend\\src\\core\\use-cases\\dashboard\\get-shrinkage-kpi.use-case.ts": {"path":"C:\\Users\\Vinicius\\Supermercado\\backend\\src\\core\\use-cases\\dashboard\\get-shrinkage-kpi.use-case.ts","statementMap":{"0":{"start":{"line":8,"column":31},"end":{"line":8,"column":68}},"1":{"start":{"line":11,"column":19},"end":{"line":11,"column":65}},"2":{"start":{"line":12,"column":4},"end":{"line":14,"column":6}},"3":{"start":{"line":7,"column":0},"end":{"line":7,"column":13}}},"fnMap":{"0":{"name":"(anonymous_0)","decl":{"start":{"line":8,"column":2},"end":{"line":8,"column":31}},"loc":{"start":{"line":8,"column":68},"end":{"line":8,"column":72}}},"1":{"name":"(anonymous_1)","decl":{"start":{"line":10,"column":2},"end":{"line":10,"column":7}},"loc":{"start":{"line":10,"column":15},"end":{"line":15,"column":3}}}},"branchMap":{},"s":{"0":2,"1":1,"2":1,"3":2},"f":{"0":2,"1":1},"b":{}}
[...]
,"C:\\Users\\Vinicius\\Supermercado\\backend\\src\\infrastructure\\security\\jwt.strategy.ts": {"path":"C:\\Users\\Vinicius\\Supermercado\\backend\\src\\infrastructure\\security\\jwt.strategy.ts","statementMap":{"0":{"start":{"line":1,"column":0},"end":{"line":1,"column":44}},"1":{"start":{"line":2,"column":0},"end":{"line":2,"column":52}},"2":{"start":{"line":3,"column":0},"end":{"line":3,"column":52}},"3":{"start":{"line":12,"column":7},"end":{"line":31,"column":null}},"4":{"start":{"line":14,"column":19},"end":{"line":14,"column":41}},"5":{"start":{"line":15,"column":4},"end":{"line":17,"column":5}},"6":{"start":{"line":16,"column":6},"end":{"line":16,"column":87}},"7":{"start":{"line":18,"column":4},"end":{"line":25,"column":7}},"8":{"start":{"line":20,"column":22},"end":{"line":20,"column":49}},"9":{"start":{"line":29,"column":4},"end":{"line":29,"column":81}},"10":{"start":{"line":12,"column":13},"end":{"line":12,"column":24}},"11":{"start":{"line":12,"column":13},"end":{"line":31,"column":null}}},"fnMap":{"0":{"name":"(anonymous_2)","decl":{"start":{"line":13,"column":2},"end":{"line":13,"column":null}},"loc":{"start":{"line":13,"column":2},"end":{"line":26,"column":3}}},"1":{"name":"(anonymous_3)","decl":{"start":{"line":20,"column":8},"end":{"line":20,"column":9}},"loc":{"start":{"line":20,"column":22},"end":{"line":20,"column":49}}},"2":{"name":"(anonymous_4)","decl":{"start":{"line":28,"column":2},"end":{"line":28,"column":7}},"loc":{"start":{"line":28,"column":29},"end":{"line":30,"column":3}}}},"branchMap":{"0":{"loc":{"start":{"line":15,"column":4},"end":{"line":17,"column":5}},"type":"if","locations":[{"start":{"line":15,"column":4},"end":{"line":17,"column":5}},{"start":{},"end":{}}]},"1":{"loc":{"start":{"line":20,"column":22},"end":{"line":20,"column":49}},"type":"binary-expr","locations":[{"start":{"line":20,"column":22},"end":{"line":20,"column":41}},{"start":{"line":20,"column":45},"end":{"line":20,"column":49}}]}},"s":{"0":1,"1":1,"2":1,"3":1,"4":1,"5":1,"6":0,"7":1,"8":4,"9":2,"10":1,"11":1},"f":{"0":1,"1":4,"2":2},"b":{"0":[0,1],"1":[4,4]}}
,"C:\\Users\\Vinicius\\Supermercado\\backend\\src\\infrastructure\\security\\public.decorator.ts": {"path":"C:\\Users\\Vinicius\\Supermercado\\backend\\src\\infrastructure\\security\\public.decorator.ts","statementMap":{"0":{"start":{"line":1,"column":0},"end":{"line":1,"column":45}},"1":{"start":{"line":4,"column":13},"end":{"line":4,"column":40}},"2":{"start":{"line":5,"column":22},"end":{"line":5,"column":60}},"3":{"start":{"line":5,"column":28},"end":{"line":5,"column":60}},"4":{"start":{"line":5,"column":13},"end":{"line":5,"column":22}}},"fnMap":{"0":{"name":"(anonymous_0)","decl":{"start":{"line":5,"column":22},"end":{"line":5,"column":25}},"loc":{"start":{"line":5,"column":28},"end":{"line":5,"column":60}}}},"branchMap":{},"s":{"0":4,"1":4,"2":4,"3":5,"4":4},"f":{"0":5},"b":{}}
,"C:\\Users\\Vinicius\\Supermercado\\backend\\src\\infrastructure\\security\\retention.guard.ts": {"path":"C:\\Users\\Vinicius\\Supermercado\\backend\\src\\infrastructure\\security\\retention.guard.ts","statementMap":{"0":{"start":{"line":1,"column":0},"end":{"line":1,"column":64}},"1":{"start":{"line":10,"column":44},"end":{"line":10,"column":45}},"2":{"start":{"line":17,"column":16},"end":{"line":17,"column":26}},"3":{"start":{"line":18,"column":27},"end":{"line":18,"column":40}},"4":{"start":{"line":19,"column":4},"end":{"line":21,"column":6}},"5":{"start":{"line":23,"column":4},"end":{"line":27,"column":5}},"6":{"start":{"line":24,"column":6},"end":{"line":26,"column":8}},"7":{"start":{"line":34,"column":19},"end":{"line":34,"column":29}},"8":{"start":{"line":35,"column":4},"end":{"line":35,"column":78}},"9":{"start":{"line":36,"column":4},"end":{"line":36,"column":18}},"10":{"start":{"line":9,"column":13},"end":{"line":9,"column":27}},"11":{"start":{"line":9,"column":13},"end":{"line":38,"column":null}}},"fnMap":{"0":{"name":"(anonymous_1)","decl":{"start":{"line":16,"column":2},"end":{"line":16,"column":8}},"loc":{"start":{"line":16,"column":39},"end":{"line":28,"column":3}}},"1":{"name":"(anonymous_2)","decl":{"start":{"line":33,"column":2},"end":{"line":33,"column":8}},"loc":{"start":{"line":33,"column":31},"end":{"line":37,"column":3}}}},"branchMap":{"0":{"loc":{"start":{"line":23,"column":4},"end":{"line":27,"column":5}},"type":"if","locations":[{"start":{"line":23,"column":4},"end":{"line":27,"column":5}},{"start":{},"end":{}}]}},"s":{"0":3,"1":3,"2":6,"3":6,"4":6,"5":6,"6":4,"7":1,"8":1,"9":1,"10":3,"11":3},"f":{"0":6,"1":1},"b":{"0":[4,2]}}
,"C:\\Users\\Vinicius\\Supermercado\\backend\\src\\infrastructure\\security\\roles.decorator.ts": {"path":"C:\\Users\\Vinicius\\Supermercado\\backend\\src\\infrastructure\\security\\roles.decorator.ts","statementMap":{"0":{"start":{"line":1,"column":0},"end":{"line":1,"column":45}},"1":{"start":{"line":3,"column":0},"end":{"line":3,"column":null}},"2":{"start":{"line":4,"column":2},"end":{"line":4,"column":null}},"3":{"start":{"line":5,"column":2},"end":{"line":5,"column":null}},"4":{"start":{"line":6,"column":2},"end":{"line":6,"column":null}},"5":{"start":{"line":9,"column":13},"end":{"line":9,"column":33}},"6":{"start":{"line":10,"column":21},"end":{"line":10,"column":72}},"7":{"start":{"line":10,"column":43},"end":{"line":10,"column":72}},"8":{"start":{"line":10,"column":13},"end":{"line":10,"column":21}}},"fnMap":{"0":{"name":"(anonymous_0)","decl":{"start":{"line":3,"column":0},"end":{"line":3,"column":12}},"loc":{"start":{"line":3,"column":16},"end":{"line":7,"column":1}}},"1":{"name":"(anonymous_1)","decl":{"start":{"line":10,"column":21},"end":{"line":10,"column":22}},"loc":{"start":{"line":10,"column":43},"end":{"line":10,"column":72}}}},"branchMap":{"0":{"loc":{"start":{"line":3,"column":12},"end":{"line":3,"column":null}},"type":"binary-expr","locations":[{"start":{"line":3,"column":12},"end":{"line":3,"column":16}},{"start":{"line":3,"column":16},"end":{"line":3,"column":null}}]}},"s":{"0":4,"1":4,"2":4,"3":4,"4":4,"5":4,"6":4,"7":52,"8":4},"f":{"0":4,"1":52},"b":{"0":[4,4]}}
,"C:\\Users\\Vinicius\\Supermercado\\backend\\src\\infrastructure\\security\\roles.guard.ts": {"path":"C:\\Users\\Vinicius\\Supermercado\\backend\\src\\infrastructure\\security\\roles.guard.ts","statementMap":{"0":{"start":{"line":1,"column":0},"end":{"line":1,"column":null}},"1":{"start":{"line":7,"column":0},"end":{"line":7,"column":41}},"2":{"start":{"line":8,"column":0},"end":{"line":8,"column":52}},"3":{"start":{"line":11,"column":23},"end":{"line":41,"column":null}},"4":{"start":{"line":12,"column":28},"end":{"line":12,"column":55}},"5":{"start":{"line":14,"column":22},"end":{"line":14,"column":33}},"6":{"start":{"line":17,"column":26},"end":{"line":20,"column":6}},"7":{"start":{"line":22,"column":4},"end":{"line":24,"column":5}},"8":{"start":{"line":23,"column":6},"end":{"line":23,"column":18}},"9":{"start":{"line":26,"column":21},"end":{"line":26,"column":56}},"10":{"start":{"line":30,"column":6},"end":{"line":30,"column":72}},"11":{"start":{"line":30,"column":51},"end":{"line":30,"column":71}},"12":{"start":{"line":32,"column":4},"end":{"line":37,"column":5}},"13":{"start":{"line":33,"column":30},"end":{"line":33,"column":65}},"14":{"start":{"line":34,"column":6},"end":{"line":36,"column":8}},"15":{"start":{"line":39,"column":4},"end":{"line":39,"column":24}},"16":{"start":{"line":11,"column":13},"end":{"line":11,"column":23}},"17":{"start":{"line":11,"column":13},"end":{"line":41,"column":null}}},"fnMap":{"0":{"name":"(anonymous_2)","decl":{"start":{"line":14,"column":2},"end":{"line":14,"column":22}},"loc":{"start":{"line":14,"column":42},"end":{"line":14,"column":46}}},"1":{"name":"(anonymous_3)","decl":{"start":{"line":16,"column":2},"end":{"line":16,"column":13}},"loc":{"start":{"line":16,"column":39},"end":{"line":40,"column":3}}},"2":{"name":"(anonymous_4)","decl":{"start":{"line":30,"column":41},"end":{"line":30,"column":42}},"loc":{"start":{"line":30,"column":51},"end":{"line":30,"column":71}}}},"branchMap":{"0":{"loc":{"start":{"line":22,"column":4},"end":{"line":24,"column":5}},"type":"if","locations":[{"start":{"line":22,"column":4},"end":{"line":24,"column":5}},{"start":{},"end":{}}]},"1":{"loc":{"start":{"line":30,"column":6},"end":{"line":30,"column":72}},"type":"binary-expr","locations":[{"start":{"line":30,"column":6},"end":{"line":30,"column":18}},{"start":{"line":30,"column":22},"end":{"line":30,"column":72}}]},"2":{"loc":{"start":{"line":32,"column":4},"end":{"line":37,"column":5}},"type":"if","locations":[{"start":{"line":32,"column":4},"end":{"line":37,"column":5}},{"start":{},"end":{}}]},"3":{"loc":{"start":{"line":35,"column":34},"end":{"line":35,"column":58}},"type":"binary-expr","locations":[{"start":{"line":35,"column":34},"end":{"line":35,"column":45}},{"start":{"line":35,"column":49},"end":{"line":35,"column":58}}]},"4":{"loc":{"start":{"line":35,"column":63},"end":{"line":35,"column":91}},"type":"binary-expr","locations":[{"start":{"line":35,"column":63},"end":{"line":35,"column":75}},{"start":{"line":35,"column":79},"end":{"line":35,"column":91}}]},"5":{"loc":{"start":{"line":14,"column":33},"end":{"line":14,"column":45}},"type":"cond-expr","locations":[{"start":{"line":14,"column":42},"end":{"line":14,"column":45}},{"start":{"line":14,"column":42},"end":{"line":14,"column":45}}]},"6":{"loc":{"start":{"line":14,"column":33},"end":{"line":14,"column":42}},"type":"binary-expr","locations":[{"start":{"line":14,"column":33},"end":{"line":14,"column":45}},{"start":{"line":14,"column":33},"end":{"line":14,"column":42}}]}},"s":{"0":2,"1":2,"2":2,"3":2,"4":5,"5":5,"6":5,"7":5,"8":1,"9":4,"10":4,"11":3,"12":4,"13":2,"14":2,"15":4,"16":2,"17":2},"f":{"0":5,"1":5,"2":3},"b":{"0":[1,4],"1":[4,3],"2":[2,2],"3":[2,2],"4":[2,1],"5":[2,0],"6":[2,2]}}
,"C:\\Users\\Vinicius\\Supermercado\\backend\\src\\infrastructure\\websocket\\dashboard.gateway.ts": {"path":"C:\\Users\\Vinicius\\Supermercado\\backend\\src\\infrastructure\\websocket\\dashboard.gateway.ts","statementMap":{"0":{"start":{"line":1,"column":0},"end":{"line":1,"column":null}},"1":{"start":{"line":8,"column":0},"end":{"line":8,"column":43}},"2":{"start":{"line":9,"column":0},"end":{"line":9,"column":52}},"3":{"start":{"line":10,"column":0},"end":{"line":10,"column":41}},"4":{"start":{"line":20,"column":29},"end":{"line":82,"column":null}},"5":{"start":{"line":26,"column":28},"end":{"line":26,"column":61}},"6":{"start":{"line":28,"column":31},"end":{"line":28,"column":43}},"7":{"start":{"line":31,"column":4},"end":{"line":31,"column":63}},"8":{"start":{"line":33,"column":4},"end":{"line":65,"column":7}},"9":{"start":{"line":34,"column":18},"end":{"line":34,"column":22}},"10":{"start":{"line":36,"column":6},"end":{"line":42,"column":7}},"11":{"start":{"line":37,"column":24},"end":{"line":37,"column":85}},"12":{"start":{"line":37,"column":76},"end":{"line":37,"column":84}},"13":{"start":{"line":38,"column":28},"end":{"line":38,"column":69}},"14":{"start":{"line":38,"column":46},"end":{"line":38,"column":68}},"15":{"start":{"line":39,"column":8},"end":{"line":41,"column":9}},"16":{"start":{"line":40,"column":10},"end":{"line":40,"column":44}},"17":{"start":{"line":44,"column":6},"end":{"line":46,"column":7}},"18":{"start":{"line":45,"column":8},"end":{"line":45,"column":44}},"19":{"start":{"line":48,"column":6},"end":{"line":50,"column":7}},"20":{"start":{"line":49,"column":8},"end":{"line":49,"column":78}},"21":{"start":{"line":52,"column":6},"end":{"line":55,"column":7}},"22":{"start":{"line":53,"column":8},"end":{"line":53,"column":71}},"23":{"start":{"line":54,"column":8},"end":{"line":54,"column":55}},"24":{"start":{"line":57,"column":6},"end":{"line":64,"column":7}},"25":{"start":{"line":58,"column":24},"end":{"line":58,"column":89}},"26":{"start":{"line":59,"column":8},"end":{"line":59,"column":35}},"27":{"start":{"line":60,"column":8},"end":{"line":60,"column":15}},"28":{"start":{"line":62,"column":8},"end":{"line":62,"column":70}},"29":{"start":{"line":63,"column":8},"end":{"line":63,"column":48}},"30":{"start":{"line":69,"column":4},"end":{"line":69,"column":89}},"31":{"start":{"line":73,"column":4},"end":{"line":73,"column":57}},"32":{"start":{"line":77,"column":4},"end":{"line":80,"column":5}},"33":{"start":{"line":78,"column":6},"end":{"line":78,"column":62}},"34":{"start":{"line":79,"column":6},"end":{"line":79,"column":74}},"35":{"start":{"line":20,"column":13},"end":{"line":20,"column":29}},"36":{"start":{"line":24,"column":2},"end":{"line":24,"column":null}},"37":{"start":{"line":20,"column":13},"end":{"line":82,"column":null}},"38":{"start":{"line":16,"column":27},"end":{"line":16,"column":35}}},"fnMap":{"0":{"name":"(anonymous_2)","decl":{"start":{"line":28,"column":2},"end":{"line":28,"column":31}},"loc":{"start":{"line":28,"column":53},"end":{"line":28,"column":57}}},"1":{"name":"(anonymous_3)","decl":{"start":{"line":30,"column":2},"end":{"line":30,"column":11}},"loc":{"start":{"line":30,"column":26},"end":{"line":66,"column":3}}},"2":{"name":"(anonymous_4)","decl":{"start":{"line":33,"column":15},"end":{"line":33,"column":16}},"loc":{"start":{"line":33,"column":40},"end":{"line":65,"column":5}}},"3":{"name":"(anonymous_5)","decl":{"start":{"line":37,"column":71},"end":{"line":37,"column":72}},"loc":{"start":{"line":37,"column":76},"end":{"line":37,"column":84}}},"4":{"name":"(anonymous_6)","decl":{"start":{"line":38,"column":41},"end":{"line":38,"column":42}},"loc":{"start":{"line":38,"column":46},"end":{"line":38,"column":68}}},"5":{"name":"(anonymous_7)","decl":{"start":{"line":68,"column":2},"end":{"line":68,"column":18}},"loc":{"start":{"line":68,"column":33},"end":{"line":70,"column":3}}},"6":{"name":"(anonymous_8)","decl":{"start":{"line":72,"column":2},"end":{"line":72,"column":18}},"loc":{"start":{"line":72,"column":33},"end":{"line":74,"column":3}}},"7":{"name":"(anonymous_9)","decl":{"start":{"line":76,"column":2},"end":{"line":76,"column":21}},"loc":{"start":{"line":76,"column":49},"end":{"line":81,"column":3}}},"8":{"name":"(anonymous_10)","decl":{"start":{"line":16,"column":22},"end":{"line":16,"column":23}},"loc":{"start":{"line":16,"column":27},"end":{"line":16,"column":35}}}},"branchMap":{"0":{"loc":{"start":{"line":36,"column":6},"end":{"line":42,"column":7}},"type":"if","locations":[{"start":{"line":36,"column":6},"end":{"line":42,"column":7}},{"start":{},"end":{}}]},"1":{"loc":{"start":{"line":39,"column":8},"end":{"line":41,"column":9}},"type":"if","locations":[{"start":{"line":39,"column":8},"end":{"line":41,"column":9}},{"start":{},"end":{}}]},"2":{"loc":{"start":{"line":44,"column":6},"end":{"line":46,"column":7}},"type":"if","locations":[{"start":{"line":44,"column":6},"end":{"line":46,"column":7}},{"start":{},"end":{}}]},"3":{"loc":{"start":{"line":44,"column":10},"end":{"line":44,"column":48}},"type":"binary-expr","locations":[{"start":{"line":44,"column":10},"end":{"line":44,"column":16}},{"start":{"line":44,"column":20},"end":{"line":44,"column":48}}]},"4":{"loc":{"start":{"line":48,"column":6},"end":{"line":50,"column":7}},"type":"if","locations":[{"start":{"line":48,"column":6},"end":{"line":50,"column":7}},{"start":{},"end":{}}]},"5":{"loc":{"start":{"line":48,"column":10},"end":{"line":48,"column":59}},"type":"binary-expr","locations":[{"start":{"line":48,"column":10},"end":{"line":48,"column":16}},{"start":{"line":48,"column":20},"end":{"line":48,"column":59}}]},"6":{"loc":{"start":{"line":52,"column":6},"end":{"line":55,"column":7}},"type":"if","locations":[{"start":{"line":52,"column":6},"end":{"line":55,"column":7}},{"start":{},"end":{}}]},"7":{"loc":{"start":{"line":77,"column":4},"end":{"line":80,"column":5}},"type":"if","locations":[{"start":{"line":77,"column":4},"end":{"line":80,"column":5}},{"start":{},"end":{}}]},"8":{"loc":{"start":{"line":24,"column":10},"end":{"line":24,"column":17}},"type":"cond-expr","locations":[{"start":{"line":24,"column":16},"end":{"line":24,"column":17}},{"start":{"line":24,"column":16},"end":{"line":24,"column":17}}]},"9":{"loc":{"start":{"line":24,"column":10},"end":{"line":24,"column":16}},"type":"binary-expr","locations":[{"start":{"line":24,"column":10},"end":{"line":24,"column":17}},{"start":{"line":24,"column":10},"end":{"line":24,"column":16}}]},"10":{"loc":{"start":{"line":15,"column":13},"end":{"line":15,"column":67}},"type":"binary-expr","locations":[{"start":{"line":15,"column":13},"end":{"line":15,"column":40}},{"start":{"line":15,"column":44},"end":{"line":15,"column":67}}]},"11":{"loc":{"start":{"line":28,"column":43},"end":{"line":28,"column":56}},"type":"cond-expr","locations":[{"start":{"line":28,"column":53},"end":{"line":28,"column":56}},{"start":{"line":28,"column":53},"end":{"line":28,"column":56}}]},"12":{"loc":{"start":{"line":28,"column":43},"end":{"line":28,"column":53}},"type":"binary-expr","locations":[{"start":{"line":28,"column":43},"end":{"line":28,"column":56}},{"start":{"line":28,"column":43},"end":{"line":28,"column":53}}]}},"s":{"0":3,"1":3,"2":3,"3":3,"4":3,"5":14,"6":14,"7":14,"8":14,"9":11,"10":11,"11":4,"12":5,"13":4,"14":5,"15":4,"16":3,"17":11,"18":3,"19":11,"20":1,"21":11,"22":4,"23":4,"24":7,"25":7,"26":4,"27":4,"28":3,"29":3,"30":0,"31":0,"32":2,"33":1,"34":1,"35":3,"36":3,"37":3,"38":3},"f":{"0":14,"1":14,"2":11,"3":5,"4":5,"5":0,"6":0,"7":2,"8":3},"b":{"0":[4,7],"1":[3,1],"2":[3,8],"3":[11,8],"4":[1,10],"5":[11,5],"6":[4,7],"7":[1,1],"8":[3,0],"9":[3,3],"10":[3,3],"11":[3,0],"12":[3,3]}}
,"C:\\Users\\Vinicius\\Supermercado\\backend\\src\\infrastructure\\websocket\\websocket.module.ts": {"path":"C:\\Users\\Vinicius\\Supermercado\\backend\\src\\infrastructure\\websocket\\websocket.module.ts","statementMap":{"0":{"start":{"line":1,"column":0},"end":{"line":1,"column":48}},"1":{"start":{"line":2,"column":0},"end":{"line":2,"column":40}},"2":{"start":{"line":3,"column":0},"end":{"line":3,"column":55}},"3":{"start":{"line":11,"column":7},"end":{"line":11,"column":null}},"4":{"start":{"line":11,"column":13},"end":{"line":11,"column":28}},"5":{"start":{"line":11,"column":13},"end":{"line":11,"column":null}}},"fnMap":{},"branchMap":{},"s":{"0":1,"1":1,"2":1,"3":1,"4":1,"5":1},"f":{},"b":{}}
}
