TN:
SF:src\app.controller.ts
FN:7,(anonymous_2)
FN:11,(anonymous_3)
FNF:2
FNH:2
FNDA:2,(anonymous_2)
FNDA:1,(anonymous_3)
DA:1,2
DA:2,2
DA:3,2
DA:6,2
DA:7,2
DA:11,2
DA:12,1
LF:7
LH:7
BRDA:7,0,0,2
BRDA:7,0,1,0
BRDA:7,1,0,2
BRDA:7,1,1,2
BRF:4
BRH:3
end_of_record
TN:
SF:src\app.module.ts
FNF:0
FNH:0
DA:1,1
DA:2,1
DA:3,1
DA:4,1
DA:5,1
DA:6,1
DA:7,1
DA:8,1
DA:9,1
DA:10,1
DA:11,1
DA:12,1
DA:13,1
DA:14,1
DA:15,1
DA:16,1
DA:17,1
DA:18,1
DA:19,1
DA:20,1
DA:21,1
DA:22,1
DA:23,1
DA:24,1
DA:76,1
LF:25
LH:25
BRDA:45,0,0,1
BRDA:45,0,1,0
BRDA:46,1,0,1
BRDA:46,1,1,0
BRF:4
BRH:2
end_of_record
TN:
SF:src\app.service.ts
FN:5,(anonymous_1)
FNF:1
FNH:1
FNDA:1,(anonymous_1)
DA:1,2
DA:4,2
DA:6,1
LF:3
LH:3
BRF:0
BRH:0
end_of_record
TN:
SF:src\generate-swagger.ts
FN:11,generateSwagger
FNF:1
FNH:0
FNDA:0,generateSwagger
DA:1,0
DA:2,0
DA:3,0
DA:4,0
DA:5,0
DA:12,0
DA:14,0
DA:36,0
DA:38,0
DA:39,0
DA:41,0
DA:42,0
DA:45,0
LF:13
LH:0
BRF:0
BRH:0
end_of_record
TN:
SF:src\main.ts
FN:10,bootstrap
FNF:1
FNH:0
FNDA:0,bootstrap
DA:1,0
DA:2,0
DA:3,0
DA:4,0
DA:5,0
DA:6,0
DA:7,0
DA:8,0
DA:13,0
DA:14,0
DA:16,0
DA:20,0
DA:21,0
DA:26,0
DA:27,0
DA:29,0
DA:35,0
DA:36,0
DA:38,0
DA:40,0
LF:20
LH:0
BRF:0
BRH:0
end_of_record
TN:
SF:src\config\env.validation.ts
FN:29,validateEnv
FN:42,(anonymous_1)
FN:54,(anonymous_2)
FNF:3
FNH:3
FNDA:7,validateEnv
FNDA:6,(anonymous_1)
FNDA:4,(anonymous_2)
DA:29,1
DA:30,7
DA:32,7
DA:33,7
DA:35,7
DA:36,7
DA:38,7
DA:39,4
DA:42,6
DA:48,3
DA:49,3
DA:50,3
DA:53,3
DA:54,4
DA:56,3
LF:15
LH:15
BRDA:33,0,0,3
BRDA:33,0,1,4
BRDA:36,1,0,3
BRDA:36,1,1,4
BRDA:38,2,0,4
BRDA:38,2,1,3
BRDA:48,3,0,3
BRDA:48,3,1,2
BRDA:49,4,0,3
BRDA:49,4,1,2
BRDA:50,5,0,3
BRDA:50,5,1,2
BRDA:53,6,0,3
BRDA:53,6,1,2
BRF:14
BRH:14
end_of_record
TN:
SF:src\config\seed-password.ts
FN:32,resolveSeedPassword
FNF:1
FNH:1
FNDA:9,resolveSeedPassword
DA:17,1
DA:32,1
DA:33,9
DA:34,9
DA:37,9
DA:38,4
DA:42,5
DA:43,2
DA:50,2
DA:54,3
LF:10
LH:10
BRDA:33,0,0,9
BRDA:33,0,1,1
BRDA:37,1,0,4
BRDA:37,1,1,5
BRDA:42,2,0,2
BRDA:42,2,1,3
BRF:6
BRH:6
end_of_record
TN:
SF:src\core\domain\adjustment\adjustment.rules.ts
FN:29,calcularNivelAprovacaoExigido
FNF:1
FNH:1
FNDA:68,calcularNivelAprovacaoExigido
DA:29,6
DA:34,68
DA:36,68
DA:37,45
DA:40,23
LF:5
LH:5
BRDA:34,0,0,55
BRDA:34,0,1,13
BRDA:36,1,0,45
BRDA:36,1,1,23
BRDA:36,2,0,68
BRDA:36,2,1,36
BRF:6
BRH:6
end_of_record
TN:
SF:src\core\exceptions\domain.exception.ts
FN:11,(anonymous_0)
FN:21,(anonymous_1)
FN:31,(anonymous_2)
FNF:3
FNH:3
FNDA:81,(anonymous_0)
FNDA:28,(anonymous_1)
FNDA:11,(anonymous_2)
DA:10,28
DA:12,81
DA:13,81
DA:20,28
DA:22,28
DA:23,28
DA:30,28
DA:32,11
DA:33,11
LF:9
LH:9
BRF:0
BRH:0
end_of_record
TN:
SF:src\core\use-cases\address\disable-address.use-case.ts
FN:6,(anonymous_0)
FN:8,(anonymous_1)
FNF:2
FNH:2
FNDA:4,(anonymous_0)
FNDA:5,(anonymous_1)
DA:3,3
DA:5,3
DA:6,4
DA:9,5
DA:11,5
DA:12,2
DA:15,3
DA:16,2
DA:19,1
LF:9
LH:9
BRDA:11,0,0,2
BRDA:11,0,1,3
BRDA:15,1,0,2
BRDA:15,1,1,1
BRF:4
BRH:4
end_of_record
TN:
SF:src\core\use-cases\address\execute-putaway.use-case.ts
FN:18,(anonymous_2)
FN:25,(anonymous_3)
FN:43,(anonymous_4)
FN:44,(anonymous_5)
FN:78,(anonymous_6)
FNF:5
FNH:5
FNDA:6,(anonymous_2)
FNDA:5,(anonymous_3)
FNDA:1,(anonymous_4)
FNDA:1,(anonymous_5)
FNDA:2,(anonymous_6)
DA:5,3
DA:7,3
DA:17,3
DA:19,6
DA:20,6
DA:21,6
DA:22,6
DA:26,5
DA:27,0
DA:30,5
DA:32,5
DA:33,0
DA:36,5
DA:37,0
DA:41,5
DA:42,5
DA:43,1
DA:44,1
DA:46,5
DA:48,5
DA:49,1
DA:54,4
DA:55,4
DA:56,0
DA:59,4
DA:60,0
DA:65,4
DA:66,1
DA:71,3
DA:72,3
DA:73,1
DA:78,2
DA:80,2
DA:81,2
DA:83,2
DA:84,2
DA:93,2
LF:37
LH:32
BRDA:26,0,0,0
BRDA:26,0,1,5
BRDA:32,1,0,0
BRDA:32,1,1,5
BRDA:36,2,0,0
BRDA:36,2,1,5
BRDA:41,3,0,5
BRDA:41,3,1,0
BRDA:48,4,0,1
BRDA:48,4,1,4
BRDA:55,5,0,0
BRDA:55,5,1,4
BRDA:59,6,0,0
BRDA:59,6,1,4
BRDA:65,7,0,1
BRDA:65,7,1,3
BRDA:72,8,0,1
BRDA:72,8,1,2
BRDA:72,9,0,3
BRDA:72,9,1,3
BRF:20
BRH:14
end_of_record
TN:
SF:src\core\use-cases\address\get-address-capacity-alerts.use-case.ts
FN:4,(anonymous_0)
FN:6,(anonymous_1)
FN:10,(anonymous_2)
FN:11,(anonymous_3)
FNF:4
FNH:4
FNDA:3,(anonymous_0)
FNDA:2,(anonymous_1)
FNDA:3,(anonymous_2)
FNDA:1,(anonymous_3)
DA:3,3
DA:4,3
DA:7,2
DA:9,2
DA:10,3
DA:11,1
LF:6
LH:6
BRDA:6,0,0,0
BRF:1
BRH:0
end_of_record
TN:
SF:src\core\use-cases\address\get-occupation-dashboard.use-case.ts
FN:20,(anonymous_0)
FN:22,(anonymous_1)
FN:35,(anonymous_2)
FNF:3
FNH:3
FNDA:3,(anonymous_0)
FNDA:2,(anonymous_1)
FNDA:2,(anonymous_2)
DA:19,2
DA:20,3
DA:23,2
DA:25,2
DA:26,1
DA:32,1
DA:33,1
DA:35,1
DA:36,2
DA:37,2
DA:39,2
DA:50,1
LF:12
LH:12
BRDA:25,0,0,1
BRDA:25,0,1,1
BRDA:44,1,0,2
BRDA:44,1,1,0
BRDA:56,2,0,1
BRDA:56,2,1,0
BRF:6
BRH:4
end_of_record
TN:
SF:src\core\use-cases\address\register-address.use-case.ts
FN:13,(anonymous_0)
FN:15,(anonymous_1)
FNF:2
FNH:2
FNDA:3,(anonymous_0)
FNDA:3,(anonymous_1)
DA:3,3
DA:12,3
DA:13,3
DA:16,3
DA:20,3
DA:21,2
DA:26,1
LF:7
LH:7
BRDA:20,0,0,2
BRDA:20,0,1,1
BRDA:28,1,0,1
BRDA:28,1,1,1
BRF:4
BRH:4
end_of_record
TN:
SF:src\core\use-cases\address\suggest-putaway.use-case.ts
FN:49,(anonymous_0)
FN:54,(anonymous_1)
FN:79,(anonymous_2)
FN:83,(anonymous_3)
FN:109,(anonymous_4)
FNF:5
FNH:5
FNDA:10,(anonymous_0)
FNDA:11,(anonymous_1)
FNDA:19,(anonymous_2)
FNDA:17,(anonymous_3)
FNDA:12,(anonymous_4)
DA:4,3
DA:48,3
DA:50,10
DA:51,10
DA:56,11
DA:58,11
DA:59,2
DA:64,9
DA:65,2
DA:71,7
DA:75,7
DA:78,7
DA:80,19
DA:81,19
DA:84,17
DA:88,17
DA:89,17
DA:92,17
DA:97,1
DA:100,17
DA:109,12
DA:112,7
DA:115,7
DA:116,1
DA:125,6
LF:25
LH:25
BRDA:58,0,0,2
BRDA:58,0,1,9
BRDA:64,1,0,2
BRDA:64,1,1,7
BRDA:92,2,0,1
BRDA:92,2,1,16
BRDA:93,3,0,17
BRDA:93,3,1,2
BRDA:93,3,2,1
BRDA:115,4,0,1
BRDA:115,4,1,6
BRDA:115,5,0,7
BRDA:115,5,1,2
BRF:13
BRH:13
end_of_record
TN:
SF:src\core\use-cases\adjustment\approve-adjustment.use-case.ts
FN:17,(anonymous_0)
FN:25,(anonymous_1)
FN:41,(anonymous_2)
FN:116,(anonymous_3)
FNF:4
FNH:4
FNDA:27,(anonymous_0)
FNDA:29,(anonymous_1)
FNDA:1,(anonymous_2)
FNDA:11,(anonymous_3)
DA:6,4
DA:7,4
DA:16,4
DA:18,27
DA:19,27
DA:20,27
DA:21,27
DA:22,27
DA:26,29
DA:27,29
DA:28,0
DA:34,29
DA:35,2
DA:40,27
DA:41,1
DA:43,1
DA:46,1
DA:47,1
DA:48,0
DA:52,1
DA:54,1
DA:60,1
DA:70,1
DA:73,1
DA:76,26
DA:77,26
DA:78,0
DA:81,26
DA:82,2
DA:87,24
DA:88,24
DA:89,0
DA:93,24
DA:99,24
DA:100,16
DA:101,13
DA:106,8
DA:107,0
DA:116,11
DA:118,11
DA:121,11
DA:122,11
DA:123,0
DA:127,11
DA:130,11
DA:136,11
DA:143,11
DA:153,11
DA:156,11
LF:49
LH:43
BRDA:27,0,0,0
BRDA:27,0,1,29
BRDA:34,1,0,2
BRDA:34,1,1,27
BRDA:40,2,0,1
BRDA:40,2,1,26
BRDA:47,3,0,0
BRDA:47,3,1,1
BRDA:77,4,0,0
BRDA:77,4,1,26
BRDA:81,5,0,2
BRDA:81,5,1,24
BRDA:88,6,0,0
BRDA:88,6,1,24
BRDA:99,7,0,16
BRDA:99,7,1,8
BRDA:100,8,0,13
BRDA:100,8,1,3
BRDA:106,9,0,0
BRDA:106,9,1,8
BRDA:106,10,0,8
BRDA:106,10,1,0
BRDA:122,11,0,0
BRDA:122,11,1,11
BRF:24
BRH:17
end_of_record
TN:
SF:src\core\use-cases\adjustment\list-pending-adjustments.use-case.ts
FN:7,(anonymous_0)
FN:9,(anonymous_1)
FNF:2
FNH:2
FNDA:4,(anonymous_0)
FNDA:3,(anonymous_1)
DA:6,3
DA:7,4
DA:10,3
LF:3
LH:3
BRF:0
BRH:0
end_of_record
TN:
SF:src\core\use-cases\adjustment\request-adjustment.use-case.ts
FN:15,(anonymous_0)
FN:21,(anonymous_1)
FNF:2
FNH:2
FNDA:9,(anonymous_0)
FNDA:10,(anonymous_1)
DA:4,3
DA:5,3
DA:14,3
DA:16,9
DA:17,9
DA:18,9
DA:22,10
DA:23,2
DA:26,8
DA:27,8
DA:28,0
DA:31,8
DA:32,2
DA:37,6
DA:38,6
DA:39,0
DA:42,6
DA:43,2
DA:48,4
DA:49,4
DA:51,4
DA:57,4
DA:67,4
LF:23
LH:21
BRDA:22,0,0,2
BRDA:22,0,1,8
BRDA:22,1,0,10
BRDA:22,1,1,8
BRDA:27,2,0,0
BRDA:27,2,1,8
BRDA:31,3,0,2
BRDA:31,3,1,6
BRDA:38,4,0,0
BRDA:38,4,1,6
BRDA:42,5,0,2
BRDA:42,5,1,4
BRDA:42,6,0,6
BRDA:42,6,1,3
BRF:14
BRH:12
end_of_record
TN:
SF:src\core\use-cases\audit\export-audit-csv.use-case.ts
FN:6,(anonymous_9)
FN:11,(anonymous_10)
FNF:2
FNH:2
FNDA:2,(anonymous_9)
FNDA:1,(anonymous_10)
DA:3,3
DA:5,3
DA:7,2
DA:8,2
DA:12,1
DA:14,1
DA:19,1
DA:20,1
DA:25,1
DA:26,1
DA:27,1
DA:33,1
DA:43,1
DA:47,1
DA:48,1
DA:51,1
DA:61,1
DA:64,1
LF:18
LH:18
BRDA:26,0,0,1
BRDA:26,0,1,0
BRDA:41,1,0,1
BRDA:41,1,1,1
BRDA:48,2,0,1
BRDA:48,2,1,0
BRDA:59,3,0,1
BRDA:59,3,1,0
BRF:8
BRH:5
end_of_record
TN:
SF:src\core\use-cases\audit\verify-audit-chain.use-case.ts
FN:31,(anonymous_0)
FN:33,(anonymous_1)
FNF:2
FNH:2
FNDA:6,(anonymous_0)
FNDA:5,(anonymous_1)
DA:30,3
DA:31,6
DA:37,5
DA:38,5
DA:39,5
DA:41,5
DA:43,5
DA:44,4
DA:46,4
DA:47,9
DA:50,9
DA:54,9
DA:57,9
DA:62,9
DA:64,9
DA:66,9
DA:67,2
DA:77,4
DA:78,4
DA:82,5
LF:20
LH:20
BRDA:50,0,0,4
BRDA:50,0,1,5
BRDA:50,1,0,5
BRDA:50,1,1,0
BRDA:64,2,0,9
BRDA:64,2,1,4
BRDA:66,3,0,2
BRDA:66,3,1,7
BRDA:66,4,0,9
BRDA:66,4,1,8
BRDA:68,5,0,2
BRDA:68,5,1,0
BRDA:69,6,0,2
BRDA:69,6,1,0
BRDA:71,7,0,2
BRDA:71,7,1,0
BRDA:77,8,0,4
BRDA:77,8,1,0
BRDA:78,9,0,4
BRDA:78,9,1,0
BRF:20
BRH:14
end_of_record
TN:
SF:src\core\use-cases\auth\authenticate-user.use-case.ts
FN:22,(anonymous_9)
FN:27,(anonymous_10)
FNF:2
FNH:2
FNDA:5,(anonymous_9)
FNDA:7,(anonymous_10)
DA:2,2
DA:4,2
DA:21,2
DA:23,5
DA:24,5
DA:30,7
DA:32,7
DA:33,2
DA:36,5
DA:37,2
DA:40,3
DA:42,3
DA:43,2
DA:46,1
DA:49,1
DA:51,1
LF:16
LH:16
BRDA:32,0,0,2
BRDA:32,0,1,5
BRDA:36,1,0,2
BRDA:36,1,1,3
BRDA:42,2,0,2
BRDA:42,2,1,1
BRF:6
BRH:6
end_of_record
TN:
SF:src\core\use-cases\batch\get-batch-by-number.use-case.ts
FN:7,(anonymous_2)
FN:9,(anonymous_3)
FNF:2
FNH:2
FNDA:3,(anonymous_2)
FNDA:2,(anonymous_3)
DA:1,3
DA:6,3
DA:7,3
DA:10,2
DA:12,2
DA:13,1
DA:16,1
LF:7
LH:7
BRDA:12,0,0,1
BRDA:12,0,1,1
BRF:2
BRH:2
end_of_record
TN:
SF:src\core\use-cases\batch\get-expiry-alerts.use-case.ts
FN:4,(anonymous_0)
FN:6,(anonymous_1)
FN:9,(anonymous_2)
FNF:3
FNH:3
FNDA:3,(anonymous_0)
FNDA:2,(anonymous_1)
FNDA:1,(anonymous_2)
DA:3,3
DA:4,3
DA:7,2
DA:9,2
LF:4
LH:4
BRDA:6,0,0,0
BRF:1
BRH:0
end_of_record
TN:
SF:src\core\use-cases\batch\get-pending-putaway.use-case.ts
FN:38,(anonymous_2)
FN:40,(anonymous_3)
FN:52,(anonymous_4)
FN:53,(anonymous_5)
FN:58,(anonymous_6)
FN:59,(anonymous_7)
FNF:6
FNH:6
FNDA:9,(anonymous_2)
FNDA:8,(anonymous_3)
FNDA:13,(anonymous_4)
FNDA:7,(anonymous_5)
FNDA:13,(anonymous_6)
FNDA:4,(anonymous_7)
DA:2,3
DA:37,3
DA:38,9
DA:43,8
DA:45,8
DA:47,8
DA:48,9
DA:51,9
DA:52,13
DA:53,7
DA:57,9
DA:58,13
DA:59,4
DA:62,9
DA:64,9
DA:65,6
DA:78,8
LF:17
LH:17
BRDA:48,0,0,9
BRDA:48,0,1,0
BRDA:58,1,0,13
BRDA:58,1,1,6
BRDA:64,2,0,6
BRDA:64,2,1,3
BRDA:69,3,0,6
BRDA:69,3,1,0
BRDA:70,4,0,6
BRDA:70,4,1,0
BRF:10
BRH:7
end_of_record
TN:
SF:src\core\use-cases\batch\receive-batch.use-case.ts
FN:24,(anonymous_0)
FN:30,(anonymous_1)
FN:57,(anonymous_2)
FN:110,(anonymous_3)
FN:141,(anonymous_4)
FNF:5
FNH:5
FNDA:11,(anonymous_0)
FNDA:14,(anonymous_1)
FNDA:4,(anonymous_2)
FNDA:4,(anonymous_3)
FNDA:4,(anonymous_4)
DA:4,3
DA:7,3
DA:23,3
DA:25,11
DA:26,11
DA:27,11
DA:31,14
DA:33,14
DA:34,2
DA:39,12
DA:40,2
DA:46,10
DA:47,4
DA:50,4
DA:51,0
DA:56,4
DA:57,4
DA:59,4
DA:60,2
DA:66,2
DA:71,2
DA:73,1
DA:76,1
DA:86,1
DA:95,8
DA:96,5
DA:97,2
DA:101,3
DA:102,2
DA:110,4
DA:112,4
DA:115,4
DA:116,4
DA:117,0
DA:121,4
DA:133,4
DA:134,0
DA:136,4
DA:137,0
DA:140,4
DA:141,4
DA:142,4
DA:143,4
DA:145,4
DA:146,4
DA:147,4
DA:149,0
DA:151,4
DA:153,4
DA:155,4
DA:165,4
DA:166,2
DA:167,2
DA:168,2
DA:169,2
DA:170,1
DA:177,4
DA:187,4
LF:58
LH:53
BRDA:33,0,0,2
BRDA:33,0,1,12
BRDA:39,1,0,2
BRDA:39,1,1,10
BRDA:46,2,0,4
BRDA:46,2,1,6
BRDA:50,3,0,0
BRDA:50,3,1,4
BRDA:59,4,0,2
BRDA:59,4,1,2
BRDA:71,5,0,1
BRDA:71,5,1,1
BRDA:95,6,0,5
BRDA:95,6,1,3
BRDA:96,7,0,2
BRDA:96,7,1,3
BRDA:101,8,0,2
BRDA:101,8,1,1
BRDA:116,9,0,0
BRDA:116,9,1,4
BRDA:125,10,0,1
BRDA:125,10,1,3
BRDA:128,11,0,4
BRDA:128,11,1,2
BRDA:129,12,0,4
BRDA:129,12,1,3
BRDA:133,13,0,0
BRDA:133,13,1,4
BRDA:136,14,0,0
BRDA:136,14,1,4
BRDA:146,15,0,4
BRDA:146,15,1,0
BRDA:165,16,0,2
BRDA:165,16,1,2
BRDA:167,17,0,2
BRDA:167,17,1,0
BRDA:169,18,0,1
BRDA:169,18,1,1
BRDA:169,19,0,2
BRDA:169,19,1,1
BRF:40
BRH:34
end_of_record
TN:
SF:src\core\use-cases\cost\get-product-cost-history.use-case.ts
FN:6,(anonymous_0)
FN:11,(anonymous_1)
FNF:2
FNH:2
FNDA:3,(anonymous_0)
FNDA:3,(anonymous_1)
DA:3,2
DA:5,2
DA:7,3
DA:8,3
DA:12,3
DA:13,3
DA:14,2
DA:17,1
LF:8
LH:8
BRDA:13,0,0,2
BRDA:13,0,1,1
BRF:2
BRH:2
end_of_record
TN:
SF:src\core\use-cases\dashboard\get-dead-stock-kpi.use-case.ts
FN:10,(anonymous_0)
FN:12,(anonymous_1)
FNF:2
FNH:2
FNDA:2,(anonymous_0)
FNDA:1,(anonymous_1)
DA:9,2
DA:10,2
DA:13,1
LF:3
LH:3
BRF:0
BRH:0
end_of_record
TN:
SF:src\core\use-cases\dashboard\get-kpis-dashboard.use-case.ts
FN:11,(anonymous_0)
FN:16,(anonymous_1)
FNF:2
FNH:2
FNDA:3,(anonymous_0)
FNDA:2,(anonymous_1)
DA:10,2
DA:12,3
DA:13,3
DA:18,2
DA:25,2
DA:34,2
LF:6
LH:6
BRDA:25,0,0,1
BRDA:25,0,1,1
BRF:2
BRH:2
end_of_record
TN:
SF:src\core\use-cases\dashboard\get-realtime-dashboard.use-case.ts
FN:10,(anonymous_0)
FN:15,(anonymous_1)
FNF:2
FNH:2
FNDA:2,(anonymous_0)
FNDA:1,(anonymous_1)
DA:9,2
DA:11,2
DA:12,2
DA:16,1
DA:21,1
LF:5
LH:5
BRF:0
BRH:0
end_of_record
TN:
SF:src\core\use-cases\dashboard\get-ruptures-kpi.use-case.ts
FN:10,(anonymous_0)
FN:12,(anonymous_1)
FNF:2
FNH:2
FNDA:2,(anonymous_0)
FNDA:1,(anonymous_1)
DA:9,2
DA:10,2
DA:13,1
LF:3
LH:3
BRF:0
BRH:0
end_of_record
TN:
SF:src\core\use-cases\dashboard\get-shrinkage-kpi.use-case.ts
FN:8,(anonymous_0)
FN:10,(anonymous_1)
FNF:2
FNH:2
FNDA:2,(anonymous_0)
FNDA:1,(anonymous_1)
DA:7,2
DA:8,2
DA:11,1
DA:12,1
LF:4
LH:4
BRF:0
BRH:0
end_of_record
TN:
SF:src\core\use-cases\inventory\get-inventory-accuracy.use-case.ts
FN:12,(anonymous_0)
FN:14,(anonymous_1)
FNF:2
FNH:2
FNDA:5,(anonymous_0)
FNDA:3,(anonymous_1)
DA:11,3
DA:12,5
DA:15,3
DA:17,3
DA:18,1
DA:28,2
DA:34,2
LF:7
LH:7
BRDA:17,0,0,1
BRDA:17,0,1,2
BRDA:28,1,0,2
BRDA:28,1,1,0
BRF:4
BRH:3
end_of_record
TN:
SF:src\core\use-cases\inventory\get-inventory-value-report.use-case.ts
FN:19,(anonymous_0)
FN:24,(anonymous_1)
FN:34,(anonymous_2)
FNF:3
FNH:3
FNDA:3,(anonymous_0)
FNDA:2,(anonymous_1)
FNDA:2,(anonymous_2)
DA:18,3
DA:20,3
DA:21,3
DA:25,2
DA:26,2
DA:27,2
DA:29,2
DA:30,3
DA:33,3
DA:34,2
DA:37,3
DA:41,3
DA:42,2
DA:50,2
DA:54,2
LF:15
LH:15
BRDA:41,0,0,2
BRDA:41,0,1,1
BRF:2
BRH:2
end_of_record
TN:
SF:src\core\use-cases\inventory\register-count.use-case.ts
FN:16,(anonymous_0)
FN:24,(anonymous_1)
FN:79,(anonymous_2)
FNF:3
FNH:3
FNDA:7,(anonymous_0)
FNDA:8,(anonymous_1)
FNDA:3,(anonymous_2)
DA:6,3
DA:15,3
DA:17,7
DA:18,7
DA:19,7
DA:20,7
DA:21,7
DA:25,8
DA:29,8
DA:30,2
DA:33,6
DA:34,2
DA:37,4
DA:39,4
DA:45,4
DA:46,4
DA:47,4
DA:49,4
DA:51,3
DA:52,1
DA:53,1
DA:55,2
DA:57,2
DA:66,4
DA:73,4
DA:75,3
DA:78,3
DA:79,3
DA:82,3
DA:83,3
DA:84,3
DA:87,3
DA:90,4
LF:33
LH:33
BRDA:29,0,0,2
BRDA:29,0,1,6
BRDA:33,1,0,2
BRDA:33,1,1,4
BRDA:39,2,0,4
BRDA:39,2,1,0
BRDA:41,3,0,0
BRDA:41,3,1,0
BRDA:49,4,0,3
BRDA:49,4,1,1
BRDA:51,5,0,1
BRDA:51,5,1,2
BRDA:51,6,0,3
BRDA:51,6,1,2
BRDA:73,7,0,3
BRDA:73,7,1,1
BRDA:79,8,0,3
BRDA:79,8,1,0
BRDA:82,9,0,3
BRDA:82,9,1,0
BRDA:83,10,0,3
BRDA:83,10,1,0
BRF:22
BRH:16
end_of_record
TN:
SF:src\core\use-cases\inventory\start-count.use-case.ts
FN:15,(anonymous_0)
FN:24,(anonymous_1)
FN:66,(anonymous_2)
FN:83,(anonymous_3)
FNF:4
FNH:4
FNDA:8,(anonymous_0)
FNDA:12,(anonymous_1)
FNDA:2,(anonymous_2)
FNDA:1,(anonymous_3)
DA:7,3
DA:14,3
DA:16,8
DA:17,8
DA:18,8
DA:19,8
DA:20,8
DA:21,8
DA:25,12
DA:27,12
DA:28,2
DA:31,10
DA:32,2
DA:37,8
DA:38,2
DA:42,6
DA:43,6
DA:44,2
DA:47,4
DA:48,4
DA:50,3
DA:53,3
DA:54,3
DA:55,3
DA:57,3
DA:58,3
DA:59,2
DA:66,2
DA:68,2
DA:71,2
DA:72,2
DA:73,0
DA:76,2
DA:77,0
DA:81,2
DA:82,2
DA:83,1
DA:85,2
DA:86,2
DA:87,1
DA:91,2
DA:94,2
DA:101,2
LF:43
LH:41
BRDA:27,0,0,2
BRDA:27,0,1,10
BRDA:31,1,0,2
BRDA:31,1,1,8
BRDA:37,2,0,2
BRDA:37,2,1,6
BRDA:43,3,0,2
BRDA:43,3,1,4
BRDA:47,4,0,4
BRDA:47,4,1,0
BRDA:48,5,0,3
BRDA:48,5,1,1
BRDA:48,6,0,4
BRDA:48,6,1,1
BRDA:53,7,0,3
BRDA:53,7,1,0
BRDA:53,8,0,3
BRDA:53,8,1,3
BRDA:57,9,0,3
BRDA:57,9,1,0
BRDA:58,10,0,2
BRDA:58,10,1,1
BRDA:72,11,0,0
BRDA:72,11,1,2
BRDA:76,12,0,0
BRDA:76,12,1,2
BRDA:83,13,0,1
BRDA:83,13,1,0
BRDA:85,14,0,2
BRDA:85,14,1,1
BRDA:86,15,0,1
BRDA:86,15,1,1
BRF:32
BRH:26
end_of_record
TN:
SF:src\core\use-cases\movement\get-batch-movements.use-case.ts
FN:7,(anonymous_0)
FN:12,(anonymous_1)
FNF:2
FNH:2
FNDA:3,(anonymous_0)
FNDA:3,(anonymous_1)
DA:4,3
DA:6,3
DA:8,3
DA:9,3
DA:13,3
DA:14,3
DA:15,2
DA:18,1
LF:8
LH:8
BRDA:14,0,0,2
BRDA:14,0,1,1
BRF:2
BRH:2
end_of_record
TN:
SF:src\core\use-cases\movement\register-movement.use-case.ts
FN:10,(anonymous_0)
FN:18,(anonymous_1)
FN:114,(anonymous_2)
FN:145,(anonymous_3)
FN:171,(anonymous_4)
FN:188,(anonymous_5)
FNF:6
FNH:5
FNDA:11,(anonymous_0)
FNDA:15,(anonymous_1)
FNDA:4,(anonymous_2)
FNDA:1,(anonymous_3)
FNDA:3,(anonymous_4)
FNDA:0,(anonymous_5)
DA:7,3
DA:9,3
DA:11,11
DA:12,11
DA:13,11
DA:14,11
DA:15,11
DA:21,15
DA:23,15
DA:24,0
DA:29,15
DA:30,2
DA:36,13
DA:40,0
DA:45,13
DA:46,0
DA:52,13
DA:53,8
DA:57,8
DA:58,0
DA:62,8
DA:63,2
DA:69,6
DA:73,2
DA:79,4
DA:80,4
DA:84,1
DA:90,8
DA:91,5
DA:94,5
DA:95,0
DA:103,8
DA:104,5
DA:105,2
DA:108,3
DA:110,2
DA:114,2
DA:115,4
DA:117,2
DA:119,2
DA:120,2
DA:122,0
DA:125,2
DA:126,2
DA:133,1
DA:134,1
DA:137,1
DA:138,1
DA:145,1
DA:147,1
DA:149,1
DA:150,1
DA:151,0
DA:154,1
DA:155,1
DA:158,1
DA:160,3
DA:162,3
DA:163,3
DA:166,3
DA:167,3
DA:171,3
DA:173,3
DA:175,3
DA:177,3
DA:178,3
DA:181,3
DA:183,0
DA:188,0
DA:190,0
DA:192,0
DA:193,0
DA:198,0
LF:73
LH:60
BRDA:23,0,0,0
BRDA:23,0,1,15
BRDA:29,1,0,2
BRDA:29,1,1,13
BRDA:36,2,0,0
BRDA:36,2,1,13
BRDA:37,3,0,13
BRDA:37,3,1,10
BRDA:37,3,2,5
BRDA:45,4,0,0
BRDA:45,4,1,13
BRDA:45,5,0,13
BRDA:45,5,1,8
BRDA:52,6,0,8
BRDA:52,6,1,5
BRDA:57,7,0,0
BRDA:57,7,1,8
BRDA:62,8,0,2
BRDA:62,8,1,6
BRDA:69,9,0,2
BRDA:69,9,1,4
BRDA:80,10,0,1
BRDA:80,10,1,3
BRDA:81,11,0,4
BRDA:81,11,1,4
BRDA:90,12,0,5
BRDA:90,12,1,3
BRDA:94,13,0,0
BRDA:94,13,1,5
BRDA:94,14,0,5
BRDA:94,14,1,3
BRDA:103,15,0,5
BRDA:103,15,1,3
BRDA:103,16,0,8
BRDA:103,16,1,5
BRDA:104,17,0,2
BRDA:104,17,1,3
BRDA:108,18,0,2
BRDA:108,18,1,1
BRDA:115,19,0,2
BRDA:115,19,1,2
BRDA:117,20,0,0
BRDA:117,20,1,2
BRDA:117,21,0,2
BRDA:117,21,1,2
BRDA:119,22,0,2
BRDA:119,22,1,0
BRDA:119,23,0,2
BRDA:119,23,1,2
BRDA:125,24,0,2
BRDA:125,24,1,0
BRDA:133,25,0,1
BRDA:133,25,1,0
BRDA:137,26,0,1
BRDA:137,26,1,0
BRDA:150,27,0,0
BRDA:150,27,1,1
BRDA:154,28,0,1
BRDA:154,28,1,0
BRDA:154,29,0,1
BRDA:154,29,1,1
BRDA:160,30,0,3
BRDA:160,30,1,0
BRDA:162,31,0,3
BRDA:162,31,1,0
BRDA:166,32,0,3
BRDA:166,32,1,0
BRDA:177,33,0,3
BRDA:177,33,1,0
BRDA:177,34,0,3
BRDA:177,34,1,3
BRDA:183,35,0,0
BRDA:183,35,1,0
BRDA:183,36,0,0
BRDA:183,36,1,0
BRF:75
BRH:55
end_of_record
TN:
SF:src\core\use-cases\nfe\get-nfe-details.use-case.ts
FN:6,(anonymous_0)
FN:8,(anonymous_1)
FNF:2
FNH:2
FNDA:3,(anonymous_0)
FNDA:3,(anonymous_1)
DA:3,2
DA:5,2
DA:6,3
DA:9,3
DA:11,3
DA:12,2
DA:15,1
LF:7
LH:7
BRDA:11,0,0,2
BRDA:11,0,1,1
BRF:2
BRH:2
end_of_record
TN:
SF:src\core\use-cases\nfe\get-nfe-divergences.use-case.ts
FN:4,(anonymous_0)
FN:6,(anonymous_1)
FN:9,(anonymous_2)
FNF:3
FNH:1
FNDA:1,(anonymous_0)
FNDA:0,(anonymous_1)
FNDA:0,(anonymous_2)
DA:3,1
DA:4,1
DA:7,0
DA:9,0
LF:4
LH:2
BRF:0
BRH:0
end_of_record
TN:
SF:src\core\use-cases\nfe\parse-nfe-xml.service.ts
FN:26,(anonymous_0)
FN:34,(anonymous_1)
FN:88,(anonymous_2)
FNF:3
FNH:3
FNDA:6,(anonymous_0)
FNDA:6,(anonymous_1)
FNDA:8,(anonymous_2)
DA:1,2
DA:2,2
DA:23,2
DA:27,6
DA:35,6
DA:36,1
DA:40,5
DA:41,5
DA:43,0
DA:49,5
DA:50,5
DA:51,5
DA:53,5
DA:54,0
DA:61,5
DA:65,5
DA:66,0
DA:70,5
DA:71,5
DA:72,5
DA:73,5
DA:76,5
DA:77,5
DA:80,5
DA:81,5
DA:84,5
DA:88,5
DA:89,8
DA:93,8
DA:94,8
DA:95,0
DA:96,0
DA:97,0
DA:98,0
DA:99,0
DA:100,0
DA:101,0
DA:106,8
DA:116,5
DA:117,0
DA:120,5
LF:41
LH:30
BRDA:35,0,0,1
BRDA:35,0,1,5
BRDA:35,1,0,6
BRDA:35,1,1,5
BRDA:49,2,0,5
BRDA:49,2,1,0
BRDA:50,3,0,5
BRDA:50,3,1,0
BRDA:51,4,0,5
BRDA:51,4,1,0
BRDA:53,5,0,0
BRDA:53,5,1,5
BRDA:61,6,0,5
BRDA:61,6,1,0
BRDA:61,6,2,0
BRDA:65,7,0,0
BRDA:65,7,1,5
BRDA:65,8,0,5
BRDA:65,8,1,5
BRDA:70,9,0,5
BRDA:70,9,1,0
BRDA:71,10,0,5
BRDA:71,10,1,0
BRDA:72,11,0,5
BRDA:72,11,1,0
BRDA:73,12,0,5
BRDA:73,12,1,0
BRDA:73,12,2,0
BRDA:76,13,0,5
BRDA:76,13,1,0
BRDA:77,14,0,5
BRDA:77,14,1,0
BRDA:80,15,0,5
BRDA:80,15,1,0
BRDA:81,16,0,5
BRDA:81,16,1,0
BRDA:84,17,0,3
BRDA:84,17,1,2
BRDA:89,18,0,8
BRDA:89,18,1,0
BRDA:94,19,0,0
BRDA:94,19,1,8
BRDA:95,20,0,0
BRDA:95,20,1,0
BRDA:97,21,0,0
BRDA:97,21,1,0
BRDA:98,22,0,0
BRDA:98,22,1,0
BRDA:100,23,0,0
BRDA:100,23,1,0
BRDA:101,24,0,0
BRDA:101,24,1,0
BRDA:107,25,0,8
BRDA:107,25,1,0
BRDA:108,26,0,8
BRDA:108,26,1,0
BRDA:109,27,0,8
BRDA:109,27,1,0
BRDA:110,28,0,8
BRDA:110,28,1,0
BRDA:111,29,0,8
BRDA:111,29,1,0
BRDA:116,30,0,0
BRDA:116,30,1,5
BRF:64
BRH:30
end_of_record
TN:
SF:src\core\use-cases\nfe\process-nfe.use-case.ts
FN:35,(anonymous_0)
FN:42,(anonymous_1)
FN:114,(anonymous_2)
FN:159,(anonymous_3)
FNF:4
FNH:4
FNDA:6,(anonymous_0)
FNDA:6,(anonymous_1)
FNDA:4,(anonymous_2)
FNDA:2,(anonymous_3)
DA:10,4
DA:13,4
DA:34,4
DA:36,6
DA:37,6
DA:38,6
DA:39,6
DA:44,6
DA:47,5
DA:50,5
DA:51,2
DA:57,3
DA:59,3
DA:60,4
DA:63,4
DA:64,1
DA:71,1
DA:75,3
DA:76,1
DA:83,1
DA:87,2
DA:88,0
DA:100,3
DA:103,3
DA:114,4
DA:125,3
DA:127,3
DA:128,1
DA:129,2
DA:131,2
DA:132,2
DA:142,2
DA:147,3
DA:163,2
DA:164,2
DA:167,2
LF:36
LH:35
BRDA:50,0,0,2
BRDA:50,0,1,3
BRDA:63,1,0,1
BRDA:63,1,1,3
BRDA:75,2,0,1
BRDA:75,2,1,2
BRDA:87,3,0,0
BRDA:87,3,1,2
BRDA:87,4,0,2
BRDA:87,4,1,0
BRDA:100,5,0,2
BRDA:100,5,1,1
BRDA:113,6,0,2
BRDA:113,6,1,1
BRDA:127,7,0,1
BRDA:127,7,1,2
BRDA:131,8,0,2
BRDA:131,8,1,0
BRDA:131,9,0,2
BRDA:131,9,1,2
BRDA:163,10,0,0
BRDA:163,10,1,2
BRF:22
BRH:18
end_of_record
TN:
SF:src\core\use-cases\order\close-order.use-case.ts
FN:6,(anonymous_0)
FN:8,(anonymous_1)
FN:34,(anonymous_2)
FNF:3
FNH:3
FNDA:5,(anonymous_0)
FNDA:8,(anonymous_1)
FNDA:3,(anonymous_2)
DA:3,3
DA:5,3
DA:6,5
DA:9,8
DA:11,8
DA:12,2
DA:15,6
DA:16,2
DA:21,4
DA:23,4
DA:24,8
DA:25,3
DA:32,4
DA:33,3
DA:34,3
DA:36,3
DA:42,1
LF:17
LH:17
BRDA:11,0,0,2
BRDA:11,0,1,6
BRDA:15,1,0,2
BRDA:15,1,1,4
BRDA:24,2,0,3
BRDA:24,2,1,5
BRDA:32,3,0,3
BRDA:32,3,1,1
BRF:8
BRH:8
end_of_record
TN:
SF:src\core\use-cases\order\create-order.use-case.ts
FN:7,(anonymous_0)
FN:12,(anonymous_1)
FNF:2
FNH:2
FNDA:3,(anonymous_0)
FNDA:3,(anonymous_1)
DA:4,3
DA:6,3
DA:8,3
DA:9,3
DA:14,3
DA:15,3
DA:16,3
DA:17,2
DA:21,1
LF:9
LH:9
BRDA:16,0,0,2
BRDA:16,0,1,1
BRF:2
BRH:2
end_of_record
TN:
SF:src\core\use-cases\order\get-otif-dashboard.use-case.ts
FN:11,(anonymous_0)
FN:13,(anonymous_1)
FNF:2
FNH:2
FNDA:4,(anonymous_0)
FNDA:2,(anonymous_1)
DA:10,3
DA:11,4
DA:14,2
DA:16,2
DA:17,0
DA:25,2
DA:26,2
DA:28,2
DA:29,3
DA:31,3
DA:32,3
DA:33,1
DA:34,1
DA:38,3
DA:39,1
DA:41,2
DA:45,2
DA:47,2
LF:18
LH:17
BRDA:16,0,0,0
BRDA:16,0,1,2
BRDA:32,1,0,1
BRDA:32,1,1,2
BRDA:38,2,0,1
BRDA:38,2,1,2
BRF:6
BRH:5
end_of_record
TN:
SF:src\core\use-cases\order\list-pending-orders.use-case.ts
FN:25,(anonymous_0)
FN:27,(anonymous_1)
FNF:2
FNH:2
FNDA:8,(anonymous_0)
FNDA:8,(anonymous_1)
DA:2,3
DA:4,3
DA:24,3
DA:25,8
DA:28,8
DA:29,8
DA:30,8
DA:32,8
DA:33,1
DA:38,7
DA:40,7
DA:42,7
LF:12
LH:12
BRDA:28,0,0,8
BRDA:28,0,1,6
BRDA:29,1,0,8
BRDA:29,1,1,5
BRDA:30,2,0,8
BRDA:30,2,1,5
BRDA:32,3,0,1
BRDA:32,3,1,7
BRDA:40,4,0,4
BRDA:40,4,1,3
BRF:10
BRH:10
end_of_record
TN:
SF:src\core\use-cases\order\pick-order.use-case.ts
FN:43,(anonymous_0)
FN:51,(anonymous_1)
FN:73,(anonymous_2)
FN:113,(anonymous_3)
FN:165,(anonymous_4)
FN:170,(anonymous_5)
FN:170,(anonymous_6)
FN:220,(anonymous_7)
FNF:8
FNH:8
FNDA:16,(anonymous_0)
FNDA:15,(anonymous_1)
FNDA:6,(anonymous_2)
FNDA:5,(anonymous_3)
FNDA:11,(anonymous_4)
FNDA:15,(anonymous_5)
FNDA:2,(anonymous_6)
FNDA:13,(anonymous_7)
DA:7,3
DA:42,3
DA:44,16
DA:45,16
DA:46,16
DA:47,16
DA:48,16
DA:52,15
DA:54,15
DA:55,0
DA:58,15
DA:59,2
DA:64,13
DA:66,13
DA:67,13
DA:69,13
DA:70,13
DA:73,13
DA:74,6
DA:75,5
DA:76,5
DA:77,3
DA:80,13
DA:81,13
DA:83,13
DA:84,16
DA:90,15
DA:91,1
DA:98,14
DA:100,14
DA:111,14
DA:113,14
DA:117,14
DA:119,14
DA:120,5
DA:122,5
DA:127,5
DA:134,5
DA:138,14
DA:139,14
DA:140,11
DA:148,14
DA:151,12
DA:152,1
DA:157,11
DA:165,11
DA:170,15
DA:171,11
DA:172,13
DA:176,11
DA:178,11
DA:180,15
DA:183,15
DA:184,0
DA:188,15
DA:199,15
DA:200,5
DA:201,5
DA:204,15
DA:208,11
DA:209,5
DA:210,5
DA:211,5
DA:212,5
DA:217,11
DA:218,11
DA:220,13
DA:222,13
DA:229,11
DA:232,11
LF:70
LH:68
BRDA:54,0,0,0
BRDA:54,0,1,15
BRDA:58,1,0,2
BRDA:58,1,1,13
BRDA:74,2,0,1
BRDA:74,2,1,5
BRDA:74,3,0,6
BRDA:74,3,1,1
BRDA:75,4,0,0
BRDA:75,4,1,5
BRDA:76,5,0,2
BRDA:76,5,1,3
BRDA:84,6,0,1
BRDA:84,6,1,15
BRDA:90,7,0,1
BRDA:90,7,1,14
BRDA:90,8,0,15
BRDA:90,8,1,6
BRDA:120,9,0,0
BRDA:120,9,1,5
BRDA:139,10,0,11
BRDA:139,10,1,3
BRDA:151,11,0,1
BRDA:151,11,1,11
BRDA:183,12,0,0
BRDA:183,12,1,15
BRDA:199,13,0,5
BRDA:199,13,1,10
BRDA:200,14,0,5
BRDA:200,14,1,5
BRDA:210,15,0,5
BRDA:210,15,1,0
BRDA:220,16,0,13
BRDA:220,16,1,0
BRF:34
BRH:28
end_of_record
TN:
SF:src\core\use-cases\order\verify-order.use-case.ts
FN:14,(anonymous_0)
FN:16,(anonymous_1)
FNF:2
FNH:2
FNDA:7,(anonymous_0)
FNDA:10,(anonymous_1)
DA:3,3
DA:11,3
DA:12,7
DA:14,7
DA:17,10
DA:19,10
DA:20,2
DA:23,8
DA:24,2
DA:28,6
DA:29,5
DA:30,2
DA:36,3
DA:37,2
DA:43,2
LF:15
LH:15
BRDA:19,0,0,2
BRDA:19,0,1,8
BRDA:23,1,0,2
BRDA:23,1,1,6
BRDA:23,2,0,8
BRDA:23,2,1,6
BRDA:28,3,0,5
BRDA:28,3,1,1
BRDA:29,4,0,2
BRDA:29,4,1,3
BRDA:36,5,0,2
BRDA:36,5,1,1
BRF:12
BRH:12
end_of_record
TN:
SF:src\core\use-cases\product\classify-abc.use-case.ts
FN:10,(anonymous_0)
FN:15,(anonymous_1)
FN:32,(anonymous_2)
FN:42,(anonymous_3)
FN:46,(anonymous_4)
FNF:5
FNH:5
FNDA:3,(anonymous_0)
FNDA:2,(anonymous_1)
FNDA:4,(anonymous_2)
FNDA:2,(anonymous_3)
FNDA:4,(anonymous_4)
DA:9,2
DA:11,3
DA:12,3
DA:16,2
DA:19,2
DA:23,2
DA:26,2
DA:27,2
DA:28,3
DA:32,2
DA:33,4
DA:34,4
DA:35,4
DA:42,2
DA:45,2
DA:46,4
DA:50,2
DA:52,2
DA:54,1
DA:55,1
DA:59,1
DA:62,1
DA:64,1
DA:65,3
DA:66,3
DA:68,3
DA:69,3
DA:70,1
DA:71,2
DA:72,1
DA:75,3
DA:79,3
DA:83,2
LF:33
LH:33
BRDA:16,0,0,2
BRDA:16,0,1,1
BRDA:33,1,0,4
BRDA:33,1,1,1
BRDA:52,2,0,1
BRDA:52,2,1,1
BRDA:69,3,0,1
BRDA:69,3,1,2
BRDA:71,4,0,1
BRDA:71,4,1,1
BRF:10
BRH:10
end_of_record
TN:
SF:src\core\use-cases\product\disable-product.use-case.ts
FN:6,(anonymous_0)
FN:8,(anonymous_1)
FNF:2
FNH:2
FNDA:4,(anonymous_0)
FNDA:5,(anonymous_1)
DA:3,2
DA:5,2
DA:6,4
DA:9,5
DA:10,5
DA:11,2
DA:14,3
DA:15,2
DA:18,1
LF:9
LH:9
BRDA:10,0,0,2
BRDA:10,0,1,3
BRDA:14,1,0,2
BRDA:14,1,1,1
BRF:4
BRH:4
end_of_record
TN:
SF:src\core\use-cases\product\register-product.use-case.ts
FN:11,(anonymous_0)
FN:13,(anonymous_1)
FNF:2
FNH:2
FNDA:3,(anonymous_0)
FNDA:3,(anonymous_1)
DA:3,2
DA:10,2
DA:11,3
DA:14,3
DA:15,3
DA:16,2
DA:21,1
LF:7
LH:7
BRDA:15,0,0,2
BRDA:15,0,1,1
BRF:2
BRH:2
end_of_record
TN:
SF:src\core\use-cases\user\disable-user.use-case.ts
FN:5,(anonymous_0)
FN:7,(anonymous_1)
FNF:2
FNH:2
FNDA:3,(anonymous_0)
FNDA:5,(anonymous_1)
DA:2,1
DA:4,1
DA:5,3
DA:8,5
DA:10,5
DA:11,2
DA:14,3
DA:15,2
DA:18,1
LF:9
LH:9
BRDA:10,0,0,2
BRDA:10,0,1,3
BRDA:14,1,0,2
BRDA:14,1,1,1
BRF:4
BRH:4
end_of_record
TN:
SF:src\core\use-cases\user\register-user.use-case.ts
FN:14,(anonymous_9)
FN:16,(anonymous_10)
FNF:2
FNH:2
FNDA:3,(anonymous_9)
FNDA:3,(anonymous_10)
DA:3,2
DA:4,2
DA:13,2
DA:14,3
DA:17,3
DA:19,3
DA:20,2
DA:23,1
DA:24,1
DA:26,1
DA:34,1
DA:35,1
LF:12
LH:12
BRDA:19,0,0,2
BRDA:19,0,1,1
BRF:2
BRH:2
end_of_record
TN:
SF:src\infrastructure\database\prisma\prisma-unit-of-work.ts
FN:17,(anonymous_2)
FN:22,(anonymous_3)
FN:26,(anonymous_4)
FN:41,(anonymous_5)
FN:59,(anonymous_6)
FNF:5
FNH:4
FNDA:2,(anonymous_2)
FNDA:1,(anonymous_3)
FNDA:1,(anonymous_4)
FNDA:0,(anonymous_5)
FNDA:1,(anonymous_6)
DA:1,2
DA:2,2
DA:4,2
DA:5,2
DA:6,2
DA:7,2
DA:8,2
DA:9,2
DA:10,2
DA:11,2
DA:12,2
DA:13,2
DA:16,2
DA:18,2
DA:19,2
DA:23,1
DA:26,1
DA:28,1
DA:30,1
DA:43,0
DA:44,0
DA:45,0
DA:49,0
DA:53,1
DA:54,1
DA:56,1
DA:57,1
DA:63,1
LF:28
LH:24
BRDA:44,0,0,0
BRDA:44,0,1,0
BRDA:63,1,0,1
BRDA:63,1,1,0
BRDA:18,2,0,2
BRDA:18,2,1,0
BRDA:18,3,0,2
BRDA:18,3,1,2
BRDA:18,4,0,2
BRDA:18,4,1,0
BRDA:18,5,0,2
BRDA:18,5,1,2
BRF:12
BRH:7
end_of_record
TN:
SF:src\infrastructure\database\prisma\prisma.module.ts
FNF:0
FNH:0
DA:1,1
DA:2,1
DA:3,1
DA:4,1
DA:5,1
DA:6,1
DA:7,1
DA:8,1
DA:9,1
DA:10,1
DA:11,1
DA:12,1
DA:13,1
DA:14,1
DA:82,1
LF:15
LH:15
BRF:0
BRH:0
end_of_record
TN:
SF:src\infrastructure\database\prisma\prisma.service.ts
FN:11,(anonymous_1)
FN:15,(anonymous_2)
FNF:2
FNH:0
FNDA:0,(anonymous_1)
FNDA:0,(anonymous_2)
DA:3,9
DA:4,9
DA:7,9
DA:12,0
DA:16,0
LF:5
LH:3
BRF:0
BRH:0
end_of_record
TN:
SF:src\infrastructure\database\prisma\repositories\prisma-address.repository.ts
FN:8,(anonymous_2)
FN:10,(anonymous_3)
FN:18,(anonymous_4)
FN:24,(anonymous_5)
FN:30,(anonymous_6)
FN:37,(anonymous_7)
FN:48,(anonymous_8)
FN:55,(anonymous_9)
FN:62,(anonymous_10)
FN:69,(anonymous_11)
FN:75,(anonymous_12)
FN:91,(anonymous_13)
FNF:12
FNH:4
FNDA:5,(anonymous_2)
FNDA:1,(anonymous_3)
FNDA:0,(anonymous_4)
FNDA:1,(anonymous_5)
FNDA:1,(anonymous_6)
FNDA:0,(anonymous_7)
FNDA:0,(anonymous_8)
FNDA:0,(anonymous_9)
FNDA:0,(anonymous_10)
FNDA:0,(anonymous_11)
FNDA:0,(anonymous_12)
FNDA:0,(anonymous_13)
DA:1,3
DA:2,3
DA:7,3
DA:8,5
DA:13,1
DA:19,0
DA:25,1
DA:31,1
DA:38,0
DA:49,0
DA:56,0
DA:63,0
DA:70,0
DA:82,0
DA:91,0
LF:15
LH:7
BRDA:93,0,0,0
BRDA:93,0,1,0
BRDA:94,1,0,0
BRDA:94,1,1,0
BRDA:8,2,0,3
BRDA:8,2,1,0
BRDA:8,3,0,3
BRDA:8,3,1,3
BRF:8
BRH:3
end_of_record
TN:
SF:src\infrastructure\database\prisma\repositories\prisma-adjustment.repository.ts
FN:13,(anonymous_2)
FN:15,(anonymous_3)
FN:34,(anonymous_4)
FN:43,(anonymous_5)
FN:59,(anonymous_6)
FN:72,(anonymous_7)
FN:85,(anonymous_8)
FN:106,(anonymous_9)
FNF:8
FNH:1
FNDA:2,(anonymous_2)
FNDA:0,(anonymous_3)
FNDA:0,(anonymous_4)
FNDA:0,(anonymous_5)
FNDA:0,(anonymous_6)
FNDA:0,(anonymous_7)
FNDA:0,(anonymous_8)
FNDA:0,(anonymous_9)
DA:1,2
DA:2,2
DA:9,2
DA:12,2
DA:13,2
DA:18,0
DA:31,0
DA:35,0
DA:39,0
DA:40,0
DA:48,0
DA:56,0
DA:60,0
DA:69,0
DA:73,0
DA:85,0
DA:86,0
DA:107,0
LF:18
LH:5
BRDA:39,0,0,0
BRDA:39,0,1,0
BRDA:69,1,0,0
BRDA:69,1,1,0
BRDA:74,2,0,0
BRDA:74,2,1,0
BRDA:116,3,0,0
BRDA:116,3,1,0
BRDA:13,4,0,2
BRDA:13,4,1,0
BRDA:13,5,0,2
BRDA:13,5,1,2
BRF:12
BRH:3
end_of_record
TN:
SF:src\infrastructure\database\prisma\repositories\prisma-batch.repository.ts
FN:8,(anonymous_2)
FN:10,(anonymous_3)
FN:16,(anonymous_4)
FN:22,(anonymous_5)
FN:28,(anonymous_6)
FN:46,(anonymous_7)
FN:53,(anonymous_8)
FN:64,(anonymous_9)
FN:71,(anonymous_10)
FN:77,(anonymous_11)
FN:97,(anonymous_12)
FN:124,(anonymous_13)
FN:138,(anonymous_14)
FNF:13
FNH:5
FNDA:6,(anonymous_2)
FNDA:1,(anonymous_3)
FNDA:1,(anonymous_4)
FNDA:0,(anonymous_5)
FNDA:1,(anonymous_6)
FNDA:1,(anonymous_7)
FNDA:0,(anonymous_8)
FNDA:0,(anonymous_9)
FNDA:0,(anonymous_10)
FNDA:0,(anonymous_11)
FNDA:0,(anonymous_12)
FNDA:0,(anonymous_13)
FNDA:0,(anonymous_14)
DA:1,3
DA:2,3
DA:7,3
DA:8,6
DA:11,1
DA:17,1
DA:23,0
DA:29,1
DA:47,1
DA:54,0
DA:58,0
DA:59,0
DA:61,0
DA:65,0
DA:72,0
DA:78,0
DA:79,0
DA:81,0
DA:102,0
DA:103,0
DA:105,0
DA:119,0
DA:120,0
DA:121,0
DA:124,0
DA:125,0
DA:126,0
DA:129,0
DA:131,0
DA:139,0
LF:30
LH:8
BRDA:58,0,0,0
BRDA:58,0,1,0
BRDA:120,1,0,0
BRDA:120,1,1,0
BRDA:8,2,0,3
BRDA:8,2,1,0
BRDA:8,3,0,3
BRDA:8,3,1,3
BRF:8
BRH:3
end_of_record
TN:
SF:src\infrastructure\database\prisma\repositories\prisma-inventory-count.repository.ts
FN:11,(anonymous_2)
FN:13,(anonymous_3)
FN:29,(anonymous_4)
FN:38,(anonymous_5)
FN:54,(anonymous_6)
FN:65,(anonymous_7)
FN:79,(anonymous_8)
FN:82,(anonymous_9)
FN:101,(anonymous_10)
FN:130,(anonymous_11)
FN:138,(anonymous_12)
FNF:11
FNH:1
FNDA:2,(anonymous_2)
FNDA:0,(anonymous_3)
FNDA:0,(anonymous_4)
FNDA:0,(anonymous_5)
FNDA:0,(anonymous_6)
FNDA:0,(anonymous_7)
FNDA:0,(anonymous_8)
FNDA:0,(anonymous_9)
FNDA:0,(anonymous_10)
FNDA:0,(anonymous_11)
FNDA:0,(anonymous_12)
DA:1,2
DA:2,2
DA:10,2
DA:11,2
DA:16,0
DA:26,0
DA:30,0
DA:34,0
DA:35,0
DA:43,0
DA:51,0
DA:55,0
DA:62,0
DA:66,0
DA:79,0
DA:85,0
DA:97,0
DA:98,0
DA:108,0
DA:121,0
DA:131,0
DA:139,0
LF:22
LH:4
BRDA:34,0,0,0
BRDA:34,0,1,0
BRDA:97,1,0,0
BRDA:97,1,1,0
BRDA:142,2,0,0
BRDA:142,2,1,0
BRDA:11,3,0,2
BRDA:11,3,1,0
BRDA:11,4,0,2
BRDA:11,4,1,2
BRF:10
BRH:3
end_of_record
TN:
SF:src\infrastructure\database\prisma\repositories\prisma-log-custo.repository.ts
FN:14,(anonymous_2)
FN:19,(anonymous_3)
FN:23,(anonymous_4)
FN:71,(anonymous_5)
FN:77,(anonymous_6)
FN:83,(anonymous_7)
FN:88,(anonymous_8)
FN:94,(anonymous_9)
FN:101,(anonymous_10)
FN:107,(anonymous_11)
FN:111,(anonymous_12)
FNF:11
FNH:1
FNDA:2,(anonymous_2)
FNDA:0,(anonymous_3)
FNDA:0,(anonymous_4)
FNDA:0,(anonymous_5)
FNDA:0,(anonymous_6)
FNDA:0,(anonymous_7)
FNDA:0,(anonymous_8)
FNDA:0,(anonymous_9)
FNDA:0,(anonymous_10)
FNDA:0,(anonymous_11)
FNDA:0,(anonymous_12)
DA:1,2
DA:2,2
DA:8,2
DA:10,2
DA:13,2
DA:15,2
DA:16,2
DA:23,0
DA:25,0
DA:30,0
DA:31,0
DA:32,0
DA:33,0
DA:34,0
DA:38,0
DA:40,0
DA:41,0
DA:46,0
DA:48,0
DA:50,0
DA:63,0
DA:66,0
DA:67,0
DA:68,0
DA:72,0
DA:77,0
DA:84,0
DA:88,0
DA:95,0
DA:101,0
DA:108,0
DA:112,0
DA:117,0
LF:33
LH:7
BRDA:31,0,0,0
BRDA:31,0,1,0
BRDA:31,1,0,0
BRDA:31,1,1,0
BRDA:63,2,0,0
BRDA:63,2,1,0
BRDA:66,3,0,0
BRDA:66,3,1,0
BRDA:67,4,0,0
BRDA:67,4,1,0
BRDA:79,5,0,0
BRDA:79,5,1,0
BRDA:90,6,0,0
BRDA:90,6,1,0
BRDA:103,7,0,0
BRDA:103,7,1,0
BRDA:15,8,0,2
BRDA:15,8,1,0
BRDA:15,9,0,2
BRDA:15,9,1,2
BRDA:15,10,0,2
BRDA:15,10,1,0
BRDA:15,11,0,2
BRDA:15,11,1,2
BRF:24
BRH:6
end_of_record
TN:
SF:src\infrastructure\database\prisma\repositories\prisma-movement.repository.ts
FN:13,(anonymous_2)
FN:23,(anonymous_3)
FN:61,(anonymous_4)
FN:65,(anonymous_5)
FN:87,(anonymous_6)
FN:94,(anonymous_7)
FN:100,(anonymous_8)
FN:111,(anonymous_9)
FN:117,(anonymous_10)
FN:132,(anonymous_11)
FN:138,(anonymous_12)
FN:158,(anonymous_13)
FN:180,(anonymous_14)
FNF:13
FNH:5
FNDA:5,(anonymous_2)
FNDA:2,(anonymous_3)
FNDA:2,(anonymous_4)
FNDA:2,(anonymous_5)
FNDA:1,(anonymous_6)
FNDA:0,(anonymous_7)
FNDA:0,(anonymous_8)
FNDA:0,(anonymous_9)
FNDA:0,(anonymous_10)
FNDA:0,(anonymous_11)
FNDA:0,(anonymous_12)
FNDA:0,(anonymous_13)
FNDA:0,(anonymous_14)
DA:1,3
DA:2,3
DA:6,3
DA:9,3
DA:12,3
DA:14,5
DA:15,5
DA:33,2
DA:38,2
DA:40,2
DA:41,2
DA:43,2
DA:51,0
DA:58,2
DA:65,2
DA:67,2
DA:68,2
DA:69,2
DA:72,2
DA:77,2
DA:82,2
DA:83,2
DA:84,2
DA:88,1
DA:95,0
DA:104,0
DA:112,0
DA:120,0
DA:121,0
DA:123,0
DA:132,0
DA:139,0
DA:144,0
DA:160,0
DA:180,0
LF:35
LH:23
BRDA:40,0,0,2
BRDA:40,0,1,0
BRDA:40,1,0,2
BRDA:40,1,1,2
BRDA:82,2,0,0
BRDA:82,2,1,2
BRDA:83,3,0,0
BRDA:83,3,1,2
BRDA:14,4,0,3
BRDA:14,4,1,0
BRDA:14,5,0,3
BRDA:14,5,1,3
BRDA:14,6,0,3
BRDA:14,6,1,0
BRDA:14,7,0,3
BRDA:14,7,1,3
BRF:16
BRH:11
end_of_record
TN:
SF:src\infrastructure\database\prisma\repositories\prisma-nota-fiscal.repository.ts
FN:11,(anonymous_2)
FN:13,(anonymous_3)
FN:37,(anonymous_4)
FN:43,(anonymous_5)
FN:54,(anonymous_6)
FN:65,(anonymous_7)
FNF:6
FNH:4
FNDA:6,(anonymous_2)
FNDA:1,(anonymous_3)
FNDA:2,(anonymous_4)
FNDA:1,(anonymous_5)
FNDA:0,(anonymous_6)
FNDA:0,(anonymous_7)
DA:1,3
DA:2,3
DA:10,3
DA:11,6
DA:16,1
DA:38,2
DA:48,1
DA:57,0
DA:66,0
LF:9
LH:7
BRDA:11,0,0,3
BRDA:11,0,1,0
BRDA:11,1,0,3
BRDA:11,1,1,3
BRF:4
BRH:3
end_of_record
TN:
SF:src\infrastructure\database\prisma\repositories\prisma-order.repository.ts
FN:11,(anonymous_2)
FN:13,(anonymous_3)
FN:27,(anonymous_4)
FN:40,(anonymous_5)
FN:49,(anonymous_6)
FN:56,(anonymous_7)
FN:71,(anonymous_8)
FN:79,(anonymous_9)
FN:100,(anonymous_10)
FN:110,(anonymous_11)
FNF:10
FNH:7
FNDA:7,(anonymous_2)
FNDA:1,(anonymous_3)
FNDA:1,(anonymous_4)
FNDA:2,(anonymous_5)
FNDA:1,(anonymous_6)
FNDA:1,(anonymous_7)
FNDA:0,(anonymous_8)
FNDA:1,(anonymous_9)
FNDA:0,(anonymous_10)
FNDA:0,(anonymous_11)
DA:1,3
DA:2,3
DA:10,3
DA:11,7
DA:21,1
DA:27,1
DA:41,2
DA:50,1
DA:61,1
DA:72,0
DA:84,1
DA:85,1
DA:97,1
DA:104,0
DA:111,0
LF:15
LH:12
BRDA:25,0,0,1
BRDA:25,0,1,1
BRDA:65,1,0,1
BRDA:65,1,1,0
BRDA:11,2,0,3
BRDA:11,2,1,0
BRDA:11,3,0,3
BRDA:11,3,1,3
BRF:8
BRH:6
end_of_record
TN:
SF:src\infrastructure\database\prisma\repositories\prisma-product.repository.ts
FN:8,(anonymous_2)
FN:10,(anonymous_3)
FN:18,(anonymous_4)
FN:24,(anonymous_5)
FN:30,(anonymous_6)
FN:37,(anonymous_7)
FN:44,(anonymous_8)
FN:51,(anonymous_9)
FN:58,(anonymous_10)
FN:83,(anonymous_11)
FNF:10
FNH:5
FNDA:6,(anonymous_2)
FNDA:1,(anonymous_3)
FNDA:0,(anonymous_4)
FNDA:1,(anonymous_5)
FNDA:1,(anonymous_6)
FNDA:0,(anonymous_7)
FNDA:1,(anonymous_8)
FNDA:0,(anonymous_9)
FNDA:0,(anonymous_10)
FNDA:0,(anonymous_11)
DA:1,3
DA:2,3
DA:7,3
DA:8,6
DA:13,1
DA:19,0
DA:25,1
DA:31,1
DA:38,0
DA:45,1
DA:52,0
DA:63,0
DA:78,0
DA:79,0
DA:80,0
DA:83,0
DA:84,0
DA:86,0
LF:18
LH:8
BRDA:79,0,0,0
BRDA:79,0,1,0
BRDA:8,1,0,3
BRDA:8,1,1,0
BRDA:8,2,0,3
BRDA:8,2,1,3
BRF:6
BRH:3
end_of_record
TN:
SF:src\infrastructure\database\prisma\repositories\prisma-user.repository.ts
FN:8,(anonymous_2)
FN:10,(anonymous_3)
FN:18,(anonymous_4)
FN:24,(anonymous_5)
FN:30,(anonymous_6)
FN:37,(anonymous_7)
FNF:6
FNH:2
FNDA:2,(anonymous_2)
FNDA:1,(anonymous_3)
FNDA:0,(anonymous_4)
FNDA:0,(anonymous_5)
FNDA:0,(anonymous_6)
FNDA:0,(anonymous_7)
DA:1,2
DA:2,2
DA:7,2
DA:8,2
DA:13,1
DA:19,0
DA:25,0
DA:31,0
DA:38,0
LF:9
LH:5
BRDA:8,0,0,2
BRDA:8,0,1,0
BRDA:8,1,0,2
BRDA:8,1,1,2
BRF:4
BRH:3
end_of_record
TN:
SF:src\infrastructure\http\address.module.ts
FN:20,(anonymous_1)
FN:27,(anonymous_2)
FN:34,(anonymous_3)
FN:44,(anonymous_4)
FN:51,(anonymous_5)
FNF:5
FNH:5
FNDA:1,(anonymous_1)
FNDA:1,(anonymous_2)
FNDA:1,(anonymous_3)
FNDA:1,(anonymous_4)
FNDA:1,(anonymous_5)
DA:1,1
DA:2,1
DA:3,1
DA:4,1
DA:5,1
DA:6,1
DA:7,1
DA:12,1
DA:21,1
DA:28,1
DA:38,1
DA:45,1
DA:57,1
DA:68,1
LF:14
LH:14
BRF:0
BRH:0
end_of_record
TN:
SF:src\infrastructure\http\adjustment.module.ts
FN:23,(anonymous_1)
FN:38,(anonymous_2)
FN:46,(anonymous_3)
FNF:3
FNH:3
FNDA:1,(anonymous_1)
FNDA:1,(anonymous_2)
FNDA:1,(anonymous_3)
DA:1,1
DA:2,1
DA:3,1
DA:4,1
DA:5,1
DA:10,1
DA:28,1
DA:39,1
DA:53,1
DA:71,1
LF:10
LH:10
BRF:0
BRH:0
end_of_record
TN:
SF:src\infrastructure\http\audit.module.ts
FN:16,(anonymous_1)
FN:23,(anonymous_2)
FNF:2
FNH:2
FNDA:1,(anonymous_1)
FNDA:1,(anonymous_2)
DA:1,1
DA:2,1
DA:3,1
DA:4,1
DA:5,1
DA:8,1
DA:17,1
DA:27,1
DA:33,1
LF:9
LH:9
BRF:0
BRH:0
end_of_record
TN:
SF:src\infrastructure\http\auth.module.ts
FN:17,(anonymous_1)
FN:32,(anonymous_2)
FN:39,(anonymous_3)
FNF:3
FNH:3
FNDA:1,(anonymous_1)
FNDA:1,(anonymous_2)
FNDA:1,(anonymous_3)
DA:1,1
DA:2,1
DA:3,1
DA:4,1
DA:5,1
DA:6,1
DA:8,1
DA:9,1
DA:10,1
DA:18,1
DA:19,1
DA:20,1
DA:33,1
DA:40,1
DA:46,1
LF:15
LH:15
BRDA:19,0,0,0
BRDA:19,0,1,1
BRF:2
BRH:1
end_of_record
TN:
SF:src\infrastructure\http\batch.module.ts
FN:24,(anonymous_1)
FN:43,(anonymous_2)
FN:50,(anonymous_3)
FN:57,(anonymous_4)
FNF:4
FNH:4
FNDA:1,(anonymous_1)
FNDA:1,(anonymous_2)
FNDA:1,(anonymous_3)
FNDA:1,(anonymous_4)
DA:1,1
DA:2,1
DA:3,1
DA:4,1
DA:5,1
DA:6,1
DA:12,1
DA:29,1
DA:44,1
DA:51,1
DA:58,1
DA:64,1
LF:12
LH:12
BRF:0
BRH:0
end_of_record
TN:
SF:src\infrastructure\http\cost.module.ts
FN:14,(anonymous_1)
FNF:1
FNH:1
FNDA:1,(anonymous_1)
DA:1,1
DA:2,1
DA:3,1
DA:6,1
DA:18,1
DA:24,1
LF:6
LH:6
BRF:0
BRH:0
end_of_record
TN:
SF:src\infrastructure\http\dashboard.module.ts
FN:31,(anonymous_1)
FN:38,(anonymous_2)
FN:45,(anonymous_3)
FN:52,(anonymous_4)
FN:62,(anonymous_5)
FN:72,(anonymous_6)
FN:79,(anonymous_7)
FN:86,(anonymous_8)
FNF:8
FNH:8
FNDA:1,(anonymous_1)
FNDA:1,(anonymous_2)
FNDA:1,(anonymous_3)
FNDA:1,(anonymous_4)
FNDA:1,(anonymous_5)
FNDA:1,(anonymous_6)
FNDA:1,(anonymous_7)
FNDA:1,(anonymous_8)
DA:1,1
DA:2,1
DA:3,1
DA:4,1
DA:5,1
DA:6,1
DA:7,1
DA:8,1
DA:9,1
DA:10,1
DA:18,1
DA:32,1
DA:39,1
DA:46,1
DA:56,1
DA:66,1
DA:73,1
DA:80,1
DA:87,1
DA:93,1
LF:20
LH:20
BRF:0
BRH:0
end_of_record
TN:
SF:src\infrastructure\http\inventory.module.ts
FN:23,(anonymous_1)
FN:38,(anonymous_2)
FN:66,(anonymous_3)
FN:91,(anonymous_4)
FN:101,(anonymous_5)
FNF:5
FNH:5
FNDA:1,(anonymous_1)
FNDA:1,(anonymous_2)
FNDA:1,(anonymous_3)
FNDA:1,(anonymous_4)
FNDA:1,(anonymous_5)
DA:1,1
DA:2,1
DA:3,1
DA:4,1
DA:5,1
DA:6,1
DA:9,1
DA:15,1
DA:28,1
DA:46,1
DA:73,1
DA:95,1
DA:102,1
DA:108,1
LF:14
LH:14
BRF:0
BRH:0
end_of_record
TN:
SF:src\infrastructure\http\movement.module.ts
FN:22,(anonymous_1)
FN:47,(anonymous_2)
FNF:2
FNH:2
FNDA:1,(anonymous_1)
FNDA:1,(anonymous_2)
DA:1,1
DA:2,1
DA:3,1
DA:4,1
DA:9,1
DA:29,1
DA:51,1
DA:57,1
LF:8
LH:8
BRF:0
BRH:0
end_of_record
TN:
SF:src\infrastructure\http\nfe.module.ts
FN:28,(anonymous_1)
FN:47,(anonymous_2)
FN:69,(anonymous_3)
FN:76,(anonymous_4)
FNF:4
FNH:4
FNDA:1,(anonymous_1)
FNDA:1,(anonymous_2)
FNDA:1,(anonymous_3)
FNDA:1,(anonymous_4)
DA:1,1
DA:2,1
DA:3,1
DA:4,1
DA:5,1
DA:6,1
DA:7,1
DA:11,1
DA:33,1
DA:53,1
DA:70,1
DA:77,1
DA:83,1
LF:13
LH:13
BRF:0
BRH:0
end_of_record
TN:
SF:src\infrastructure\http\order.module.ts
FN:27,(anonymous_1)
FN:34,(anonymous_2)
FN:41,(anonymous_3)
FN:51,(anonymous_4)
FN:70,(anonymous_5)
FN:77,(anonymous_6)
FNF:6
FNH:6
FNDA:1,(anonymous_1)
FNDA:1,(anonymous_2)
FNDA:1,(anonymous_3)
FNDA:1,(anonymous_4)
FNDA:1,(anonymous_5)
FNDA:1,(anonymous_6)
DA:1,1
DA:2,1
DA:3,1
DA:4,1
DA:5,1
DA:6,1
DA:7,1
DA:8,1
DA:15,1
DA:28,1
DA:35,1
DA:45,1
DA:58,1
DA:71,1
DA:78,1
DA:84,1
LF:16
LH:16
BRF:0
BRH:0
end_of_record
TN:
SF:src\infrastructure\http\product.module.ts
FN:16,(anonymous_1)
FN:23,(anonymous_2)
FN:30,(anonymous_3)
FNF:3
FNH:3
FNDA:1,(anonymous_1)
FNDA:1,(anonymous_2)
FNDA:1,(anonymous_3)
DA:1,1
DA:2,1
DA:3,1
DA:4,1
DA:5,1
DA:8,1
DA:17,1
DA:24,1
DA:34,1
DA:40,1
LF:10
LH:10
BRF:0
BRH:0
end_of_record
TN:
SF:src\infrastructure\http\controllers\address.controller.ts
FN:39,(anonymous_4)
FN:56,(anonymous_5)
FN:73,(anonymous_6)
FN:96,(anonymous_7)
FN:119,(anonymous_8)
FN:167,(anonymous_9)
FNF:6
FNH:2
FNDA:9,(anonymous_4)
FNDA:0,(anonymous_5)
FNDA:0,(anonymous_6)
FNDA:0,(anonymous_7)
FNDA:0,(anonymous_8)
FNDA:1,(anonymous_9)
DA:1,2
DA:14,2
DA:23,2
DA:24,2
DA:25,2
DA:26,2
DA:27,2
DA:28,2
DA:29,2
DA:30,2
DA:31,2
DA:38,2
DA:40,9
DA:41,9
DA:42,9
DA:43,9
DA:44,9
DA:56,2
DA:57,0
DA:60,0
DA:73,2
DA:74,0
DA:75,0
DA:76,0
DA:81,0
DA:82,0
DA:84,0
DA:96,2
DA:97,0
DA:98,0
DA:99,0
DA:104,0
DA:108,0
DA:110,0
DA:119,2
DA:123,0
DA:124,0
DA:128,0
DA:133,0
DA:138,0
DA:139,0
DA:144,0
DA:145,0
DA:147,0
DA:167,2
DA:171,1
DA:177,1
LF:47
LH:24
BRDA:58,0,0,0
BRDA:58,0,1,0
BRDA:81,1,0,0
BRDA:81,1,1,0
BRDA:104,2,0,0
BRDA:104,2,1,0
BRDA:105,3,0,0
BRDA:105,3,1,0
BRDA:128,4,0,0
BRDA:128,4,1,0
BRDA:129,5,0,0
BRDA:129,5,1,0
BRDA:129,5,2,0
BRDA:144,6,0,0
BRDA:144,6,1,0
BRDA:73,7,0,2
BRDA:73,7,1,0
BRDA:73,8,0,2
BRDA:73,8,1,2
BRDA:40,9,0,2
BRDA:40,9,1,0
BRDA:40,10,0,2
BRDA:40,10,1,2
BRDA:40,11,0,2
BRDA:40,11,1,0
BRDA:40,12,0,2
BRDA:40,12,1,2
BRDA:41,13,0,2
BRDA:41,13,1,0
BRDA:41,14,0,2
BRDA:41,14,1,2
BRDA:42,15,0,2
BRDA:42,15,1,0
BRDA:42,16,0,2
BRDA:42,16,1,2
BRDA:43,17,0,2
BRDA:43,17,1,0
BRDA:43,18,0,2
BRDA:43,18,1,2
BRF:39
BRH:18
end_of_record
TN:
SF:src\infrastructure\http\controllers\adjustment.controller.ts
FN:36,(anonymous_4)
FN:59,(anonymous_5)
FN:93,(anonymous_6)
FN:120,(anonymous_7)
FNF:4
FNH:3
FNDA:9,(anonymous_4)
FNDA:1,(anonymous_5)
FNDA:1,(anonymous_6)
FNDA:0,(anonymous_7)
DA:1,2
DA:12,2
DA:20,2
DA:21,2
DA:22,2
DA:23,2
DA:24,2
DA:25,2
DA:26,2
DA:27,2
DA:29,2
DA:35,2
DA:37,9
DA:38,9
DA:39,9
DA:40,9
DA:59,2
DA:63,1
DA:65,1
DA:72,1
DA:93,2
DA:98,1
DA:100,1
DA:107,1
DA:120,2
DA:121,0
DA:122,0
DA:123,0
DA:125,0
LF:29
LH:25
BRDA:122,0,0,0
BRDA:122,0,1,0
BRDA:122,1,0,0
BRDA:122,1,1,0
BRDA:60,2,0,2
BRDA:60,2,1,0
BRDA:60,3,0,2
BRDA:60,3,1,2
BRDA:94,4,0,2
BRDA:94,4,1,0
BRDA:94,5,0,2
BRDA:94,5,1,2
BRDA:37,6,0,2
BRDA:37,6,1,0
BRDA:37,7,0,2
BRDA:37,7,1,2
BRDA:37,8,0,2
BRDA:37,8,1,0
BRDA:37,9,0,2
BRDA:37,9,1,2
BRDA:38,10,0,2
BRDA:38,10,1,0
BRDA:38,11,0,2
BRDA:38,11,1,2
BRDA:39,12,0,2
BRDA:39,12,1,0
BRDA:39,13,0,2
BRDA:39,13,1,2
BRF:28
BRH:18
end_of_record
TN:
SF:src\infrastructure\http\controllers\audit.controller.ts
FN:32,(anonymous_4)
FN:51,(anonymous_5)
FN:92,(anonymous_6)
FN:134,(anonymous_7)
FNF:4
FNH:3
FNDA:7,(anonymous_4)
FNDA:0,(anonymous_5)
FNDA:4,(anonymous_6)
FNDA:1,(anonymous_7)
DA:1,2
DA:11,2
DA:19,2
DA:20,2
DA:21,2
DA:22,2
DA:23,2
DA:31,2
DA:33,7
DA:34,7
DA:36,7
DA:38,7
DA:51,2
DA:52,0
DA:63,0
DA:92,2
DA:93,4
DA:94,1
DA:97,3
DA:98,3
DA:99,1
DA:103,2
DA:105,1
DA:110,1
DA:134,2
DA:135,1
DA:136,1
DA:137,1
DA:138,1
LF:29
LH:27
BRDA:66,0,0,0
BRDA:66,0,1,0
BRDA:66,1,0,0
BRDA:66,1,1,0
BRDA:93,2,0,1
BRDA:93,2,1,3
BRDA:98,3,0,1
BRDA:98,3,1,2
BRDA:33,4,0,2
BRDA:33,4,1,0
BRDA:33,5,0,2
BRDA:33,5,1,2
BRDA:33,6,0,2
BRDA:33,6,1,0
BRDA:33,7,0,2
BRDA:33,7,1,2
BRF:16
BRH:10
end_of_record
TN:
SF:src\infrastructure\http\controllers\auth.controller.ts
FN:23,(anonymous_13)
FN:35,(anonymous_14)
FN:59,(anonymous_15)
FN:89,(anonymous_16)
FNF:4
FNH:1
FNDA:1,(anonymous_13)
FNDA:0,(anonymous_14)
FNDA:0,(anonymous_15)
FNDA:0,(anonymous_16)
DA:1,1
DA:11,1
DA:12,1
DA:13,1
DA:14,1
DA:15,1
DA:16,1
DA:17,1
DA:18,1
DA:22,1
DA:24,1
DA:25,1
DA:35,1
DA:36,0
DA:37,0
DA:38,0
DA:43,0
DA:44,0
DA:46,0
DA:59,1
DA:60,0
DA:61,0
DA:63,0
DA:65,0
DA:73,0
DA:75,0
DA:79,0
DA:81,0
DA:89,1
DA:90,0
DA:96,0
LF:31
LH:15
BRDA:43,0,0,0
BRDA:43,0,1,0
BRDA:63,1,0,0
BRDA:63,1,1,0
BRDA:75,2,0,0
BRDA:75,2,1,0
BRDA:76,3,0,0
BRDA:76,3,1,0
BRDA:35,4,0,1
BRDA:35,4,1,0
BRDA:35,5,0,1
BRDA:35,5,1,1
BRDA:59,6,0,1
BRDA:59,6,1,0
BRDA:59,7,0,1
BRDA:59,7,1,1
BRDA:59,8,0,0
BRDA:59,8,1,1
BRDA:59,9,0,1
BRDA:59,9,1,1
BRDA:89,10,0,0
BRDA:89,10,1,1
BRDA:89,11,0,1
BRDA:89,11,1,1
BRDA:24,12,0,1
BRDA:24,12,1,0
BRDA:24,13,0,1
BRDA:24,13,1,1
BRDA:24,14,0,1
BRDA:24,14,1,0
BRDA:24,15,0,1
BRDA:24,15,1,1
BRF:32
BRH:18
end_of_record
TN:
SF:src\infrastructure\http\controllers\batch.controller.ts
FN:36,(anonymous_4)
FN:48,(anonymous_5)
FN:58,(anonymous_6)
FN:72,(anonymous_7)
FN:91,(anonymous_8)
FNF:5
FNH:2
FNDA:9,(anonymous_4)
FNDA:0,(anonymous_5)
FNDA:0,(anonymous_6)
FNDA:0,(anonymous_7)
FNDA:1,(anonymous_8)
DA:1,2
DA:13,2
DA:20,2
DA:21,2
DA:22,2
DA:23,2
DA:24,2
DA:25,2
DA:26,2
DA:27,2
DA:28,2
DA:35,2
DA:37,9
DA:38,9
DA:39,9
DA:40,9
DA:41,9
DA:48,2
DA:49,0
DA:50,0
DA:58,2
DA:59,0
DA:60,0
DA:72,2
DA:73,0
DA:74,0
DA:91,2
DA:92,1
DA:93,1
DA:94,1
DA:101,1
DA:103,1
DA:108,0
DA:112,0
DA:114,0
LF:35
LH:26
BRDA:73,0,0,0
BRDA:73,0,1,0
BRDA:93,1,0,0
BRDA:93,1,1,1
BRDA:108,2,0,0
BRDA:108,2,1,0
BRDA:109,3,0,0
BRDA:109,3,1,0
BRDA:91,4,0,2
BRDA:91,4,1,0
BRDA:91,5,0,2
BRDA:91,5,1,2
BRDA:37,6,0,2
BRDA:37,6,1,0
BRDA:37,7,0,2
BRDA:37,7,1,2
BRDA:37,8,0,2
BRDA:37,8,1,0
BRDA:37,9,0,2
BRDA:37,9,1,2
BRDA:38,10,0,2
BRDA:38,10,1,0
BRDA:38,11,0,2
BRDA:38,11,1,2
BRDA:39,12,0,2
BRDA:39,12,1,0
BRDA:39,13,0,2
BRDA:39,13,1,2
BRDA:40,14,0,2
BRDA:40,14,1,0
BRDA:40,15,0,2
BRDA:40,15,1,2
BRF:32
BRH:19
end_of_record
TN:
SF:src\infrastructure\http\controllers\cost.controller.ts
FN:16,(anonymous_4)
FN:21,(anonymous_5)
FNF:2
FNH:1
FNDA:1,(anonymous_4)
FNDA:0,(anonymous_5)
DA:1,1
DA:8,1
DA:9,1
DA:10,1
DA:15,1
DA:17,1
DA:21,1
DA:22,0
DA:23,0
DA:24,0
DA:28,0
LF:11
LH:7
BRDA:17,0,0,1
BRDA:17,0,1,0
BRDA:17,1,0,1
BRDA:17,1,1,1
BRF:4
BRH:3
end_of_record
TN:
SF:src\infrastructure\http\controllers\dashboard.controller.ts
FN:30,(anonymous_2)
FN:44,(anonymous_3)
FN:51,(anonymous_4)
FN:58,(anonymous_5)
FN:67,(anonymous_6)
FN:74,(anonymous_7)
FN:81,(anonymous_8)
FN:88,(anonymous_9)
FN:95,(anonymous_10)
FNF:9
FNH:1
FNDA:1,(anonymous_2)
FNDA:0,(anonymous_3)
FNDA:0,(anonymous_4)
FNDA:0,(anonymous_5)
FNDA:0,(anonymous_6)
FNDA:0,(anonymous_7)
FNDA:0,(anonymous_8)
FNDA:0,(anonymous_9)
FNDA:0,(anonymous_10)
DA:1,1
DA:2,1
DA:8,1
DA:9,1
DA:10,1
DA:11,1
DA:12,1
DA:13,1
DA:14,1
DA:15,1
DA:16,1
DA:17,1
DA:29,1
DA:31,1
DA:32,1
DA:33,1
DA:34,1
DA:35,1
DA:36,1
DA:37,1
DA:38,1
DA:44,1
DA:45,0
DA:51,1
DA:52,0
DA:58,1
DA:59,0
DA:67,1
DA:68,0
DA:74,1
DA:75,0
DA:81,1
DA:82,0
DA:88,1
DA:89,0
DA:95,1
DA:96,0
LF:37
LH:29
BRDA:31,0,0,1
BRDA:31,0,1,0
BRDA:31,1,0,1
BRDA:31,1,1,1
BRDA:31,2,0,1
BRDA:31,2,1,0
BRDA:31,3,0,1
BRDA:31,3,1,1
BRDA:32,4,0,1
BRDA:32,4,1,0
BRDA:32,5,0,1
BRDA:32,5,1,1
BRDA:33,6,0,1
BRDA:33,6,1,0
BRDA:33,7,0,1
BRDA:33,7,1,1
BRDA:34,8,0,1
BRDA:34,8,1,0
BRDA:34,9,0,1
BRDA:34,9,1,1
BRDA:35,10,0,1
BRDA:35,10,1,0
BRDA:35,11,0,1
BRDA:35,11,1,1
BRDA:36,12,0,1
BRDA:36,12,1,0
BRDA:36,13,0,1
BRDA:36,13,1,1
BRDA:37,14,0,1
BRDA:37,14,1,0
BRDA:37,15,0,1
BRDA:37,15,1,1
BRF:32
BRH:24
end_of_record
TN:
SF:src\infrastructure\http\controllers\health.controller.ts
FN:9,(anonymous_2)
FN:15,(anonymous_3)
FNF:2
FNH:1
FNDA:1,(anonymous_2)
FNDA:0,(anonymous_3)
DA:1,1
DA:2,1
DA:3,1
DA:4,1
DA:8,1
DA:9,1
DA:15,1
DA:16,0
DA:18,0
DA:20,0
DA:29,0
LF:11
LH:7
BRDA:9,0,0,1
BRDA:9,0,1,0
BRDA:9,1,0,1
BRDA:9,1,1,1
BRF:4
BRH:3
end_of_record
TN:
SF:src\infrastructure\http\controllers\inventory.controller.ts
FN:26,(anonymous_4)
FN:41,(anonymous_5)
FN:52,(anonymous_6)
FN:67,(anonymous_7)
FN:88,(anonymous_8)
FNF:5
FNH:3
FNDA:9,(anonymous_4)
FNDA:0,(anonymous_5)
FNDA:0,(anonymous_6)
FNDA:1,(anonymous_7)
FNDA:1,(anonymous_8)
DA:1,2
DA:2,2
DA:8,2
DA:9,2
DA:10,2
DA:11,2
DA:12,2
DA:13,2
DA:14,2
DA:15,2
DA:16,2
DA:17,2
DA:19,2
DA:25,2
DA:27,9
DA:28,9
DA:29,9
DA:30,9
DA:31,9
DA:41,2
DA:42,0
DA:43,0
DA:52,2
DA:53,0
DA:54,0
DA:67,2
DA:71,1
DA:73,1
DA:78,1
DA:88,2
DA:92,1
DA:94,1
DA:103,1
DA:105,1
DA:107,1
LF:35
LH:31
BRDA:68,0,0,2
BRDA:68,0,1,0
BRDA:68,1,0,2
BRDA:68,1,1,2
BRDA:70,2,0,2
BRDA:70,2,1,0
BRDA:70,3,0,2
BRDA:70,3,1,2
BRDA:89,4,0,2
BRDA:89,4,1,0
BRDA:89,5,0,2
BRDA:89,5,1,2
BRDA:27,6,0,2
BRDA:27,6,1,0
BRDA:27,7,0,2
BRDA:27,7,1,2
BRDA:27,8,0,2
BRDA:27,8,1,0
BRDA:27,9,0,2
BRDA:27,9,1,2
BRDA:28,10,0,2
BRDA:28,10,1,0
BRDA:28,11,0,2
BRDA:28,11,1,2
BRDA:29,12,0,2
BRDA:29,12,1,0
BRDA:29,13,0,2
BRDA:29,13,1,2
BRDA:30,14,0,2
BRDA:30,14,1,0
BRDA:30,15,0,2
BRDA:30,15,1,2
BRF:32
BRH:24
end_of_record
TN:
SF:src\infrastructure\http\controllers\movement.controller.ts
FN:32,(anonymous_4)
FN:48,(anonymous_5)
FN:72,(anonymous_6)
FNF:3
FNH:2
FNDA:9,(anonymous_4)
FNDA:0,(anonymous_5)
FNDA:1,(anonymous_6)
DA:1,2
DA:12,2
DA:19,2
DA:20,2
DA:21,2
DA:22,2
DA:23,2
DA:24,2
DA:25,2
DA:31,2
DA:33,9
DA:34,9
DA:35,9
DA:48,2
DA:49,0
DA:50,0
DA:72,2
DA:73,1
DA:74,1
DA:83,1
DA:85,1
DA:90,0
DA:95,0
DA:97,0
LF:24
LH:19
BRDA:77,0,0,1
BRDA:77,0,1,0
BRDA:78,1,0,1
BRDA:78,1,1,1
BRDA:79,2,0,1
BRDA:79,2,1,1
BRDA:90,3,0,0
BRDA:90,3,1,0
BRDA:91,4,0,0
BRDA:91,4,1,0
BRDA:91,4,2,0
BRDA:72,5,0,2
BRDA:72,5,1,0
BRDA:72,6,0,2
BRDA:72,6,1,2
BRDA:33,7,0,2
BRDA:33,7,1,0
BRDA:33,8,0,2
BRDA:33,8,1,2
BRDA:33,9,0,2
BRDA:33,9,1,0
BRDA:33,10,0,2
BRDA:33,10,1,2
BRDA:34,11,0,2
BRDA:34,11,1,0
BRDA:34,12,0,2
BRDA:34,12,1,2
BRF:27
BRH:17
end_of_record
TN:
SF:src\infrastructure\http\controllers\nfe.controller.ts
FN:34,(anonymous_4)
FN:46,(anonymous_5)
FN:58,(anonymous_6)
FN:77,(anonymous_7)
FNF:4
FNH:1
FNDA:1,(anonymous_4)
FNDA:0,(anonymous_5)
FNDA:0,(anonymous_6)
FNDA:0,(anonymous_7)
DA:1,1
DA:13,1
DA:20,1
DA:21,1
DA:22,1
DA:23,1
DA:24,1
DA:25,1
DA:26,1
DA:33,1
DA:35,1
DA:36,1
DA:37,1
DA:46,1
DA:47,0
DA:48,0
DA:58,1
DA:59,0
DA:60,0
DA:77,1
DA:78,0
DA:79,0
DA:80,0
DA:94,0
DA:95,0
DA:97,0
DA:102,0
DA:104,0
LF:28
LH:16
BRDA:82,0,0,0
BRDA:82,0,1,0
BRDA:94,1,0,0
BRDA:94,1,1,0
BRDA:97,2,0,0
BRDA:97,2,1,0
BRDA:98,3,0,0
BRDA:98,3,1,0
BRDA:98,3,2,0
BRDA:77,4,0,1
BRDA:77,4,1,0
BRDA:77,5,0,1
BRDA:77,5,1,1
BRDA:35,6,0,1
BRDA:35,6,1,0
BRDA:35,7,0,1
BRDA:35,7,1,1
BRDA:35,8,0,1
BRDA:35,8,1,0
BRDA:35,9,0,1
BRDA:35,9,1,1
BRDA:36,10,0,1
BRDA:36,10,1,0
BRDA:36,11,0,1
BRDA:36,11,1,1
BRF:25
BRH:12
end_of_record
TN:
SF:src\infrastructure\http\controllers\order.controller.ts
FN:39,(anonymous_4)
FN:57,(anonymous_5)
FN:83,(anonymous_6)
FN:103,(anonymous_7)
FN:128,(anonymous_8)
FN:147,(anonymous_9)
FN:177,(anonymous_10)
FNF:7
FNH:3
FNDA:9,(anonymous_4)
FNDA:1,(anonymous_5)
FNDA:0,(anonymous_6)
FNDA:1,(anonymous_7)
FNDA:0,(anonymous_8)
FNDA:0,(anonymous_9)
FNDA:0,(anonymous_10)
DA:1,2
DA:12,2
DA:20,2
DA:21,2
DA:22,2
DA:23,2
DA:24,2
DA:25,2
DA:26,2
DA:27,2
DA:28,2
DA:29,2
DA:30,2
DA:32,2
DA:38,2
DA:40,9
DA:41,9
DA:42,9
DA:43,9
DA:44,9
DA:45,9
DA:46,9
DA:57,2
DA:62,1
DA:63,1
DA:69,0
DA:70,0
DA:72,0
DA:83,2
DA:84,0
DA:85,0
DA:103,2
DA:104,1
DA:105,1
DA:106,1
DA:107,1
DA:112,0
DA:117,0
DA:119,0
DA:128,2
DA:129,0
DA:130,0
DA:147,2
DA:148,0
DA:149,0
DA:154,0
DA:159,0
DA:160,0
DA:162,0
DA:177,2
DA:178,0
DA:179,0
DA:180,0
DA:181,0
DA:186,0
DA:187,0
DA:189,0
LF:57
LH:34
BRDA:65,0,0,1
BRDA:65,0,1,0
BRDA:66,1,0,1
BRDA:66,1,1,0
BRDA:69,2,0,0
BRDA:69,2,1,0
BRDA:112,3,0,0
BRDA:112,3,1,0
BRDA:113,4,0,0
BRDA:113,4,1,0
BRDA:113,4,2,0
BRDA:159,5,0,0
BRDA:159,5,1,0
BRDA:186,6,0,0
BRDA:186,6,1,0
BRDA:128,7,0,2
BRDA:128,7,1,0
BRDA:128,8,0,2
BRDA:128,8,1,2
BRDA:147,9,0,2
BRDA:147,9,1,0
BRDA:147,10,0,2
BRDA:147,10,1,2
BRDA:40,11,0,2
BRDA:40,11,1,0
BRDA:40,12,0,2
BRDA:40,12,1,2
BRDA:40,13,0,2
BRDA:40,13,1,0
BRDA:40,14,0,2
BRDA:40,14,1,2
BRDA:41,15,0,2
BRDA:41,15,1,0
BRDA:41,16,0,2
BRDA:41,16,1,2
BRDA:42,17,0,2
BRDA:42,17,1,0
BRDA:42,18,0,2
BRDA:42,18,1,2
BRDA:43,19,0,2
BRDA:43,19,1,0
BRDA:43,20,0,2
BRDA:43,20,1,2
BRDA:44,21,0,2
BRDA:44,21,1,0
BRDA:44,22,0,2
BRDA:44,22,1,2
BRDA:45,23,0,2
BRDA:45,23,1,0
BRDA:45,24,0,2
BRDA:45,24,1,2
BRF:51
BRH:29
end_of_record
TN:
SF:src\infrastructure\http\controllers\product.controller.ts
FN:32,(anonymous_4)
FN:43,(anonymous_5)
FN:71,(anonymous_6)
FN:98,(anonymous_7)
FNF:4
FNH:1
FNDA:1,(anonymous_4)
FNDA:0,(anonymous_5)
FNDA:0,(anonymous_6)
FNDA:0,(anonymous_7)
DA:1,1
DA:12,1
DA:19,1
DA:20,1
DA:21,1
DA:22,1
DA:23,1
DA:24,1
DA:31,1
DA:33,1
DA:34,1
DA:35,1
DA:43,1
DA:44,0
DA:45,0
DA:50,0
DA:55,0
DA:56,0
DA:58,0
DA:71,1
DA:72,0
DA:73,0
DA:74,0
DA:79,0
DA:83,0
DA:85,0
DA:98,1
DA:99,0
DA:100,0
LF:29
LH:15
BRDA:47,0,0,0
BRDA:47,0,1,0
BRDA:48,1,0,0
BRDA:48,1,1,0
BRDA:55,2,0,0
BRDA:55,2,1,0
BRDA:79,3,0,0
BRDA:79,3,1,0
BRDA:80,4,0,0
BRDA:80,4,1,0
BRDA:43,5,0,1
BRDA:43,5,1,0
BRDA:43,6,0,1
BRDA:43,6,1,1
BRDA:33,7,0,1
BRDA:33,7,1,0
BRDA:33,8,0,1
BRDA:33,8,1,1
BRDA:33,9,0,1
BRDA:33,9,1,0
BRDA:33,10,0,1
BRDA:33,10,1,1
BRDA:34,11,0,1
BRDA:34,11,1,0
BRDA:34,12,0,1
BRDA:34,12,1,1
BRF:26
BRH:12
end_of_record
TN:
SF:src\infrastructure\http\dtos\approve-adjustment-body.dto.ts
FNF:0
FNH:0
DA:1,2
DA:2,2
DA:4,2
DA:11,2
DA:18,2
LF:5
LH:5
BRF:0
BRH:0
end_of_record
TN:
SF:src\infrastructure\http\dtos\create-order.dto.ts
FN:19,(anonymous_2)
FNF:1
FNH:0
FNDA:0,(anonymous_2)
DA:1,2
DA:2,2
DA:6,2
DA:10,2
DA:13,2
DA:15,2
DA:19,0
DA:20,2
LF:8
LH:7
BRF:0
BRH:0
end_of_record
TN:
SF:src\infrastructure\http\dtos\login.dto.ts
FNF:0
FNH:0
DA:1,1
DA:3,1
DA:5,1
DA:9,1
LF:4
LH:4
BRF:0
BRH:0
end_of_record
TN:
SF:src\infrastructure\http\dtos\process-nfe.dto.ts
FNF:0
FNH:0
DA:1,1
DA:3,1
DA:6,1
LF:3
LH:3
BRF:0
BRH:0
end_of_record
TN:
SF:src\infrastructure\http\dtos\receive-batch.dto.ts
FNF:0
FNH:0
DA:1,2
DA:11,2
DA:14,2
DA:18,2
DA:22,2
DA:26,2
DA:30,2
DA:34,2
DA:38,2
LF:9
LH:9
BRF:0
BRH:0
end_of_record
TN:
SF:src\infrastructure\http\dtos\register-address.dto.ts
FNF:0
FNH:0
DA:1,2
DA:3,2
DA:6,2
DA:10,2
DA:14,2
LF:5
LH:5
BRF:0
BRH:0
end_of_record
TN:
SF:src\infrastructure\http\dtos\register-count-body.dto.ts
FNF:0
FNH:0
DA:1,2
DA:9,2
DA:11,2
DA:15,2
DA:20,2
DA:29,2
LF:6
LH:6
BRF:0
BRH:0
end_of_record
TN:
SF:src\infrastructure\http\dtos\register-movement.dto.ts
FNF:0
FNH:0
DA:1,2
DA:10,2
DA:14,2
DA:18,2
DA:22,2
DA:26,2
DA:30,2
DA:34,2
LF:8
LH:8
BRF:0
BRH:0
end_of_record
TN:
SF:src\infrastructure\http\dtos\register-product.dto.ts
FNF:0
FNH:0
DA:1,1
DA:3,1
DA:6,1
DA:10,1
DA:14,1
DA:18,1
DA:22,1
LF:7
LH:7
BRF:0
BRH:0
end_of_record
TN:
SF:src\infrastructure\http\dtos\register-user.dto.ts
FNF:0
FNH:0
DA:1,1
DA:3,1
DA:6,1
DA:9,1
DA:13,1
DA:17,1
LF:6
LH:6
BRF:0
BRH:0
end_of_record
TN:
SF:src\infrastructure\http\dtos\request-adjustment-body.dto.ts
FNF:0
FNH:0
DA:1,2
DA:8,2
DA:10,2
DA:14,2
DA:21,2
DA:29,2
LF:6
LH:6
BRF:0
BRH:0
end_of_record
TN:
SF:src\infrastructure\http\dtos\start-count-body.dto.ts
FNF:0
FNH:0
DA:1,2
DA:2,2
DA:4,2
DA:11,2
LF:4
LH:4
BRF:0
BRH:0
end_of_record
TN:
SF:src\infrastructure\http\dtos\start-count-response.dto.ts
FNF:0
FNH:0
DA:1,2
DA:3,2
DA:5,2
DA:8,2
DA:11,2
DA:14,2
DA:17,2
LF:7
LH:7
BRDA:17,0,0,2
BRDA:17,0,1,0
BRDA:17,1,0,2
BRDA:17,1,1,2
BRF:4
BRH:3
end_of_record
TN:
SF:src\infrastructure\http\dtos\suggest-putaway.dto.ts
FNF:0
FNH:0
DA:1,0
DA:3,0
DA:6,0
DA:11,0
LF:4
LH:0
BRF:0
BRH:0
end_of_record
TN:
SF:src\infrastructure\http\dtos\verify-order.dto.ts
FNF:0
FNH:0
DA:1,2
LF:1
LH:1
BRF:0
BRH:0
end_of_record
TN:
SF:src\infrastructure\http\filters\http-exception.filter.ts
FN:20,(anonymous_1)
FNF:1
FNH:1
FNDA:2,(anonymous_1)
DA:1,1
DA:10,1
DA:17,1
DA:18,1
DA:21,2
DA:22,2
DA:23,2
DA:28,2
DA:29,2
DA:30,2
DA:31,0
DA:33,0
DA:34,0
DA:35,0
DA:37,0
DA:38,0
DA:39,0
DA:41,0
DA:42,0
DA:45,0
DA:46,0
DA:49,2
DA:57,2
DA:58,0
DA:63,2
DA:66,2
LF:26
LH:14
BRDA:28,0,0,2
BRDA:28,0,1,0
BRDA:31,1,0,0
BRDA:31,1,1,0
BRDA:35,2,0,0
BRDA:35,2,1,0
BRDA:39,3,0,0
BRDA:39,3,1,0
BRDA:46,4,0,0
BRDA:46,4,1,0
BRDA:54,5,0,2
BRDA:54,5,1,0
BRDA:57,6,0,0
BRDA:57,6,1,2
BRF:14
BRH:3
end_of_record
TN:
SF:src\infrastructure\http\helpers\jwt-expiration.helper.ts
FN:28,resolveJwtExpiration
FNF:1
FNH:1
FNDA:12,resolveJwtExpiration
DA:19,2
DA:20,2
DA:28,2
DA:29,12
DA:30,2
DA:33,10
DA:34,4
DA:40,4
DA:43,6
LF:9
LH:9
BRDA:29,0,0,2
BRDA:29,0,1,10
BRDA:29,1,0,12
BRDA:29,1,1,11
BRDA:33,2,0,4
BRDA:33,2,1,6
BRF:6
BRH:6
end_of_record
TN:
SF:src\infrastructure\security\current-user.decorator.ts
FN:9,(anonymous_0)
FNF:1
FNH:0
FNDA:0,(anonymous_0)
DA:1,2
DA:8,2
DA:10,0
DA:11,0
DA:12,0
LF:5
LH:2
BRDA:12,0,0,0
BRDA:12,0,1,0
BRF:2
BRH:0
end_of_record
TN:
SF:src\infrastructure\security\custom-throttler.guard.ts
FN:6,(anonymous_1)
FNF:1
FNH:1
FNDA:1,(anonymous_1)
DA:1,1
DA:2,1
DA:5,1
DA:7,1
DA:8,1
DA:10,0
LF:6
LH:5
BRDA:7,0,0,1
BRDA:7,0,1,0
BRDA:7,1,0,1
BRDA:7,1,1,1
BRDA:10,2,0,0
BRDA:10,2,1,0
BRDA:10,3,0,0
BRDA:10,3,1,0
BRDA:10,4,0,0
BRDA:10,4,1,0
BRF:10
BRH:3
end_of_record
TN:
SF:src\infrastructure\security\hash.service.ts
FN:9,(anonymous_10)
FN:23,(anonymous_11)
FN:29,(anonymous_12)
FN:34,(anonymous_13)
FNF:4
FNH:3
FNDA:18,(anonymous_10)
FNDA:72,(anonymous_11)
FNDA:0,(anonymous_12)
FNDA:54,(anonymous_13)
DA:1,4
DA:2,4
DA:5,4
DA:11,18
DA:12,18
DA:15,18
DA:17,18
DA:24,72
DA:25,54
DA:28,18
DA:29,0
DA:32,18
DA:35,54
DA:36,54
LF:14
LH:13
BRDA:15,0,0,18
BRDA:15,0,1,8
BRDA:24,1,0,54
BRDA:24,1,1,18
BRDA:24,2,0,72
BRDA:24,2,1,72
BRDA:28,3,0,0
BRDA:28,3,1,18
BRF:8
BRH:7
end_of_record
TN:
SF:src\infrastructure\security\jwt-auth.guard.ts
FN:16,(anonymous_2)
FN:20,(anonymous_3)
FN:34,(anonymous_4)
FNF:3
FNH:3
FNDA:18,(anonymous_2)
FNDA:4,(anonymous_3)
FNDA:4,(anonymous_4)
DA:1,3
DA:6,3
DA:7,3
DA:8,3
DA:15,3
DA:16,18
DA:17,18
DA:22,4
DA:27,4
DA:28,0
DA:31,4
DA:35,4
DA:36,2
DA:40,2
LF:14
LH:13
BRDA:27,0,0,0
BRDA:27,0,1,4
BRDA:35,1,0,2
BRDA:35,1,1,2
BRDA:35,2,0,4
BRDA:35,2,1,4
BRDA:37,3,0,2
BRDA:37,3,1,2
BRDA:16,4,0,3
BRDA:16,4,1,0
BRDA:16,5,0,3
BRDA:16,5,1,3
BRF:12
BRH:10
end_of_record
TN:
SF:src\infrastructure\security\jwt.strategy.ts
FN:13,(anonymous_2)
FN:20,(anonymous_3)
FN:28,(anonymous_4)
FNF:3
FNH:3
FNDA:1,(anonymous_2)
FNDA:4,(anonymous_3)
FNDA:2,(anonymous_4)
DA:1,1
DA:2,1
DA:3,1
DA:12,1
DA:14,1
DA:15,1
DA:16,0
DA:18,1
DA:20,4
DA:29,2
LF:10
LH:9
BRDA:15,0,0,0
BRDA:15,0,1,1
BRDA:20,1,0,4
BRDA:20,1,1,4
BRF:4
BRH:3
end_of_record
TN:
SF:src\infrastructure\security\public.decorator.ts
FN:5,(anonymous_0)
FNF:1
FNH:1
FNDA:5,(anonymous_0)
DA:1,4
DA:4,4
DA:5,5
LF:3
LH:3
BRF:0
BRH:0
end_of_record
TN:
SF:src\infrastructure\security\retention.guard.ts
FN:16,(anonymous_1)
FN:33,(anonymous_2)
FNF:2
FNH:2
FNDA:6,(anonymous_1)
FNDA:1,(anonymous_2)
DA:1,3
DA:9,3
DA:10,3
DA:17,6
DA:18,6
DA:19,6
DA:23,6
DA:24,4
DA:34,1
DA:35,1
DA:36,1
LF:11
LH:11
BRDA:23,0,0,4
BRDA:23,0,1,2
BRF:2
BRH:2
end_of_record
TN:
SF:src\infrastructure\security\roles.decorator.ts
FN:3,(anonymous_0)
FN:10,(anonymous_1)
FNF:2
FNH:2
FNDA:4,(anonymous_0)
FNDA:52,(anonymous_1)
DA:1,4
DA:3,4
DA:4,4
DA:5,4
DA:6,4
DA:9,4
DA:10,52
LF:7
LH:7
BRDA:3,0,0,4
BRDA:3,0,1,4
BRF:2
BRH:2
end_of_record
TN:
SF:src\infrastructure\security\roles.guard.ts
FN:14,(anonymous_2)
FN:16,(anonymous_3)
FN:30,(anonymous_4)
FNF:3
FNH:3
FNDA:5,(anonymous_2)
FNDA:5,(anonymous_3)
FNDA:3,(anonymous_4)
DA:1,2
DA:7,2
DA:8,2
DA:11,2
DA:12,5
DA:14,5
DA:17,5
DA:22,5
DA:23,1
DA:26,4
DA:30,4
DA:32,4
DA:33,2
DA:34,2
DA:39,4
LF:15
LH:15
BRDA:22,0,0,1
BRDA:22,0,1,4
BRDA:30,1,0,4
BRDA:30,1,1,3
BRDA:32,2,0,2
BRDA:32,2,1,2
BRDA:35,3,0,2
BRDA:35,3,1,2
BRDA:35,4,0,2
BRDA:35,4,1,1
BRDA:14,5,0,2
BRDA:14,5,1,0
BRDA:14,6,0,2
BRDA:14,6,1,2
BRF:14
BRH:13
end_of_record
TN:
SF:src\infrastructure\websocket\dashboard.gateway.ts
FN:28,(anonymous_2)
FN:30,(anonymous_3)
FN:33,(anonymous_4)
FN:37,(anonymous_5)
FN:38,(anonymous_6)
FN:68,(anonymous_7)
FN:72,(anonymous_8)
FN:76,(anonymous_9)
FN:16,(anonymous_10)
FNF:9
FNH:7
FNDA:14,(anonymous_2)
FNDA:14,(anonymous_3)
FNDA:11,(anonymous_4)
FNDA:5,(anonymous_5)
FNDA:5,(anonymous_6)
FNDA:0,(anonymous_7)
FNDA:0,(anonymous_8)
FNDA:2,(anonymous_9)
FNDA:3,(anonymous_10)
DA:1,3
DA:8,3
DA:9,3
DA:10,3
DA:16,3
DA:20,3
DA:24,3
DA:26,14
DA:28,14
DA:31,14
DA:33,14
DA:34,11
DA:36,11
DA:37,5
DA:38,5
DA:39,4
DA:40,3
DA:44,11
DA:45,3
DA:48,11
DA:49,1
DA:52,11
DA:53,4
DA:54,4
DA:57,7
DA:58,7
DA:59,4
DA:60,4
DA:62,3
DA:63,3
DA:69,0
DA:73,0
DA:77,2
DA:78,1
DA:79,1
LF:35
LH:33
BRDA:36,0,0,4
BRDA:36,0,1,7
BRDA:39,1,0,3
BRDA:39,1,1,1
BRDA:44,2,0,3
BRDA:44,2,1,8
BRDA:44,3,0,11
BRDA:44,3,1,8
BRDA:48,4,0,1
BRDA:48,4,1,10
BRDA:48,5,0,11
BRDA:48,5,1,5
BRDA:52,6,0,4
BRDA:52,6,1,7
BRDA:77,7,0,1
BRDA:77,7,1,1
BRDA:24,8,0,3
BRDA:24,8,1,0
BRDA:24,9,0,3
BRDA:24,9,1,3
BRDA:15,10,0,3
BRDA:15,10,1,3
BRDA:28,11,0,3
BRDA:28,11,1,0
BRDA:28,12,0,3
BRDA:28,12,1,3
BRF:26
BRH:24
end_of_record
TN:
SF:src\infrastructure\websocket\websocket.module.ts
FNF:0
FNH:0
DA:1,1
DA:2,1
DA:3,1
DA:11,1
LF:4
LH:4
BRF:0
BRH:0
end_of_record
